#
# There is insufficient memory for the Java Runtime Environment to continue.
# Native memory allocation (malloc) failed to allocate 32744 bytes for ChunkPool::allocate
# Possible reasons:
#   The system is out of physical RAM or swap space
#   The process is running with CompressedOops enabled, and the Java Heap may be blocking the growth of the native heap
# Possible solutions:
#   Reduce memory load on the system
#   Increase physical memory or swap space
#   Check if swap backing store is full
#   Decrease Java heap size (-Xmx/-Xms)
#   Decrease number of Java threads
#   Decrease Java thread stack sizes (-Xss)
#   Set larger code cache with -XX:ReservedCodeCacheSize=
#   JVM is running with Unscaled Compressed Oops mode in which the Java heap is
#     placed in the first 4GB address space. The Java Heap base address is the
#     maximum limit for the native heap growth. Please use -XX:HeapBaseMinAddress
#     to set the Java Heap base and to place the Java Heap above 4GB virtual address.
# This output file may be truncated or incomplete.
#
#  Out of Memory Error (allocation.cpp:272), pid=6264, tid=0x00000000000037d4
#
# JRE version: OpenJDK Runtime Environment (8.0_202-b03) (build 1.8.0_202-release-1483-b03)
# Java VM: OpenJDK 64-Bit Server VM (25.202-b03 mixed mode windows-amd64 compressed oops)
# Failed to write core dump. Minidumps are not enabled by default on client versions of Windows
#

---------------  T H R E A D  ---------------

Current thread (0x0000000018534800):  JavaThread "C2 CompilerThread0" daemon [_thread_in_native, id=14292, stack(0x0000000019a30000,0x0000000019b30000)]

Stack: [0x0000000019a30000,0x0000000019b30000]
[error occurred during error reporting (printing stack bounds), id 0xc0000005]

Native frames: (J=compiled Java code, j=interpreted, Vv=VM code, C=native code)


Current CompileTask:
C2:   2708 1445   !   4       java.net.URLClassLoader$1::run (63 bytes)


---------------  P R O C E S S  ---------------

Java Threads: ( => current thread )
  0x0000000018550000 JavaThread "Cache worker for file hash cache (F:\develop\project\github\imToken\.gradle\5.4.1\fileHashes)" [_thread_blocked, id=18012, stack(0x000000001fdb0000,0x000000001feb0000)]
  0x000000001854b800 JavaThread "Cache worker for journal cache (C:\Users\Administrator\.gradle\caches\journal-1)" [_thread_blocked, id=13688, stack(0x000000001db10000,0x000000001dc10000)]
  0x000000001854e000 JavaThread "File lock request listener" [_thread_in_native, id=5008, stack(0x000000001da10000,0x000000001db10000)]
  0x000000001bb38000 JavaThread "Cache worker for file hash cache (C:\Users\Administrator\.gradle\caches\5.4.1\fileHashes)" [_thread_blocked, id=3692, stack(0x000000001d710000,0x000000001d810000)]
  0x000000001b5df000 JavaThread "Thread-9" [_thread_blocked, id=9120, stack(0x000000001d610000,0x000000001d710000)]
  0x000000001bc6c800 JavaThread "Stdin handler" [_thread_blocked, id=14828, stack(0x000000001d510000,0x000000001d610000)]
  0x000000001bc67000 JavaThread "Asynchronous log dispatcher for DefaultDaemonConnection: socket connection from /127.0.0.1:57093 to /127.0.0.1:57094" [_thread_blocked, id=2536, stack(0x000000001d410000,0x000000001d510000)]
  0x000000001bc6e800 JavaThread "Daemon worker" [_thread_in_Java, id=12004, stack(0x000000001d310000,0x000000001d410000)]
  0x000000001b1b6800 JavaThread "Cancel handler" [_thread_blocked, id=9592, stack(0x000000001d210000,0x000000001d310000)]
  0x000000001b09d800 JavaThread "Handler for socket connection from /127.0.0.1:57093 to /127.0.0.1:57094" [_thread_in_native, id=4504, stack(0x000000001cf10000,0x000000001d010000)]
  0x000000001b09c000 JavaThread "Daemon" [_thread_blocked, id=16932, stack(0x000000001ce10000,0x000000001cf10000)]
  0x000000001af54000 JavaThread "Daemon periodic checks" [_thread_blocked, id=16636, stack(0x000000001cd10000,0x000000001ce10000)]
  0x000000001b684800 JavaThread "Incoming local TCP Connector on port 57093" [_thread_in_native, id=6568, stack(0x000000001cb60000,0x000000001cc60000)]
  0x000000001b68f000 JavaThread "Daemon health stats" [_thread_blocked, id=6644, stack(0x000000001c840000,0x000000001c940000)]
  0x00000000185df000 JavaThread "Service Thread" daemon [_thread_blocked, id=17488, stack(0x0000000019e30000,0x0000000019f30000)]
  0x000000001854c000 JavaThread "C1 CompilerThread3" daemon [_thread_in_native, id=12156, stack(0x0000000019d30000,0x0000000019e30000)]
  0x000000001854d000 JavaThread "C2 CompilerThread2" daemon [_thread_in_native, id=17428, stack(0x0000000019c30000,0x0000000019d30000)]
  0x000000001853b800 JavaThread "C2 CompilerThread1" daemon [_thread_blocked, id=2028, stack(0x0000000019b30000,0x0000000019c30000)]
=>0x0000000018534800 JavaThread "C2 CompilerThread0" daemon [_thread_in_native, id=14292, stack(0x0000000019a30000,0x0000000019b30000)]
  0x0000000018530000 JavaThread "Attach Listener" daemon [_thread_blocked, id=3876, stack(0x0000000019930000,0x0000000019a30000)]
  0x000000001852e000 JavaThread "Signal Dispatcher" daemon [_thread_blocked, id=1656, stack(0x0000000019830000,0x0000000019930000)]
  0x0000000002e0a000 JavaThread "Finalizer" daemon [_thread_blocked, id=12752, stack(0x0000000019730000,0x0000000019830000)]
  0x0000000016dcc800 JavaThread "Reference Handler" daemon [_thread_blocked, id=17572, stack(0x0000000019630000,0x0000000019730000)]
  0x0000000002d0e000 JavaThread "main" [_thread_blocked, id=2088, stack(0x0000000002b90000,0x0000000002c90000)]

Other Threads:
  0x00000000184a2800 VMThread [stack: 0x0000000019530000,0x0000000019630000] [id=16784]
  0x000000001859b000 WatcherThread [stack: 0x0000000019f30000,0x000000001a030000] [id=17948]

VM state:not at safepoint (normal execution)

VM Mutex/Monitor currently owned by a thread: None

heap address: 0x00000000a0000000, size: 1536 MB, Compressed Oops mode: 32-bit
Narrow klass base: 0x0000000000000000, Narrow klass shift: 3
Compressed class space size: 1073741824 Address: 0x0000000100000000

Heap:
 PSYoungGen      total 76288K, used 32001K [0x00000000e0000000, 0x00000000e5500000, 0x0000000100000000)
  eden space 65536K, 32% used [0x00000000e0000000,0x00000000e151c4d0,0x00000000e4000000)
  from space 10752K, 96% used [0x00000000e4a80000,0x00000000e54a4100,0x00000000e5500000)
  to   space 10752K, 0% used [0x00000000e4000000,0x00000000e4000000,0x00000000e4a80000)
 ParOldGen       total 175104K, used 24K [0x00000000a0000000, 0x00000000aab00000, 0x00000000e0000000)
  object space 175104K, 0% used [0x00000000a0000000,0x00000000a0006000,0x00000000aab00000)
 Metaspace       used 17259K, capacity 17756K, committed 18048K, reserved 1064960K
  class space    used 2484K, capacity 2620K, committed 2688K, reserved 1048576K

Card table byte_map: [0x00000000121d0000,0x00000000124e0000] byte_map_base: 0x0000000011cd0000

Marking Bits: (ParMarkBitMap*) 0x000000006ec19f30
 Begin Bits: [0x00000000130e0000, 0x00000000148e0000)
 End Bits:   [0x00000000148e0000, 0x00000000160e0000)

Polling page: 0x0000000000b50000

CodeCache: size=245760Kb used=5459Kb max_used=5459Kb free=240300Kb
 bounds [0x0000000002e10000, 0x0000000003370000, 0x0000000011e10000]
 total_blobs=1955 nmethods=1555 adapters=314
 compilation: enabled

Compilation events (10 events):
Event: 2.696 Thread 0x000000001854c000 1554       3       java.lang.reflect.Constructor::setConstructorAccessor (21 bytes)
Event: 2.696 Thread 0x000000001854c000 nmethod 1554 0x0000000003361790 code [0x0000000003361900, 0x0000000003361ca8]
Event: 2.702 Thread 0x000000001854c000 1555       3       java.lang.reflect.Modifier::isPrivate (12 bytes)
Event: 2.702 Thread 0x000000001854c000 nmethod 1555 0x0000000003361450 code [0x00000000033615a0, 0x0000000003361730]
Event: 2.702 Thread 0x000000001854c000 1556       3       java.lang.String::compareTo (9 bytes)
Event: 2.703 Thread 0x000000001854c000 nmethod 1556 0x0000000003360f50 code [0x00000000033610c0, 0x00000000033613a8]
Event: 2.706 Thread 0x000000001854c000 1557       3       java.util.TreeMap::getEntry (84 bytes)
Event: 2.706 Thread 0x000000001854c000 nmethod 1557 0x0000000003366ed0 code [0x0000000003367080, 0x0000000003367708]
Event: 2.706 Thread 0x000000001854c000 1558       1       java.util.TreeMap::access$100 (5 bytes)
Event: 2.706 Thread 0x000000001854c000 nmethod 1558 0x0000000003367910 code [0x0000000003367a60, 0x0000000003367b50]

GC Heap History (4 events):
Event: 1.413 GC heap before
{Heap before GC invocations=1 (full 0):
 PSYoungGen      total 76288K, used 65536K [0x00000000e0000000, 0x00000000e5500000, 0x0000000100000000)
  eden space 65536K, 100% used [0x00000000e0000000,0x00000000e4000000,0x00000000e4000000)
  from space 10752K, 0% used [0x00000000e4a80000,0x00000000e4a80000,0x00000000e5500000)
  to   space 10752K, 0% used [0x00000000e4000000,0x00000000e4000000,0x00000000e4a80000)
 ParOldGen       total 175104K, used 0K [0x00000000a0000000, 0x00000000aab00000, 0x00000000e0000000)
  object space 175104K, 0% used [0x00000000a0000000,0x00000000a0000000,0x00000000aab00000)
 Metaspace       used 8292K, capacity 8566K, committed 8832K, reserved 1056768K
  class space    used 1050K, capacity 1113K, committed 1152K, reserved 1048576K
Event: 1.421 GC heap after
Heap after GC invocations=1 (full 0):
 PSYoungGen      total 76288K, used 6975K [0x00000000e0000000, 0x00000000e5500000, 0x0000000100000000)
  eden space 65536K, 0% used [0x00000000e0000000,0x00000000e0000000,0x00000000e4000000)
  from space 10752K, 64% used [0x00000000e4000000,0x00000000e46cfcd8,0x00000000e4a80000)
  to   space 10752K, 0% used [0x00000000e4a80000,0x00000000e4a80000,0x00000000e5500000)
 ParOldGen       total 175104K, used 16K [0x00000000a0000000, 0x00000000aab00000, 0x00000000e0000000)
  object space 175104K, 0% used [0x00000000a0000000,0x00000000a0004000,0x00000000aab00000)
 Metaspace       used 8292K, capacity 8566K, committed 8832K, reserved 1056768K
  class space    used 1050K, capacity 1113K, committed 1152K, reserved 1048576K
}
Event: 2.457 GC heap before
{Heap before GC invocations=2 (full 0):
 PSYoungGen      total 76288K, used 72511K [0x00000000e0000000, 0x00000000e5500000, 0x0000000100000000)
  eden space 65536K, 100% used [0x00000000e0000000,0x00000000e4000000,0x00000000e4000000)
  from space 10752K, 64% used [0x00000000e4000000,0x00000000e46cfcd8,0x00000000e4a80000)
  to   space 10752K, 0% used [0x00000000e4a80000,0x00000000e4a80000,0x00000000e5500000)
 ParOldGen       total 175104K, used 16K [0x00000000a0000000, 0x00000000aab00000, 0x00000000e0000000)
  object space 175104K, 0% used [0x00000000a0000000,0x00000000a0004000,0x00000000aab00000)
 Metaspace       used 15443K, capacity 15868K, committed 16000K, reserved 1062912K
  class space    used 2190K, capacity 2332K, committed 2432K, reserved 1048576K
Event: 2.468 GC heap after
Heap after GC invocations=2 (full 0):
 PSYoungGen      total 76288K, used 10384K [0x00000000e0000000, 0x00000000e5500000, 0x0000000100000000)
  eden space 65536K, 0% used [0x00000000e0000000,0x00000000e0000000,0x00000000e4000000)
  from space 10752K, 96% used [0x00000000e4a80000,0x00000000e54a4100,0x00000000e5500000)
  to   space 10752K, 0% used [0x00000000e4000000,0x00000000e4000000,0x00000000e4a80000)
 ParOldGen       total 175104K, used 24K [0x00000000a0000000, 0x00000000aab00000, 0x00000000e0000000)
  object space 175104K, 0% used [0x00000000a0000000,0x00000000a0006000,0x00000000aab00000)
 Metaspace       used 15443K, capacity 15868K, committed 16000K, reserved 1062912K
  class space    used 2190K, capacity 2332K, committed 2432K, reserved 1048576K
}

Deoptimization events (10 events):
Event: 2.016 Thread 0x000000001bc6e800 Uncommon trap: reason=bimorphic action=maybe_recompile pc=0x000000000307f238 method=java.util.HashMap.putVal(ILjava/lang/Object;Ljava/lang/Object;ZZ)Ljava/lang/Object; @ 253
Event: 2.016 Thread 0x000000001bc6e800 Uncommon trap: reason=bimorphic action=maybe_recompile pc=0x000000000307f238 method=java.util.HashMap.putVal(ILjava/lang/Object;Ljava/lang/Object;ZZ)Ljava/lang/Object; @ 253
Event: 2.016 Thread 0x000000001bc6e800 Uncommon trap: reason=bimorphic action=maybe_recompile pc=0x000000000307f238 method=java.util.HashMap.putVal(ILjava/lang/Object;Ljava/lang/Object;ZZ)Ljava/lang/Object; @ 253
Event: 2.017 Thread 0x000000001bc6e800 Uncommon trap: reason=bimorphic action=maybe_recompile pc=0x000000000307f238 method=java.util.HashMap.putVal(ILjava/lang/Object;Ljava/lang/Object;ZZ)Ljava/lang/Object; @ 253
Event: 2.017 Thread 0x000000001bc6e800 Uncommon trap: reason=bimorphic action=maybe_recompile pc=0x000000000308cc58 method=java.util.HashMap.putVal(ILjava/lang/Object;Ljava/lang/Object;ZZ)Ljava/lang/Object; @ 253
Event: 2.194 Thread 0x000000001bc6e800 Uncommon trap: reason=class_check action=maybe_recompile pc=0x00000000030e0418 method=java.util.regex.Matcher.match(II)Z @ 86
Event: 2.207 Thread 0x000000001bc6e800 Uncommon trap: reason=class_check action=maybe_recompile pc=0x00000000030e0418 method=java.util.regex.Matcher.match(II)Z @ 86
Event: 2.207 Thread 0x000000001bc6e800 Uncommon trap: reason=class_check action=maybe_recompile pc=0x00000000030e0418 method=java.util.regex.Matcher.match(II)Z @ 86
Event: 2.207 Thread 0x000000001bc6e800 Uncommon trap: reason=class_check action=maybe_recompile pc=0x00000000030a831c method=java.util.regex.Matcher.match(II)Z @ 86
Event: 2.425 Thread 0x000000001bc6e800 Uncommon trap: reason=unstable_if action=reinterpret pc=0x00000000031dbf74 method=java.lang.String.lastIndexOf([CII[CIII)I @ 66

Classes redefined (0 events):
No events

Internal exceptions (10 events):
Event: 1.966 Thread 0x000000001b09d800 Exception <a 'java/lang/NoSuchMethodError': <clinit>> (0x00000000e0f65ca8) thrown at [D:\src\AOSP-openjdk-cygwin\jdk8u\hotspot\src\share\vm\prims\jni.cpp, line 1614]
Event: 1.969 Thread 0x000000001b09d800 Exception <a 'java/lang/NoSuchMethodError': <clinit>> (0x00000000e0f78e68) thrown at [D:\src\AOSP-openjdk-cygwin\jdk8u\hotspot\src\share\vm\prims\jni.cpp, line 1614]
Event: 1.972 Thread 0x000000001b09d800 Exception <a 'java/lang/NoSuchMethodError': <clinit>> (0x00000000e0fa0318) thrown at [D:\src\AOSP-openjdk-cygwin\jdk8u\hotspot\src\share\vm\prims\jni.cpp, line 1614]
Event: 1.973 Thread 0x000000001b09d800 Exception <a 'java/lang/NoSuchMethodError': <clinit>> (0x00000000e0fb8410) thrown at [D:\src\AOSP-openjdk-cygwin\jdk8u\hotspot\src\share\vm\prims\jni.cpp, line 1614]
Event: 1.974 Thread 0x000000001b09d800 Exception <a 'java/lang/NoSuchMethodError': <clinit>> (0x00000000e0fc10a0) thrown at [D:\src\AOSP-openjdk-cygwin\jdk8u\hotspot\src\share\vm\prims\jni.cpp, line 1614]
Event: 1.976 Thread 0x000000001b09d800 Exception <a 'java/lang/NoSuchMethodError': <clinit>> (0x00000000e0fd7860) thrown at [D:\src\AOSP-openjdk-cygwin\jdk8u\hotspot\src\share\vm\prims\jni.cpp, line 1614]
Event: 1.984 Thread 0x000000001b09d800 Exception <a 'java/lang/NoSuchMethodError': <clinit>> (0x00000000e1035108) thrown at [D:\src\AOSP-openjdk-cygwin\jdk8u\hotspot\src\share\vm\prims\jni.cpp, line 1614]
Event: 1.987 Thread 0x000000001b09d800 Exception <a 'java/lang/NoSuchMethodError': <clinit>> (0x00000000e1061da8) thrown at [D:\src\AOSP-openjdk-cygwin\jdk8u\hotspot\src\share\vm\prims\jni.cpp, line 1614]
Event: 1.991 Thread 0x000000001b09d800 Exception <a 'java/lang/NoSuchMethodError': <clinit>> (0x00000000e108fe78) thrown at [D:\src\AOSP-openjdk-cygwin\jdk8u\hotspot\src\share\vm\prims\jni.cpp, line 1614]
Event: 1.992 Thread 0x000000001b09d800 Exception <a 'java/lang/NoSuchMethodError': <clinit>> (0x00000000e109b280) thrown at [D:\src\AOSP-openjdk-cygwin\jdk8u\hotspot\src\share\vm\prims\jni.cpp, line 1614]

Events (10 events):
Event: 2.702 loading class org/gradle/api/plugins/PluginContainer
Event: 2.702 loading class org/gradle/api/plugins/PluginContainer done
Event: 2.703 loading class org/gradle/api/plugins/PluginCollection
Event: 2.703 loading class org/gradle/api/plugins/PluginCollection done
Event: 2.703 loading class org/gradle/api/DomainObjectSet
Event: 2.703 loading class org/gradle/api/DomainObjectSet done
Event: 2.703 loading class org/gradle/api/DomainObjectCollection
Event: 2.703 loading class org/gradle/api/DomainObjectCollection done
Event: 2.705 loading class org/gradle/configuration/ConfigurationTargetIdentifier
Event: 2.705 loading class org/gradle/configuration/ConfigurationTargetIdentifier done


Dynamic libraries:
0x00007ff75e580000 - 0x00007ff75e5b1000 	F:\develop\soft\android-studio-3.5.2\jre\bin\java.exe
0x00007ffb186b0000 - 0x00007ffb188a5000 	C:\Windows\SYSTEM32\ntdll.dll
0x00007ffb185b0000 - 0x00007ffb1866d000 	C:\Windows\System32\KERNEL32.DLL
0x00007ffb15fb0000 - 0x00007ffb16278000 	C:\Windows\System32\KERNELBASE.dll
0x00007ffb18030000 - 0x00007ffb180dc000 	C:\Windows\System32\ADVAPI32.dll
0x00007ffb16730000 - 0x00007ffb167ce000 	C:\Windows\System32\msvcrt.dll
0x00007ffb16860000 - 0x00007ffb168fb000 	C:\Windows\System32\sechost.dll
0x00007ffb16c30000 - 0x00007ffb16d5b000 	C:\Windows\System32\RPCRT4.dll
0x00007ffb18380000 - 0x00007ffb18520000 	C:\Windows\System32\USER32.dll
0x00007ffb15ed0000 - 0x00007ffb15ef2000 	C:\Windows\System32\win32u.dll
0x00007ffb182a0000 - 0x00007ffb182ca000 	C:\Windows\System32\GDI32.dll
0x00007ffb16470000 - 0x00007ffb1657b000 	C:\Windows\System32\gdi32full.dll
0x00007ffb16380000 - 0x00007ffb1641d000 	C:\Windows\System32\msvcp_win.dll
0x00007ffb16280000 - 0x00007ffb16380000 	C:\Windows\System32\ucrtbase.dll
0x00007ffb08490000 - 0x00007ffb0872a000 	C:\Windows\WinSxS\amd64_microsoft.windows.common-controls_6595b64144ccf1df_6.0.19041.844_none_ca00b6081b84eb1d\COMCTL32.dll
0x00007ffb18580000 - 0x00007ffb185b0000 	C:\Windows\System32\IMM32.DLL
0x000000006e370000 - 0x000000006e442000 	F:\develop\soft\android-studio-3.5.2\jre\jre\bin\msvcr100.dll
0x000000006e450000 - 0x000000006ec96000 	F:\develop\soft\android-studio-3.5.2\jre\jre\bin\server\jvm.dll
0x00007ffb16720000 - 0x00007ffb16728000 	C:\Windows\System32\PSAPI.DLL
0x00007ffb0d360000 - 0x00007ffb0d369000 	C:\Windows\SYSTEM32\WSOCK32.dll
0x00007ffb0ff10000 - 0x00007ffb0ff1a000 	C:\Windows\SYSTEM32\VERSION.dll
0x00007ffb0a090000 - 0x00007ffb0a0b7000 	C:\Windows\SYSTEM32\WINMM.dll
0x00007ffb16a90000 - 0x00007ffb16afb000 	C:\Windows\System32\WS2_32.dll
0x00007ffb0b680000 - 0x00007ffb0b68f000 	F:\develop\soft\android-studio-3.5.2\jre\jre\bin\verify.dll
0x00007ffb02d50000 - 0x00007ffb02d79000 	F:\develop\soft\android-studio-3.5.2\jre\jre\bin\java.dll
0x00007ffb0a0c0000 - 0x00007ffb0a0d6000 	F:\develop\soft\android-studio-3.5.2\jre\jre\bin\zip.dll
0x00007ffb17270000 - 0x00007ffb179b2000 	C:\Windows\System32\SHELL32.dll
0x00007ffb13f50000 - 0x00007ffb146e1000 	C:\Windows\SYSTEM32\windows.storage.dll
0x00007ffb16f10000 - 0x00007ffb17265000 	C:\Windows\System32\combase.dll
0x00007ffb15860000 - 0x00007ffb1588c000 	C:\Windows\SYSTEM32\Wldp.dll
0x00007ffb182d0000 - 0x00007ffb1837e000 	C:\Windows\System32\SHCORE.dll
0x00007ffb18520000 - 0x00007ffb18575000 	C:\Windows\System32\shlwapi.dll
0x00007ffb15d30000 - 0x00007ffb15d4f000 	C:\Windows\SYSTEM32\profapi.dll
0x00007ffb02d30000 - 0x00007ffb02d4a000 	F:\develop\soft\android-studio-3.5.2\jre\jre\bin\net.dll
0x00007ffb15560000 - 0x00007ffb155ca000 	C:\Windows\system32\mswsock.dll
0x00007ffb02d10000 - 0x00007ffb02d21000 	F:\develop\soft\android-studio-3.5.2\jre\jre\bin\nio.dll
0x00007ffaf68b0000 - 0x00007ffaf68d6000 	C:\Users\Administrator\.gradle\native\29\windows-amd64\native-platform.dll
0x00007ffb0ad30000 - 0x00007ffb0ad3d000 	F:\develop\soft\android-studio-3.5.2\jre\jre\bin\management.dll
0x00007ffb15730000 - 0x00007ffb15748000 	C:\Windows\SYSTEM32\CRYPTSP.dll
0x00007ffb14ea0000 - 0x00007ffb14ed4000 	C:\Windows\system32\rsaenh.dll
0x00007ffb16580000 - 0x00007ffb165a7000 	C:\Windows\System32\bcrypt.dll
0x00007ffb15cb0000 - 0x00007ffb15cde000 	C:\Windows\SYSTEM32\USERENV.dll
0x00007ffb15e50000 - 0x00007ffb15ed0000 	C:\Windows\System32\bcryptprimitives.dll
0x00007ffb15750000 - 0x00007ffb1575c000 	C:\Windows\SYSTEM32\CRYPTBASE.dll
0x00007ffb151f0000 - 0x00007ffb1522b000 	C:\Windows\SYSTEM32\IPHLPAPI.DLL
0x00007ffb169d0000 - 0x00007ffb169d8000 	C:\Windows\System32\NSI.dll
0x00007ffb10110000 - 0x00007ffb10127000 	C:\Windows\SYSTEM32\dhcpcsvc6.DLL
0x00007ffb10070000 - 0x00007ffb1008d000 	C:\Windows\SYSTEM32\dhcpcsvc.DLL
0x00007ffb15230000 - 0x00007ffb152fc000 	C:\Windows\SYSTEM32\DNSAPI.dll

VM Arguments:
jvm_args: -Xmx1536m -Dfile.encoding=GBK -Duser.country=CN -Duser.language=zh -Duser.variant 
java_command: org.gradle.launcher.daemon.bootstrap.GradleDaemon 5.4.1
java_class_path (initial): C:\Users\Administrator\.gradle\wrapper\dists\gradle-5.4.1-all\3221gyojl5jsh0helicew7rwx\gradle-5.4.1\lib\gradle-launcher-5.4.1.jar
Launcher Type: SUN_STANDARD

Environment Variables:
JAVA_HOME=C:\Program Files\Java\jdk-15.0.1
PATH=C:\Program Files\Common Files\Oracle\Java\javapath;C:\Windows\system32;C:\Windows;C:\Windows\System32\Wbem;C:\Windows\System32\WindowsPowerShell\v1.0\;C:\Windows\System32\OpenSSH\;C:\Program Files (x86)\Yozosoft\Yozo_Office\Lib\xuggler\bin;C:\Program Files\Git\cmd;E:\develop\resourse\flutter\bin;C:\Program Files\Java\jdk-15.0.1\bin;C:\Users\Administrator\AppData\Local\Microsoft\WindowsApps;;E:\program files\Fiddler
USERNAME=Administrator
OS=Windows_NT
PROCESSOR_IDENTIFIER=Intel64 Family 6 Model 44 Stepping 2, GenuineIntel



---------------  S Y S T E M  ---------------

OS: Windows 10.0 , 64 bit Build 19041 (10.0.19041.928)

CPU:total 12 (initial active 12) (6 cores per cpu, 2 threads per core) family 6 model 44 stepping 2, cmov, cx8, fxsr, mmx, sse, sse2, sse3, ssse3, sse4.1, sse4.2, popcnt, aes, clmul, ht, tsc, tscinvbit, tscinv

Memory: 4k page, physical 16768240k(9145736k free), swap 29875692k(5128k free)

vm_info: OpenJDK 64-Bit Server VM (25.202-b03) for windows-amd64 JRE (1.8.0_202-release-1483-b03), built by "builder" with MS VC++ 10.0 (VS2010)

time: Tue May 11 21:22:50 2021
timezone: 中国标准时间
elapsed time: 2 seconds (0d 0h 0m 2s)

