#
# There is insufficient memory for the Java Runtime Environment to continue.
# Native memory allocation (malloc) failed to allocate 1453456 bytes for Chunk::new
# Possible reasons:
#   The system is out of physical RAM or swap space
#   The process is running with CompressedOops enabled, and the Java Heap may be blocking the growth of the native heap
# Possible solutions:
#   Reduce memory load on the system
#   Increase physical memory or swap space
#   Check if swap backing store is full
#   Decrease Java heap size (-Xmx/-Xms)
#   Decrease number of Java threads
#   Decrease Java thread stack sizes (-Xss)
#   Set larger code cache with -XX:ReservedCodeCacheSize=
#   JVM is running with Unscaled Compressed Oops mode in which the Java heap is
#     placed in the first 4GB address space. The Java Heap base address is the
#     maximum limit for the native heap growth. Please use -XX:HeapBaseMinAddress
#     to set the Java Heap base and to place the Java Heap above 4GB virtual address.
# This output file may be truncated or incomplete.
#
#  Out of Memory Error (allocation.cpp:389), pid=3356, tid=0x00000000000034a8
#
# JRE version: OpenJDK Runtime Environment (8.0_202-b03) (build 1.8.0_202-release-1483-b03)
# Java VM: OpenJDK 64-Bit Server VM (25.202-b03 mixed mode windows-amd64 compressed oops)
# Failed to write core dump. Minidumps are not enabled by default on client versions of Windows
#

---------------  T H R E A D  ---------------

Current thread (0x0000000018ef3000):  JavaThread "C2 CompilerThread2" daemon [_thread_in_native, id=13480, stack(0x000000001a5e0000,0x000000001a6e0000)]

Stack: [0x000000001a5e0000,0x000000001a6e0000]
[error occurred during error reporting (printing stack bounds), id 0xc0000005]

Native frames: (J=compiled Java code, j=interpreted, Vv=VM code, C=native code)


Current CompileTask:
C2:   6317 2340       4       groovy.lang.MetaClassImpl$1MOPIter::methodNameAction (325 bytes)


---------------  P R O C E S S  ---------------

Java Threads: ( => current thread )
  0x000000002046f800 JavaThread "Cache worker for execution history cache (C:\Users\Administrator\.gradle\caches\5.4.1\executionHistory)" [_thread_blocked, id=10784, stack(0x0000000023470000,0x0000000023570000)]
  0x000000001b8a6800 JavaThread "Cache worker for cache directory md-rule (C:\Users\Administrator\.gradle\caches\5.4.1\md-rule)" [_thread_blocked, id=4636, stack(0x0000000020cd0000,0x0000000020dd0000)]
  0x000000001b8a5000 JavaThread "Cache worker for cache directory md-supplier (C:\Users\Administrator\.gradle\caches\5.4.1\md-supplier)" [_thread_blocked, id=9908, stack(0x0000000020bd0000,0x0000000020cd0000)]
  0x000000001b8a8000 JavaThread "Cache worker for file hash cache (F:\develop\project\github\imToken\.gradle\5.4.1\fileHashes)" [_thread_blocked, id=9580, stack(0x000000001f700000,0x000000001f800000)]
  0x000000001b8a3000 JavaThread "Cache worker for journal cache (C:\Users\Administrator\.gradle\caches\journal-1)" [_thread_blocked, id=14996, stack(0x000000001e230000,0x000000001e330000)]
  0x000000001b8a6000 JavaThread "File lock request listener" [_thread_in_native, id=8576, stack(0x000000001e130000,0x000000001e230000)]
  0x000000001ba5a000 JavaThread "Cache worker for file hash cache (C:\Users\Administrator\.gradle\caches\5.4.1\fileHashes)" [_thread_blocked, id=5940, stack(0x000000001e030000,0x000000001e130000)]
  0x000000001c768800 JavaThread "Thread-9" [_thread_blocked, id=12412, stack(0x000000001df30000,0x000000001e030000)]
  0x000000001bf52800 JavaThread "Stdin handler" [_thread_blocked, id=15416, stack(0x000000001de30000,0x000000001df30000)]
  0x000000001bf4f800 JavaThread "Asynchronous log dispatcher for DefaultDaemonConnection: socket connection from /127.0.0.1:57199 to /127.0.0.1:57200" [_thread_blocked, id=3456, stack(0x000000001dd30000,0x000000001de30000)]
  0x000000001ba59000 JavaThread "Daemon worker" [_thread_in_Java, id=15920, stack(0x000000001dc30000,0x000000001dd30000)]
  0x000000001c77a800 JavaThread "Cancel handler" [_thread_blocked, id=18232, stack(0x000000001db30000,0x000000001dc30000)]
  0x000000001b6b3000 JavaThread "Handler for socket connection from /127.0.0.1:57199 to /127.0.0.1:57200" [_thread_in_native, id=8792, stack(0x000000001d830000,0x000000001d930000)]
  0x000000001c162800 JavaThread "Daemon" [_thread_blocked, id=8600, stack(0x000000001d730000,0x000000001d830000)]
  0x000000001bf6b800 JavaThread "Daemon periodic checks" [_thread_blocked, id=15748, stack(0x000000001d630000,0x000000001d730000)]
  0x000000001bd54800 JavaThread "Incoming local TCP Connector on port 57199" [_thread_in_native, id=16824, stack(0x000000001d480000,0x000000001d580000)]
  0x000000001bd92000 JavaThread "Daemon health stats" [_thread_blocked, id=12196, stack(0x000000001d180000,0x000000001d280000)]
  0x0000000018f43000 JavaThread "Service Thread" daemon [_thread_blocked, id=15984, stack(0x000000001a7e0000,0x000000001a8e0000)]
  0x0000000018ef4000 JavaThread "C1 CompilerThread3" daemon [_thread_blocked, id=15956, stack(0x000000001a6e0000,0x000000001a7e0000)]
=>0x0000000018ef3000 JavaThread "C2 CompilerThread2" daemon [_thread_in_native, id=13480, stack(0x000000001a5e0000,0x000000001a6e0000)]
  0x0000000018e8d800 JavaThread "C2 CompilerThread1" daemon [_thread_in_native, id=17892, stack(0x000000001a4e0000,0x000000001a5e0000)]
  0x0000000018e8b800 JavaThread "C2 CompilerThread0" daemon [_thread_in_native, id=768, stack(0x000000001a3e0000,0x000000001a4e0000)]
  0x0000000018ee2800 JavaThread "Attach Listener" daemon [_thread_blocked, id=18256, stack(0x000000001a2e0000,0x000000001a3e0000)]
  0x0000000018ee1800 JavaThread "Signal Dispatcher" daemon [_thread_blocked, id=11452, stack(0x000000001a1e0000,0x000000001a2e0000)]
  0x00000000036db800 JavaThread "Finalizer" daemon [_thread_blocked, id=14260, stack(0x000000001a0e0000,0x000000001a1e0000)]
  0x0000000018e73000 JavaThread "Reference Handler" daemon [_thread_blocked, id=1456, stack(0x0000000019fe0000,0x000000001a0e0000)]
  0x00000000037ce000 JavaThread "main" [_thread_blocked, id=16892, stack(0x00000000030e0000,0x00000000031e0000)]

Other Threads:
  0x0000000018e52800 VMThread [stack: 0x0000000019ee0000,0x0000000019fe0000] [id=14644]
  0x0000000018f45000 WatcherThread [stack: 0x000000001a8e0000,0x000000001a9e0000] [id=11548]

VM state:not at safepoint (normal execution)

VM Mutex/Monitor currently owned by a thread: None

heap address: 0x00000000a0000000, size: 1536 MB, Compressed Oops mode: 32-bit
Narrow klass base: 0x0000000000000000, Narrow klass shift: 3
Compressed class space size: 1073741824 Address: 0x0000000100000000

Heap:
 PSYoungGen      total 76288K, used 66435K [0x00000000e0000000, 0x00000000e5500000, 0x0000000100000000)
  eden space 65536K, 89% used [0x00000000e0000000,0x00000000e3923f20,0x00000000e4000000)
  from space 10752K, 73% used [0x00000000e4a80000,0x00000000e523cd20,0x00000000e5500000)
  to   space 10752K, 0% used [0x00000000e4000000,0x00000000e4000000,0x00000000e4a80000)
 ParOldGen       total 109568K, used 11188K [0x00000000a0000000, 0x00000000a6b00000, 0x00000000e0000000)
  object space 109568K, 10% used [0x00000000a0000000,0x00000000a0aed110,0x00000000a6b00000)
 Metaspace       used 31370K, capacity 31972K, committed 32384K, reserved 1077248K
  class space    used 4306K, capacity 4471K, committed 4480K, reserved 1048576K

Card table byte_map: [0x0000000012b90000,0x0000000012ea0000] byte_map_base: 0x0000000012690000

Marking Bits: (ParMarkBitMap*) 0x000000006ec19f30
 Begin Bits: [0x0000000013aa0000, 0x00000000152a0000)
 End Bits:   [0x00000000152a0000, 0x0000000016aa0000)

Polling page: 0x00000000013d0000

CodeCache: size=245760Kb used=9741Kb max_used=9741Kb free=236018Kb
 bounds [0x00000000037d0000, 0x0000000004160000, 0x00000000127d0000]
 total_blobs=3144 nmethods=2465 adapters=591
 compilation: enabled

Compilation events (10 events):
Event: 6.283 Thread 0x0000000018ef4000 2466       3       java.net.URI::access$300 (7 bytes)
Event: 6.283 Thread 0x0000000018ef4000 nmethod 2466 0x0000000004145750 code [0x00000000041458c0, 0x0000000004145a28]
Event: 6.283 Thread 0x0000000018ef4000 2467       3       java.net.URI$Parser::scan (73 bytes)
Event: 6.283 Thread 0x0000000018ef4000 nmethod 2467 0x0000000004150a10 code [0x0000000004150be0, 0x0000000004151328]
Event: 6.283 Thread 0x0000000018ef4000 2468       3       java.net.URI::match (56 bytes)
Event: 6.284 Thread 0x0000000018ef4000 nmethod 2468 0x0000000004154850 code [0x00000000041549c0, 0x0000000004154cd0]
Event: 6.285 Thread 0x0000000018ef4000 2469       1       org.gradle.internal.operations.BuildOperationDescriptor::getDisplayName (5 bytes)
Event: 6.285 Thread 0x0000000018ef4000 nmethod 2469 0x000000000414f250 code [0x000000000414f3a0, 0x000000000414f4b0]
Event: 6.285 Thread 0x0000000018e8d800 nmethod 2462 0x0000000004158790 code [0x0000000004158900, 0x0000000004159558]
Event: 6.288 Thread 0x0000000018e8d800 2470       4       sun.misc.ProxyGenerator$ConstantPool::getIndirect (67 bytes)

GC Heap History (10 events):
Event: 1.947 GC heap before
{Heap before GC invocations=1 (full 0):
 PSYoungGen      total 76288K, used 65536K [0x00000000e0000000, 0x00000000e5500000, 0x0000000100000000)
  eden space 65536K, 100% used [0x00000000e0000000,0x00000000e4000000,0x00000000e4000000)
  from space 10752K, 0% used [0x00000000e4a80000,0x00000000e4a80000,0x00000000e5500000)
  to   space 10752K, 0% used [0x00000000e4000000,0x00000000e4000000,0x00000000e4a80000)
 ParOldGen       total 175104K, used 0K [0x00000000a0000000, 0x00000000aab00000, 0x00000000e0000000)
  object space 175104K, 0% used [0x00000000a0000000,0x00000000a0000000,0x00000000aab00000)
 Metaspace       used 8292K, capacity 8566K, committed 8832K, reserved 1056768K
  class space    used 1050K, capacity 1113K, committed 1152K, reserved 1048576K
Event: 1.957 GC heap after
Heap after GC invocations=1 (full 0):
 PSYoungGen      total 76288K, used 6946K [0x00000000e0000000, 0x00000000e5500000, 0x0000000100000000)
  eden space 65536K, 0% used [0x00000000e0000000,0x00000000e0000000,0x00000000e4000000)
  from space 10752K, 64% used [0x00000000e4000000,0x00000000e46c88a8,0x00000000e4a80000)
  to   space 10752K, 0% used [0x00000000e4a80000,0x00000000e4a80000,0x00000000e5500000)
 ParOldGen       total 175104K, used 16K [0x00000000a0000000, 0x00000000aab00000, 0x00000000e0000000)
  object space 175104K, 0% used [0x00000000a0000000,0x00000000a0004000,0x00000000aab00000)
 Metaspace       used 8292K, capacity 8566K, committed 8832K, reserved 1056768K
  class space    used 1050K, capacity 1113K, committed 1152K, reserved 1048576K
}
Event: 3.237 GC heap before
{Heap before GC invocations=2 (full 0):
 PSYoungGen      total 76288K, used 72482K [0x00000000e0000000, 0x00000000e5500000, 0x0000000100000000)
  eden space 65536K, 100% used [0x00000000e0000000,0x00000000e4000000,0x00000000e4000000)
  from space 10752K, 64% used [0x00000000e4000000,0x00000000e46c88a8,0x00000000e4a80000)
  to   space 10752K, 0% used [0x00000000e4a80000,0x00000000e4a80000,0x00000000e5500000)
 ParOldGen       total 175104K, used 16K [0x00000000a0000000, 0x00000000aab00000, 0x00000000e0000000)
  object space 175104K, 0% used [0x00000000a0000000,0x00000000a0004000,0x00000000aab00000)
 Metaspace       used 15382K, capacity 15808K, committed 16000K, reserved 1062912K
  class space    used 2182K, capacity 2322K, committed 2432K, reserved 1048576K
Event: 3.256 GC heap after
Heap after GC invocations=2 (full 0):
 PSYoungGen      total 76288K, used 10429K [0x00000000e0000000, 0x00000000e5500000, 0x0000000100000000)
  eden space 65536K, 0% used [0x00000000e0000000,0x00000000e0000000,0x00000000e4000000)
  from space 10752K, 97% used [0x00000000e4a80000,0x00000000e54af6d0,0x00000000e5500000)
  to   space 10752K, 0% used [0x00000000e4000000,0x00000000e4000000,0x00000000e4a80000)
 ParOldGen       total 175104K, used 24K [0x00000000a0000000, 0x00000000aab00000, 0x00000000e0000000)
  object space 175104K, 0% used [0x00000000a0000000,0x00000000a0006000,0x00000000aab00000)
 Metaspace       used 15382K, capacity 15808K, committed 16000K, reserved 1062912K
  class space    used 2182K, capacity 2322K, committed 2432K, reserved 1048576K
}
Event: 4.125 GC heap before
{Heap before GC invocations=3 (full 0):
 PSYoungGen      total 76288K, used 62640K [0x00000000e0000000, 0x00000000e5500000, 0x0000000100000000)
  eden space 65536K, 79% used [0x00000000e0000000,0x00000000e32fcab0,0x00000000e4000000)
  from space 10752K, 97% used [0x00000000e4a80000,0x00000000e54af6d0,0x00000000e5500000)
  to   space 10752K, 0% used [0x00000000e4000000,0x00000000e4000000,0x00000000e4a80000)
 ParOldGen       total 175104K, used 24K [0x00000000a0000000, 0x00000000aab00000, 0x00000000e0000000)
  object space 175104K, 0% used [0x00000000a0000000,0x00000000a0006000,0x00000000aab00000)
 Metaspace       used 20689K, capacity 21132K, committed 21248K, reserved 1067008K
  class space    used 2915K, capacity 3066K, committed 3072K, reserved 1048576K
Event: 4.141 GC heap after
Heap after GC invocations=3 (full 0):
 PSYoungGen      total 76288K, used 10739K [0x00000000e0000000, 0x00000000e5500000, 0x0000000100000000)
  eden space 65536K, 0% used [0x00000000e0000000,0x00000000e0000000,0x00000000e4000000)
  from space 10752K, 99% used [0x00000000e4000000,0x00000000e4a7cff8,0x00000000e4a80000)
  to   space 10752K, 0% used [0x00000000e4a80000,0x00000000e4a80000,0x00000000e5500000)
 ParOldGen       total 175104K, used 806K [0x00000000a0000000, 0x00000000aab00000, 0x00000000e0000000)
  object space 175104K, 0% used [0x00000000a0000000,0x00000000a00c9b50,0x00000000aab00000)
 Metaspace       used 20689K, capacity 21132K, committed 21248K, reserved 1067008K
  class space    used 2915K, capacity 3066K, committed 3072K, reserved 1048576K
}
Event: 4.141 GC heap before
{Heap before GC invocations=4 (full 1):
 PSYoungGen      total 76288K, used 10739K [0x00000000e0000000, 0x00000000e5500000, 0x0000000100000000)
  eden space 65536K, 0% used [0x00000000e0000000,0x00000000e0000000,0x00000000e4000000)
  from space 10752K, 99% used [0x00000000e4000000,0x00000000e4a7cff8,0x00000000e4a80000)
  to   space 10752K, 0% used [0x00000000e4a80000,0x00000000e4a80000,0x00000000e5500000)
 ParOldGen       total 175104K, used 806K [0x00000000a0000000, 0x00000000aab00000, 0x00000000e0000000)
  object space 175104K, 0% used [0x00000000a0000000,0x00000000a00c9b50,0x00000000aab00000)
 Metaspace       used 20689K, capacity 21132K, committed 21248K, reserved 1067008K
  class space    used 2915K, capacity 3066K, committed 3072K, reserved 1048576K
Event: 4.188 GC heap after
Heap after GC invocations=4 (full 1):
 PSYoungGen      total 76288K, used 0K [0x00000000e0000000, 0x00000000e5500000, 0x0000000100000000)
  eden space 65536K, 0% used [0x00000000e0000000,0x00000000e0000000,0x00000000e4000000)
  from space 10752K, 0% used [0x00000000e4000000,0x00000000e4000000,0x00000000e4a80000)
  to   space 10752K, 0% used [0x00000000e4a80000,0x00000000e4a80000,0x00000000e5500000)
 ParOldGen       total 109568K, used 11180K [0x00000000a0000000, 0x00000000a6b00000, 0x00000000e0000000)
  object space 109568K, 10% used [0x00000000a0000000,0x00000000a0aeb110,0x00000000a6b00000)
 Metaspace       used 20689K, capacity 21132K, committed 21248K, reserved 1067008K
  class space    used 2915K, capacity 3066K, committed 3072K, reserved 1048576K
}
Event: 5.573 GC heap before
{Heap before GC invocations=5 (full 1):
 PSYoungGen      total 76288K, used 65536K [0x00000000e0000000, 0x00000000e5500000, 0x0000000100000000)
  eden space 65536K, 100% used [0x00000000e0000000,0x00000000e4000000,0x00000000e4000000)
  from space 10752K, 0% used [0x00000000e4000000,0x00000000e4000000,0x00000000e4a80000)
  to   space 10752K, 0% used [0x00000000e4a80000,0x00000000e4a80000,0x00000000e5500000)
 ParOldGen       total 109568K, used 11180K [0x00000000a0000000, 0x00000000a6b00000, 0x00000000e0000000)
  object space 109568K, 10% used [0x00000000a0000000,0x00000000a0aeb110,0x00000000a6b00000)
 Metaspace       used 28648K, capacity 29136K, committed 29440K, reserved 1075200K
  class space    used 3855K, capacity 4015K, committed 4096K, reserved 1048576K
Event: 5.591 GC heap after
Heap after GC invocations=5 (full 1):
 PSYoungGen      total 76288K, used 7923K [0x00000000e0000000, 0x00000000e5500000, 0x0000000100000000)
  eden space 65536K, 0% used [0x00000000e0000000,0x00000000e0000000,0x00000000e4000000)
  from space 10752K, 73% used [0x00000000e4a80000,0x00000000e523cd20,0x00000000e5500000)
  to   space 10752K, 0% used [0x00000000e4000000,0x00000000e4000000,0x00000000e4a80000)
 ParOldGen       total 109568K, used 11188K [0x00000000a0000000, 0x00000000a6b00000, 0x00000000e0000000)
  object space 109568K, 10% used [0x00000000a0000000,0x00000000a0aed110,0x00000000a6b00000)
 Metaspace       used 28648K, capacity 29136K, committed 29440K, reserved 1075200K
  class space    used 3855K, capacity 4015K, committed 4096K, reserved 1048576K
}

Deoptimization events (10 events):
Event: 4.995 Thread 0x000000001ba59000 Uncommon trap: reason=unstable_if action=reinterpret pc=0x0000000003a24944 method=java.util.HashMap.getNode(ILjava/lang/Object;)Ljava/util/HashMap$Node; @ 53
Event: 4.995 Thread 0x000000001ba59000 Uncommon trap: reason=unstable_if action=reinterpret pc=0x0000000003c3148c method=java.util.HashMap.hash(Ljava/lang/Object;)I @ 1
Event: 4.995 Thread 0x000000001ba59000 Uncommon trap: reason=unstable_if action=reinterpret pc=0x0000000003d4bde8 method=java.util.HashMap.putVal(ILjava/lang/Object;Ljava/lang/Object;ZZ)Ljava/lang/Object; @ 85
Event: 5.101 Thread 0x000000001ba59000 Uncommon trap: reason=unstable_if action=reinterpret pc=0x0000000003aa4cb0 method=java.util.LinkedHashMap.afterNodeInsertion(Z)V @ 1
Event: 5.550 Thread 0x000000001ba59000 Uncommon trap: reason=class_check action=maybe_recompile pc=0x0000000003dcce80 method=sun.misc.URLClassPath.getLoader(I)Lsun/misc/URLClassPath$Loader; @ 94
Event: 5.556 Thread 0x000000001ba59000 Uncommon trap: reason=class_check action=maybe_recompile pc=0x0000000003dd28ec method=sun.misc.URLClassPath.getLoader(I)Lsun/misc/URLClassPath$Loader; @ 239
Event: 5.740 Thread 0x000000001ba59000 Uncommon trap: reason=unstable_if action=reinterpret pc=0x0000000003a79b08 method=java.io.WinNTFileSystem.resolve(Ljava/lang/String;Ljava/lang/String;)Ljava/lang/String; @ 49
Event: 6.280 Thread 0x000000001ba59000 Uncommon trap: reason=unstable_if action=reinterpret pc=0x0000000003a1dde8 method=java.net.URI.match(CJJ)Z @ 45
Event: 6.280 Thread 0x000000001ba59000 Uncommon trap: reason=unstable_if action=reinterpret pc=0x00000000039399c8 method=java.net.URI.match(CJJ)Z @ 19
Event: 6.281 Thread 0x000000001ba59000 Uncommon trap: reason=unstable_if action=reinterpret pc=0x000000000393ab08 method=java.net.URI.match(CJJ)Z @ 19

Classes redefined (0 events):
No events

Internal exceptions (10 events):
Event: 6.264 Thread 0x000000001ba59000 Exception <a 'java/security/PrivilegedActionException'> (0x00000000e36eb8e8) thrown at [D:\src\AOSP-openjdk-cygwin\jdk8u\hotspot\src\share\vm\prims\jvm.cpp, line 1508]
Event: 6.264 Thread 0x000000001ba59000 Exception <a 'java/security/PrivilegedActionException'> (0x00000000e36ec668) thrown at [D:\src\AOSP-openjdk-cygwin\jdk8u\hotspot\src\share\vm\prims\jvm.cpp, line 1508]
Event: 6.264 Thread 0x000000001ba59000 Exception <a 'java/lang/ClassNotFoundException': org/codehaus/groovy/runtime/GStringImplBeanInfo> (0x00000000e36f7df8) thrown at [D:\src\AOSP-openjdk-cygwin\jdk8u\hotspot\src\share\vm\classfile\systemDictionary.cpp, line 210]
Event: 6.265 Thread 0x000000001ba59000 Exception <a 'java/security/PrivilegedActionException'> (0x00000000e3701a40) thrown at [D:\src\AOSP-openjdk-cygwin\jdk8u\hotspot\src\share\vm\prims\jvm.cpp, line 1508]
Event: 6.265 Thread 0x000000001ba59000 Exception <a 'java/security/PrivilegedActionException'> (0x00000000e37027c0) thrown at [D:\src\AOSP-openjdk-cygwin\jdk8u\hotspot\src\share\vm\prims\jvm.cpp, line 1508]
Event: 6.267 Thread 0x000000001ba59000 Exception <a 'java/security/PrivilegedActionException'> (0x00000000e37116d8) thrown at [D:\src\AOSP-openjdk-cygwin\jdk8u\hotspot\src\share\vm\prims\jvm.cpp, line 1508]
Event: 6.267 Thread 0x000000001ba59000 Exception <a 'java/security/PrivilegedActionException'> (0x00000000e3712458) thrown at [D:\src\AOSP-openjdk-cygwin\jdk8u\hotspot\src\share\vm\prims\jvm.cpp, line 1508]
Event: 6.268 Thread 0x000000001ba59000 Exception <a 'java/security/PrivilegedActionException'> (0x00000000e371f778) thrown at [D:\src\AOSP-openjdk-cygwin\jdk8u\hotspot\src\share\vm\prims\jvm.cpp, line 1508]
Event: 6.268 Thread 0x000000001ba59000 Exception <a 'java/security/PrivilegedActionException'> (0x00000000e37204f8) thrown at [D:\src\AOSP-openjdk-cygwin\jdk8u\hotspot\src\share\vm\prims\jvm.cpp, line 1508]
Event: 6.268 Thread 0x000000001ba59000 Exception <a 'java/lang/ClassNotFoundException': org/codehaus/groovy/runtime/GStringImplCustomizer> (0x00000000e372bf48) thrown at [D:\src\AOSP-openjdk-cygwin\jdk8u\hotspot\src\share\vm\classfile\systemDictionary.cpp, line 210]

Events (10 events):
Event: 6.312 loading class java/io/DeleteOnExitHook
Event: 6.312 loading class java/io/DeleteOnExitHook done
Event: 6.312 loading class java/io/DeleteOnExitHook$1
Event: 6.313 loading class java/io/DeleteOnExitHook$1 done
Event: 6.313 loading class org/gradle/api/internal/artifacts/ivyservice/resolveengine/store/DefaultBinaryStore
Event: 6.313 loading class org/gradle/api/internal/artifacts/ivyservice/resolveengine/store/DefaultBinaryStore done
Event: 6.315 loading class org/gradle/cache/internal/BinaryStore$BinaryData
Event: 6.315 loading class org/gradle/cache/internal/BinaryStore$BinaryData done
Event: 6.315 loading class org/gradle/api/internal/artifacts/ivyservice/resolveengine/store/CachedStoreFactory
Event: 6.315 loading class org/gradle/api/internal/artifacts/ivyservice/resolveengine/store/CachedStoreFactory done


Dynamic libraries:
0x00007ff75e580000 - 0x00007ff75e5b1000 	F:\develop\soft\android-studio-3.5.2\jre\bin\java.exe
0x00007ffb186b0000 - 0x00007ffb188a5000 	C:\Windows\SYSTEM32\ntdll.dll
0x00007ffb185b0000 - 0x00007ffb1866d000 	C:\Windows\System32\KERNEL32.DLL
0x00007ffb15fb0000 - 0x00007ffb16278000 	C:\Windows\System32\KERNELBASE.dll
0x00007ffb18030000 - 0x00007ffb180dc000 	C:\Windows\System32\ADVAPI32.dll
0x00007ffb16730000 - 0x00007ffb167ce000 	C:\Windows\System32\msvcrt.dll
0x00007ffb16860000 - 0x00007ffb168fb000 	C:\Windows\System32\sechost.dll
0x00007ffb16c30000 - 0x00007ffb16d5b000 	C:\Windows\System32\RPCRT4.dll
0x00007ffb18380000 - 0x00007ffb18520000 	C:\Windows\System32\USER32.dll
0x00007ffb15ed0000 - 0x00007ffb15ef2000 	C:\Windows\System32\win32u.dll
0x00007ffb182a0000 - 0x00007ffb182ca000 	C:\Windows\System32\GDI32.dll
0x00007ffb16470000 - 0x00007ffb1657b000 	C:\Windows\System32\gdi32full.dll
0x00007ffb16380000 - 0x00007ffb1641d000 	C:\Windows\System32\msvcp_win.dll
0x00007ffb16280000 - 0x00007ffb16380000 	C:\Windows\System32\ucrtbase.dll
0x00007ffb08490000 - 0x00007ffb0872a000 	C:\Windows\WinSxS\amd64_microsoft.windows.common-controls_6595b64144ccf1df_6.0.19041.844_none_ca00b6081b84eb1d\COMCTL32.dll
0x00007ffb18580000 - 0x00007ffb185b0000 	C:\Windows\System32\IMM32.DLL
0x000000006e370000 - 0x000000006e442000 	F:\develop\soft\android-studio-3.5.2\jre\jre\bin\msvcr100.dll
0x000000006e450000 - 0x000000006ec96000 	F:\develop\soft\android-studio-3.5.2\jre\jre\bin\server\jvm.dll
0x00007ffb16720000 - 0x00007ffb16728000 	C:\Windows\System32\PSAPI.DLL
0x00007ffb0d360000 - 0x00007ffb0d369000 	C:\Windows\SYSTEM32\WSOCK32.dll
0x00007ffb0ff10000 - 0x00007ffb0ff1a000 	C:\Windows\SYSTEM32\VERSION.dll
0x00007ffb0a090000 - 0x00007ffb0a0b7000 	C:\Windows\SYSTEM32\WINMM.dll
0x00007ffb16a90000 - 0x00007ffb16afb000 	C:\Windows\System32\WS2_32.dll
0x00007ffb0b680000 - 0x00007ffb0b68f000 	F:\develop\soft\android-studio-3.5.2\jre\jre\bin\verify.dll
0x00007ffb02d50000 - 0x00007ffb02d79000 	F:\develop\soft\android-studio-3.5.2\jre\jre\bin\java.dll
0x00007ffb0a0c0000 - 0x00007ffb0a0d6000 	F:\develop\soft\android-studio-3.5.2\jre\jre\bin\zip.dll
0x00007ffb17270000 - 0x00007ffb179b2000 	C:\Windows\System32\SHELL32.dll
0x00007ffb13f50000 - 0x00007ffb146e1000 	C:\Windows\SYSTEM32\windows.storage.dll
0x00007ffb16f10000 - 0x00007ffb17265000 	C:\Windows\System32\combase.dll
0x00007ffb15860000 - 0x00007ffb1588c000 	C:\Windows\SYSTEM32\Wldp.dll
0x00007ffb182d0000 - 0x00007ffb1837e000 	C:\Windows\System32\SHCORE.dll
0x00007ffb18520000 - 0x00007ffb18575000 	C:\Windows\System32\shlwapi.dll
0x00007ffb15d30000 - 0x00007ffb15d4f000 	C:\Windows\SYSTEM32\profapi.dll
0x00007ffb02d30000 - 0x00007ffb02d4a000 	F:\develop\soft\android-studio-3.5.2\jre\jre\bin\net.dll
0x00007ffb15560000 - 0x00007ffb155ca000 	C:\Windows\system32\mswsock.dll
0x00007ffb02d10000 - 0x00007ffb02d21000 	F:\develop\soft\android-studio-3.5.2\jre\jre\bin\nio.dll
0x00007ffaf68b0000 - 0x00007ffaf68d6000 	C:\Users\Administrator\.gradle\native\29\windows-amd64\native-platform.dll
0x00007ffb0ad30000 - 0x00007ffb0ad3d000 	F:\develop\soft\android-studio-3.5.2\jre\jre\bin\management.dll
0x00007ffb15730000 - 0x00007ffb15748000 	C:\Windows\SYSTEM32\CRYPTSP.dll
0x00007ffb14ea0000 - 0x00007ffb14ed4000 	C:\Windows\system32\rsaenh.dll
0x00007ffb16580000 - 0x00007ffb165a7000 	C:\Windows\System32\bcrypt.dll
0x00007ffb15cb0000 - 0x00007ffb15cde000 	C:\Windows\SYSTEM32\USERENV.dll
0x00007ffb15e50000 - 0x00007ffb15ed0000 	C:\Windows\System32\bcryptprimitives.dll
0x00007ffb15750000 - 0x00007ffb1575c000 	C:\Windows\SYSTEM32\CRYPTBASE.dll
0x00007ffb151f0000 - 0x00007ffb1522b000 	C:\Windows\SYSTEM32\IPHLPAPI.DLL
0x00007ffb169d0000 - 0x00007ffb169d8000 	C:\Windows\System32\NSI.dll
0x00007ffb10110000 - 0x00007ffb10127000 	C:\Windows\SYSTEM32\dhcpcsvc6.DLL
0x00007ffb10070000 - 0x00007ffb1008d000 	C:\Windows\SYSTEM32\dhcpcsvc.DLL
0x00007ffb15230000 - 0x00007ffb152fc000 	C:\Windows\SYSTEM32\DNSAPI.dll

VM Arguments:
jvm_args: -Xmx1536m -Dfile.encoding=GBK -Duser.country=CN -Duser.language=zh -Duser.variant 
java_command: org.gradle.launcher.daemon.bootstrap.GradleDaemon 5.4.1
java_class_path (initial): C:\Users\Administrator\.gradle\wrapper\dists\gradle-5.4.1-all\3221gyojl5jsh0helicew7rwx\gradle-5.4.1\lib\gradle-launcher-5.4.1.jar
Launcher Type: SUN_STANDARD

Environment Variables:
JAVA_HOME=C:\Program Files\Java\jdk-15.0.1
PATH=C:\Program Files\Common Files\Oracle\Java\javapath;C:\Windows\system32;C:\Windows;C:\Windows\System32\Wbem;C:\Windows\System32\WindowsPowerShell\v1.0\;C:\Windows\System32\OpenSSH\;C:\Program Files (x86)\Yozosoft\Yozo_Office\Lib\xuggler\bin;C:\Program Files\Git\cmd;E:\develop\resourse\flutter\bin;C:\Program Files\Java\jdk-15.0.1\bin;C:\Users\Administrator\AppData\Local\Microsoft\WindowsApps;;E:\program files\Fiddler
USERNAME=Administrator
OS=Windows_NT
PROCESSOR_IDENTIFIER=Intel64 Family 6 Model 44 Stepping 2, GenuineIntel



---------------  S Y S T E M  ---------------

OS: Windows 10.0 , 64 bit Build 19041 (10.0.19041.928)

CPU:total 12 (initial active 12) (6 cores per cpu, 2 threads per core) family 6 model 44 stepping 2, cmov, cx8, fxsr, mmx, sse, sse2, sse3, ssse3, sse4.1, sse4.2, popcnt, aes, clmul, ht, tsc, tscinvbit, tscinv

Memory: 4k page, physical 16768240k(9133660k free), swap 29875692k(6828k free)

vm_info: OpenJDK 64-Bit Server VM (25.202-b03) for windows-amd64 JRE (1.8.0_202-release-1483-b03), built by "builder" with MS VC++ 10.0 (VS2010)

time: Tue May 11 21:23:49 2021
timezone: 中国标准时间
elapsed time: 6 seconds (0d 0h 0m 6s)

