#
# There is insufficient memory for the Java Runtime Environment to continue.
# Native memory allocation (malloc) failed to allocate 556656 bytes for Chunk::new
# Possible reasons:
#   The system is out of physical RAM or swap space
#   The process is running with CompressedOops enabled, and the Java Heap may be blocking the growth of the native heap
# Possible solutions:
#   Reduce memory load on the system
#   Increase physical memory or swap space
#   Check if swap backing store is full
#   Decrease Java heap size (-Xmx/-Xms)
#   Decrease number of Java threads
#   Decrease Java thread stack sizes (-Xss)
#   Set larger code cache with -XX:ReservedCodeCacheSize=
#   JVM is running with Unscaled Compressed Oops mode in which the Java heap is
#     placed in the first 4GB address space. The Java Heap base address is the
#     maximum limit for the native heap growth. Please use -XX:HeapBaseMinAddress
#     to set the Java Heap base and to place the Java Heap above 4GB virtual address.
# This output file may be truncated or incomplete.
#
#  Out of Memory Error (allocation.cpp:389), pid=14568, tid=0x0000000000001a9c
#
# JRE version: OpenJDK Runtime Environment (8.0_202-b03) (build 1.8.0_202-release-1483-b03)
# Java VM: OpenJDK 64-Bit Server VM (25.202-b03 mixed mode windows-amd64 compressed oops)
# Failed to write core dump. Minidumps are not enabled by default on client versions of Windows
#

---------------  T H R E A D  ---------------

Current thread (0x00000000184d9800):  JavaThread "C2 CompilerThread1" daemon [_thread_in_native, id=6812, stack(0x0000000019ac0000,0x0000000019bc0000)]

Stack: [0x0000000019ac0000,0x0000000019bc0000]
[error occurred during error reporting (printing stack bounds), id 0xc0000005]

Native frames: (J=compiled Java code, j=interpreted, Vv=VM code, C=native code)


Current CompileTask:
C2:   8136 4779   !   4       java.net.URLClassLoader$1::run (63 bytes)


---------------  P R O C E S S  ---------------

Java Threads: ( => current thread )
  0x0000000020fb5000 JavaThread "Cache worker for Build Output Cleanup Cache (F:\develop\project\github\imToken\.gradle\buildOutputCleanup)" [_thread_blocked, id=1544, stack(0x0000000023150000,0x0000000023250000)]
  0x0000000020fb6800 JavaThread "Build operations Thread 12" [_thread_blocked, id=16028, stack(0x0000000023d20000,0x0000000023e20000)]
  0x0000000020fb4800 JavaThread "Build operations Thread 11" [_thread_blocked, id=2196, stack(0x0000000023b20000,0x0000000023c20000)]
  0x0000000020fb9800 JavaThread "Build operations Thread 10" [_thread_blocked, id=12924, stack(0x0000000023a20000,0x0000000023b20000)]
  0x0000000020fb7800 JavaThread "Build operations Thread 9" [_thread_blocked, id=17712, stack(0x0000000023920000,0x0000000023a20000)]
  0x0000000020fb6000 JavaThread "Build operations Thread 8" [_thread_blocked, id=10800, stack(0x0000000023820000,0x0000000023920000)]
  0x0000000020fad000 JavaThread "Build operations Thread 7" [_thread_blocked, id=18268, stack(0x0000000023720000,0x0000000023820000)]
  0x0000000020fb3800 JavaThread "Build operations Thread 6" [_thread_blocked, id=16572, stack(0x0000000023620000,0x0000000023720000)]
  0x0000000020fb2000 JavaThread "Build operations Thread 5" [_thread_blocked, id=17060, stack(0x0000000023370000,0x0000000023470000)]
  0x0000000020fb3000 JavaThread "Build operations Thread 4" [_thread_blocked, id=5500, stack(0x0000000023520000,0x0000000023620000)]
  0x0000000020faf000 JavaThread "Build operations Thread 3" [_thread_blocked, id=8992, stack(0x0000000023270000,0x0000000023370000)]
  0x0000000020fae800 JavaThread "Build operations Thread 2" [_thread_blocked, id=5812, stack(0x0000000022c40000,0x0000000022d40000)]
  0x0000000020fb1800 JavaThread "Build operations" [_thread_blocked, id=3488, stack(0x0000000022a30000,0x0000000022b30000)]
  0x0000000020faa800 JavaThread "Cache worker for execution history cache (C:\Users\Administrator\.gradle\caches\5.4.1\executionHistory)" [_thread_blocked, id=3816, stack(0x0000000022b40000,0x0000000022c40000)]
  0x0000000020fab800 JavaThread "Cache worker for cache directory md-rule (C:\Users\Administrator\.gradle\caches\5.4.1\md-rule)" [_thread_blocked, id=5800, stack(0x0000000022930000,0x0000000022a30000)]
  0x0000000020fac000 JavaThread "Cache worker for cache directory md-supplier (C:\Users\Administrator\.gradle\caches\5.4.1\md-supplier)" [_thread_blocked, id=10284, stack(0x0000000021580000,0x0000000021680000)]
  0x00000000184ed800 JavaThread "Cache worker for file hash cache (F:\develop\project\github\imToken\.gradle\5.4.1\fileHashes)" [_thread_blocked, id=16692, stack(0x000000001fcb0000,0x000000001fdb0000)]
  0x00000000184ee000 JavaThread "Cache worker for journal cache (C:\Users\Administrator\.gradle\caches\journal-1)" [_thread_blocked, id=15688, stack(0x000000001da10000,0x000000001db10000)]
  0x00000000184eb000 JavaThread "File lock request listener" [_thread_in_native, id=6816, stack(0x000000001d910000,0x000000001da10000)]
  0x000000001b48f800 JavaThread "Cache worker for file hash cache (C:\Users\Administrator\.gradle\caches\5.4.1\fileHashes)" [_thread_blocked, id=15596, stack(0x000000001d610000,0x000000001d710000)]
  0x000000001aeb7800 JavaThread "Thread-9" [_thread_blocked, id=9460, stack(0x000000001d510000,0x000000001d610000)]
  0x000000001aeb7000 JavaThread "Stdin handler" [_thread_blocked, id=6380, stack(0x000000001d410000,0x000000001d510000)]
  0x000000001aeb4000 JavaThread "Asynchronous log dispatcher for DefaultDaemonConnection: socket connection from /127.0.0.1:56855 to /127.0.0.1:56856" [_thread_blocked, id=6400, stack(0x000000001d310000,0x000000001d410000)]
  0x000000001b067000 JavaThread "Daemon worker" [_thread_in_vm, id=6152, stack(0x000000001d210000,0x000000001d310000)]
  0x000000001b370000 JavaThread "Cancel handler" [_thread_blocked, id=10048, stack(0x000000001d110000,0x000000001d210000)]
  0x000000001af65000 JavaThread "Handler for socket connection from /127.0.0.1:56855 to /127.0.0.1:56856" [_thread_in_native, id=17932, stack(0x000000001ce10000,0x000000001cf10000)]
  0x000000001af64000 JavaThread "Daemon" [_thread_blocked, id=16508, stack(0x000000001cd10000,0x000000001ce10000)]
  0x000000001b810800 JavaThread "Daemon periodic checks" [_thread_blocked, id=15548, stack(0x000000001cc10000,0x000000001cd10000)]
  0x000000001b565800 JavaThread "Incoming local TCP Connector on port 56855" [_thread_in_native, id=15348, stack(0x000000001ca60000,0x000000001cb60000)]
  0x000000001b5c9000 JavaThread "Daemon health stats" [_thread_blocked, id=9272, stack(0x000000001c760000,0x000000001c860000)]
  0x0000000018581000 JavaThread "Service Thread" daemon [_thread_blocked, id=1808, stack(0x0000000019dc0000,0x0000000019ec0000)]
  0x00000000184ea800 JavaThread "C1 CompilerThread3" daemon [_thread_blocked, id=7144, stack(0x0000000019cc0000,0x0000000019dc0000)]
  0x00000000184ec800 JavaThread "C2 CompilerThread2" daemon [_thread_in_vm, id=9956, stack(0x0000000019bc0000,0x0000000019cc0000)]
=>0x00000000184d9800 JavaThread "C2 CompilerThread1" daemon [_thread_in_native, id=6812, stack(0x0000000019ac0000,0x0000000019bc0000)]
  0x00000000184d4000 JavaThread "C2 CompilerThread0" daemon [_thread_in_native, id=4116, stack(0x00000000199c0000,0x0000000019ac0000)]
  0x00000000184cf000 JavaThread "Attach Listener" daemon [_thread_blocked, id=2724, stack(0x00000000198c0000,0x00000000199c0000)]
  0x000000001847a800 JavaThread "Signal Dispatcher" daemon [_thread_blocked, id=15852, stack(0x00000000197c0000,0x00000000198c0000)]
  0x0000000002dca000 JavaThread "Finalizer" daemon [_thread_blocked, id=13292, stack(0x00000000196c0000,0x00000000197c0000)]
  0x0000000016d8c800 JavaThread "Reference Handler" daemon [_thread_blocked, id=4476, stack(0x00000000195c0000,0x00000000196c0000)]
  0x000000000280e000 JavaThread "main" [_thread_blocked, id=7040, stack(0x0000000002bd0000,0x0000000002cd0000)]

Other Threads:
  0x0000000018442800 VMThread [stack: 0x00000000194c0000,0x00000000195c0000] [id=6068]
  0x000000001854b000 WatcherThread [stack: 0x0000000019ec0000,0x0000000019fc0000] [id=2592]

VM state:not at safepoint (normal execution)

VM Mutex/Monitor currently owned by a thread: None

heap address: 0x00000000a0000000, size: 1536 MB, Compressed Oops mode: 32-bit
Narrow klass base: 0x0000000000000000, Narrow klass shift: 3
Compressed class space size: 1073741824 Address: 0x0000000100000000

Heap:
 PSYoungGen      total 164352K, used 93206K [0x00000000e0000000, 0x00000000ee300000, 0x0000000100000000)
  eden space 150528K, 52% used [0x00000000e0000000,0x00000000e4d8b5d8,0x00000000e9300000)
  from space 13824K, 99% used [0x00000000e9300000,0x00000000ea07a320,0x00000000ea080000)
  to   space 14336K, 0% used [0x00000000ea080000,0x00000000ea080000,0x00000000eae80000)
 ParOldGen       total 115712K, used 21448K [0x00000000a0000000, 0x00000000a7100000, 0x00000000e0000000)
  object space 115712K, 18% used [0x00000000a0000000,0x00000000a14f2078,0x00000000a7100000)
 Metaspace       used 54062K, capacity 55650K, committed 55808K, reserved 1097728K
  class space    used 7284K, capacity 7664K, committed 7680K, reserved 1048576K

Card table byte_map: [0x0000000012190000,0x00000000124a0000] byte_map_base: 0x0000000011c90000

Marking Bits: (ParMarkBitMap*) 0x000000006ec19f30
 Begin Bits: [0x00000000130a0000, 0x00000000148a0000)
 End Bits:   [0x00000000148a0000, 0x00000000160a0000)

Polling page: 0x0000000000f60000

CodeCache: size=245760Kb used=15056Kb max_used=15067Kb free=230703Kb
 bounds [0x0000000002dd0000, 0x0000000003ca0000, 0x0000000011dd0000]
 total_blobs=5233 nmethods=4454 adapters=692
 compilation: enabled

Compilation events (10 events):
Event: 8.130 Thread 0x00000000184ea800 4838       1       org.gradle.internal.extensibility.DefaultConvention::access$600 (5 bytes)
Event: 8.130 Thread 0x00000000184ea800 nmethod 4838 0x0000000003c8c410 code [0x0000000003c8c560, 0x0000000003c8c650]
Event: 8.130 Thread 0x00000000184ea800 4839       3       org.gradle.internal.metaobject.AbstractDynamicObject::<init> (5 bytes)
Event: 8.130 Thread 0x00000000184ea800 nmethod 4839 0x0000000003c8c6d0 code [0x0000000003c8c820, 0x0000000003c8c9d0]
Event: 8.130 Thread 0x00000000184ea800 4840   !   3       sun.reflect.GeneratedMethodAccessor3::invoke (96 bytes)
Event: 8.131 Thread 0x00000000184ea800 nmethod 4840 0x0000000003c8ca90 code [0x0000000003c8cca0, 0x0000000003c8d808]
Event: 8.132 Thread 0x00000000184ec800 nmethod 4814 0x0000000003c90bd0 code [0x0000000003c90d20, 0x0000000003c90f08]
Event: 8.132 Thread 0x00000000184ea800 4841       3       java.lang.invoke.MethodHandle::asType (28 bytes)
Event: 8.132 Thread 0x00000000184ec800 4835       4       java.lang.AbstractStringBuilder::ensureCapacityInternal (27 bytes)
Event: 8.132 Thread 0x00000000184ea800 nmethod 4841 0x0000000003c905d0 code [0x0000000003c90740, 0x0000000003c90ac8]

GC Heap History (10 events):
Event: 4.051 GC heap before
{Heap before GC invocations=5 (full 1):
 PSYoungGen      total 76288K, used 65536K [0x00000000e0000000, 0x00000000e9500000, 0x0000000100000000)
  eden space 65536K, 100% used [0x00000000e0000000,0x00000000e4000000,0x00000000e4000000)
  from space 10752K, 0% used [0x00000000e4000000,0x00000000e4000000,0x00000000e4a80000)
  to   space 10752K, 0% used [0x00000000e8a80000,0x00000000e8a80000,0x00000000e9500000)
 ParOldGen       total 115712K, used 11829K [0x00000000a0000000, 0x00000000a7100000, 0x00000000e0000000)
  object space 115712K, 10% used [0x00000000a0000000,0x00000000a0b8d560,0x00000000a7100000)
 Metaspace       used 28921K, capacity 29470K, committed 29696K, reserved 1075200K
  class space    used 3895K, capacity 4068K, committed 4096K, reserved 1048576K
Event: 4.066 GC heap after
Heap after GC invocations=5 (full 1):
 PSYoungGen      total 106496K, used 7967K [0x00000000e0000000, 0x00000000e9280000, 0x0000000100000000)
  eden space 98304K, 0% used [0x00000000e0000000,0x00000000e0000000,0x00000000e6000000)
  from space 8192K, 97% used [0x00000000e8a80000,0x00000000e9247e38,0x00000000e9280000)
  to   space 10752K, 0% used [0x00000000e7d80000,0x00000000e7d80000,0x00000000e8800000)
 ParOldGen       total 115712K, used 11837K [0x00000000a0000000, 0x00000000a7100000, 0x00000000e0000000)
  object space 115712K, 10% used [0x00000000a0000000,0x00000000a0b8f560,0x00000000a7100000)
 Metaspace       used 28921K, capacity 29470K, committed 29696K, reserved 1075200K
  class space    used 3895K, capacity 4068K, committed 4096K, reserved 1048576K
}
Event: 5.065 GC heap before
{Heap before GC invocations=6 (full 1):
 PSYoungGen      total 106496K, used 106271K [0x00000000e0000000, 0x00000000e9280000, 0x0000000100000000)
  eden space 98304K, 100% used [0x00000000e0000000,0x00000000e6000000,0x00000000e6000000)
  from space 8192K, 97% used [0x00000000e8a80000,0x00000000e9247e38,0x00000000e9280000)
  to   space 10752K, 0% used [0x00000000e7d80000,0x00000000e7d80000,0x00000000e8800000)
 ParOldGen       total 115712K, used 11837K [0x00000000a0000000, 0x00000000a7100000, 0x00000000e0000000)
  object space 115712K, 10% used [0x00000000a0000000,0x00000000a0b8f560,0x00000000a7100000)
 Metaspace       used 33871K, capacity 34556K, committed 34816K, reserved 1079296K
  class space    used 4646K, capacity 4839K, committed 4864K, reserved 1048576K
Event: 5.084 GC heap after
Heap after GC invocations=6 (full 1):
 PSYoungGen      total 139264K, used 10751K [0x00000000e0000000, 0x00000000eae80000, 0x0000000100000000)
  eden space 128512K, 0% used [0x00000000e0000000,0x00000000e0000000,0x00000000e7d80000)
  from space 10752K, 99% used [0x00000000e7d80000,0x00000000e87ffc70,0x00000000e8800000)
  to   space 14336K, 0% used [0x00000000ea080000,0x00000000ea080000,0x00000000eae80000)
 ParOldGen       total 115712K, used 12768K [0x00000000a0000000, 0x00000000a7100000, 0x00000000e0000000)
  object space 115712K, 11% used [0x00000000a0000000,0x00000000a0c781b8,0x00000000a7100000)
 Metaspace       used 33871K, capacity 34556K, committed 34816K, reserved 1079296K
  class space    used 4646K, capacity 4839K, committed 4864K, reserved 1048576K
}
Event: 5.333 GC heap before
{Heap before GC invocations=7 (full 1):
 PSYoungGen      total 139264K, used 31364K [0x00000000e0000000, 0x00000000eae80000, 0x0000000100000000)
  eden space 128512K, 16% used [0x00000000e0000000,0x00000000e1421410,0x00000000e7d80000)
  from space 10752K, 99% used [0x00000000e7d80000,0x00000000e87ffc70,0x00000000e8800000)
  to   space 14336K, 0% used [0x00000000ea080000,0x00000000ea080000,0x00000000eae80000)
 ParOldGen       total 115712K, used 12768K [0x00000000a0000000, 0x00000000a7100000, 0x00000000e0000000)
  object space 115712K, 11% used [0x00000000a0000000,0x00000000a0c781b8,0x00000000a7100000)
 Metaspace       used 34451K, capacity 35360K, committed 35456K, reserved 1079296K
  class space    used 4739K, capacity 4945K, committed 4992K, reserved 1048576K
Event: 5.341 GC heap after
Heap after GC invocations=7 (full 1):
 PSYoungGen      total 164864K, used 8977K [0x00000000e0000000, 0x00000000ee300000, 0x0000000100000000)
  eden space 150528K, 0% used [0x00000000e0000000,0x00000000e0000000,0x00000000e9300000)
  from space 14336K, 62% used [0x00000000ea080000,0x00000000ea9446d8,0x00000000eae80000)
  to   space 13824K, 0% used [0x00000000e9300000,0x00000000e9300000,0x00000000ea080000)
 ParOldGen       total 115712K, used 12776K [0x00000000a0000000, 0x00000000a7100000, 0x00000000e0000000)
  object space 115712K, 11% used [0x00000000a0000000,0x00000000a0c7a1b8,0x00000000a7100000)
 Metaspace       used 34451K, capacity 35360K, committed 35456K, reserved 1079296K
  class space    used 4739K, capacity 4945K, committed 4992K, reserved 1048576K
}
Event: 5.341 GC heap before
{Heap before GC invocations=8 (full 2):
 PSYoungGen      total 164864K, used 8977K [0x00000000e0000000, 0x00000000ee300000, 0x0000000100000000)
  eden space 150528K, 0% used [0x00000000e0000000,0x00000000e0000000,0x00000000e9300000)
  from space 14336K, 62% used [0x00000000ea080000,0x00000000ea9446d8,0x00000000eae80000)
  to   space 13824K, 0% used [0x00000000e9300000,0x00000000e9300000,0x00000000ea080000)
 ParOldGen       total 115712K, used 12776K [0x00000000a0000000, 0x00000000a7100000, 0x00000000e0000000)
  object space 115712K, 11% used [0x00000000a0000000,0x00000000a0c7a1b8,0x00000000a7100000)
 Metaspace       used 34451K, capacity 35360K, committed 35456K, reserved 1079296K
  class space    used 4739K, capacity 4945K, committed 4992K, reserved 1048576K
Event: 5.421 GC heap after
Heap after GC invocations=8 (full 2):
 PSYoungGen      total 164864K, used 0K [0x00000000e0000000, 0x00000000ee300000, 0x0000000100000000)
  eden space 150528K, 0% used [0x00000000e0000000,0x00000000e0000000,0x00000000e9300000)
  from space 14336K, 0% used [0x00000000ea080000,0x00000000ea080000,0x00000000eae80000)
  to   space 13824K, 0% used [0x00000000e9300000,0x00000000e9300000,0x00000000ea080000)
 ParOldGen       total 115712K, used 16192K [0x00000000a0000000, 0x00000000a7100000, 0x00000000e0000000)
  object space 115712K, 13% used [0x00000000a0000000,0x00000000a0fd0278,0x00000000a7100000)
 Metaspace       used 34399K, capacity 35186K, committed 35456K, reserved 1079296K
  class space    used 4723K, capacity 4916K, committed 4992K, reserved 1048576K
}
Event: 7.204 GC heap before
{Heap before GC invocations=9 (full 2):
 PSYoungGen      total 164864K, used 150528K [0x00000000e0000000, 0x00000000ee300000, 0x0000000100000000)
  eden space 150528K, 100% used [0x00000000e0000000,0x00000000e9300000,0x00000000e9300000)
  from space 14336K, 0% used [0x00000000ea080000,0x00000000ea080000,0x00000000eae80000)
  to   space 13824K, 0% used [0x00000000e9300000,0x00000000e9300000,0x00000000ea080000)
 ParOldGen       total 115712K, used 16192K [0x00000000a0000000, 0x00000000a7100000, 0x00000000e0000000)
  object space 115712K, 13% used [0x00000000a0000000,0x00000000a0fd0278,0x00000000a7100000)
 Metaspace       used 47162K, capacity 48324K, committed 48640K, reserved 1091584K
  class space    used 6309K, capacity 6579K, committed 6656K, reserved 1048576K
Event: 7.231 GC heap after
Heap after GC invocations=9 (full 2):
 PSYoungGen      total 164352K, used 13800K [0x00000000e0000000, 0x00000000ee300000, 0x0000000100000000)
  eden space 150528K, 0% used [0x00000000e0000000,0x00000000e0000000,0x00000000e9300000)
  from space 13824K, 99% used [0x00000000e9300000,0x00000000ea07a320,0x00000000ea080000)
  to   space 14336K, 0% used [0x00000000ea080000,0x00000000ea080000,0x00000000eae80000)
 ParOldGen       total 115712K, used 21448K [0x00000000a0000000, 0x00000000a7100000, 0x00000000e0000000)
  object space 115712K, 18% used [0x00000000a0000000,0x00000000a14f2078,0x00000000a7100000)
 Metaspace       used 47162K, capacity 48324K, committed 48640K, reserved 1091584K
  class space    used 6309K, capacity 6579K, committed 6656K, reserved 1048576K
}

Deoptimization events (10 events):
Event: 6.930 Thread 0x000000001b067000 Uncommon trap: reason=unstable_if action=reinterpret pc=0x0000000002f84514 method=java.lang.String.replace(CC)Ljava/lang/String; @ 2
Event: 6.933 Thread 0x000000001b067000 Uncommon trap: reason=bimorphic action=maybe_recompile pc=0x0000000003747230 method=org.codehaus.groovy.runtime.metaclass.MetaMethodIndex.addMethodToList(Ljava/lang/Object;Lgroovy/lang/MetaMethod;)Ljava/lang/Object; @ 96
Event: 6.933 Thread 0x000000001b067000 Uncommon trap: reason=unstable_if action=reinterpret pc=0x00000000037471b0 method=org.codehaus.groovy.runtime.metaclass.MetaMethodIndex.isNonRealMethod(Lgroovy/lang/MetaMethod;)Z @ 4
Event: 6.934 Thread 0x000000001b067000 Uncommon trap: reason=unstable_if action=reinterpret pc=0x00000000039562d8 method=groovy.lang.MetaClassImpl$1MOPIter.methodNameAction(Ljava/lang/Class;Lorg/codehaus/groovy/runtime/metaclass/MetaMethodIndex$Entry;)V @ 182
Event: 7.029 Thread 0x000000001b067000 Uncommon trap: reason=unstable_if action=reinterpret pc=0x00000000033632e4 method=java.lang.String.lastIndexOf([CII[CIII)I @ 17
Event: 7.030 Thread 0x000000001b067000 Uncommon trap: reason=unstable_if action=reinterpret pc=0x00000000037202a8 method=sun.net.www.protocol.jar.Handler.parseURL(Ljava/net/URL;Ljava/lang/String;II)V @ 94
Event: 7.318 Thread 0x000000001b067000 Uncommon trap: reason=unstable_if action=reinterpret pc=0x00000000039f7db0 method=org.gradle.internal.instantiation.AbstractClassGenerator$InjectionAnnotationValidator.validateMethod(Ljava/lang/reflect/Method;Lorg/gradle/internal/reflect/PropertyAccessorT
Event: 7.667 Thread 0x000000001b067000 Uncommon trap: reason=unstable_if action=reinterpret pc=0x0000000003383a48 method=kotlin.reflect.jvm.internal.impl.protobuf.CodedInputStream.readRawVarint32()I @ 10
Event: 8.030 Thread 0x000000001b067000 Uncommon trap: reason=unstable_if action=reinterpret pc=0x00000000038b5d98 method=java.io.WinNTFileSystem.normalize(Ljava/lang/String;)Ljava/lang/String; @ 74
Event: 8.108 Thread 0x000000001b067000 Uncommon trap: reason=null_check action=make_not_entrant pc=0x00000000039dadd4 method=java.lang.ThreadLocal$ThreadLocalMap.getEntryAfterMiss(Ljava/lang/ThreadLocal;ILjava/lang/ThreadLocal$ThreadLocalMap$Entry;)Ljava/lang/ThreadLocal$ThreadLocalMap$Entry; 

Classes redefined (0 events):
No events

Internal exceptions (10 events):
Event: 7.428 Thread 0x000000001b067000 Exception <a 'java/lang/NoSuchMethodError': java.lang.Object.lambda$comparingInt$7b0bb60$1(Ljava/util/function/ToIntFunction;Ljava/lang/Object;Ljava/lang/Object;)I> (0x00000000e0c82328) thrown at [D:\src\AOSP-openjdk-cygwin\jdk8u\hotspot\src\share\vm\inte
Event: 7.429 Thread 0x000000001b067000 Exception <a 'java/lang/NoSuchMethodError': java.lang.Object.lambda$thenComparing$36697e65$1(Ljava/util/Comparator;Ljava/lang/Object;Ljava/lang/Object;)I> (0x00000000e0c8aeb0) thrown at [D:\src\AOSP-openjdk-cygwin\jdk8u\hotspot\src\share\vm\interpreter\li
Event: 7.430 Thread 0x000000001b067000 Exception <a 'java/lang/NoSuchMethodError': java.lang.Object.lambda$comparing$ea9a8b3a$1(Ljava/util/Comparator;Ljava/util/function/Function;Ljava/lang/Object;Ljava/lang/Object;)I> (0x00000000e0c98960) thrown at [D:\src\AOSP-openjdk-cygwin\jdk8u\hotspot\sr
Event: 7.973 Thread 0x000000001b067000 Exception <a 'java/lang/ClassNotFoundException': com/android/build/gradle/internal/api/ApkVariantOutputImpl_DecoratedBeanInfo> (0x00000000e41607a8) thrown at [D:\src\AOSP-openjdk-cygwin\jdk8u\hotspot\src\share\vm\classfile\systemDictionary.cpp, line 210]
Event: 7.973 Thread 0x000000001b067000 Exception <a 'java/lang/ClassNotFoundException': com/android/build/gradle/internal/api/ApkVariantOutputImplBeanInfo> (0x00000000e417d5d0) thrown at [D:\src\AOSP-openjdk-cygwin\jdk8u\hotspot\src\share\vm\classfile\systemDictionary.cpp, line 210]
Event: 7.974 Thread 0x000000001b067000 Exception <a 'java/lang/ClassNotFoundException': com/android/build/gradle/internal/api/BaseVariantOutputImplBeanInfo> (0x00000000e419b5e8) thrown at [D:\src\AOSP-openjdk-cygwin\jdk8u\hotspot\src\share\vm\classfile\systemDictionary.cpp, line 210]
Event: 7.974 Thread 0x000000001b067000 Exception <a 'java/lang/ClassNotFoundException': com/android/build/gradle/internal/api/BaseVariantOutputImplCustomizer> (0x00000000e41b9b58) thrown at [D:\src\AOSP-openjdk-cygwin\jdk8u\hotspot\src\share\vm\classfile\systemDictionary.cpp, line 210]
Event: 7.975 Thread 0x000000001b067000 Exception <a 'java/lang/ClassNotFoundException': com/android/build/gradle/internal/api/ApkVariantOutputImplCustomizer> (0x00000000e41f1f00) thrown at [D:\src\AOSP-openjdk-cygwin\jdk8u\hotspot\src\share\vm\classfile\systemDictionary.cpp, line 210]
Event: 7.976 Thread 0x000000001b067000 Exception <a 'java/lang/ClassNotFoundException': com/android/build/gradle/internal/api/ApkVariantOutputImpl_DecoratedCustomizer> (0x00000000e4225848) thrown at [D:\src\AOSP-openjdk-cygwin\jdk8u\hotspot\src\share\vm\classfile\systemDictionary.cpp, line 210
Event: 8.108 Thread 0x000000001b067000 Implicit null exception at 0x00000000039daab4 to 0x00000000039dadb5

Events (10 events):
Event: 8.131 loading class com/android/build/gradle/internal/TaskManager
Event: 8.131 loading class com/android/build/gradle/internal/TaskManager done
Event: 8.132 loading class com/android/build/gradle/internal/TaskManager
Event: 8.132 loading class com/android/build/gradle/internal/TaskManager done
Event: 8.133 loading class com/android/build/gradle/internal/api/artifact/BuildArtifactSpec
Event: 8.133 loading class com/android/build/gradle/internal/api/artifact/BuildArtifactSpec done
Event: 8.134 loading class com/android/build/gradle/internal/api/artifact/BuildArtifactSpec$Companion
Event: 8.134 loading class com/android/build/gradle/internal/api/artifact/BuildArtifactSpec$Companion done
Event: 8.134 loading class com/android/build/api/artifact/BuildArtifactType
Event: 8.134 loading class com/android/build/api/artifact/BuildArtifactType done


Dynamic libraries:
0x00007ff75e580000 - 0x00007ff75e5b1000 	F:\develop\soft\android-studio-3.5.2\jre\bin\java.exe
0x00007ffb186b0000 - 0x00007ffb188a5000 	C:\Windows\SYSTEM32\ntdll.dll
0x00007ffb185b0000 - 0x00007ffb1866d000 	C:\Windows\System32\KERNEL32.DLL
0x00007ffb15fb0000 - 0x00007ffb16278000 	C:\Windows\System32\KERNELBASE.dll
0x00007ffb18030000 - 0x00007ffb180dc000 	C:\Windows\System32\ADVAPI32.dll
0x00007ffb16730000 - 0x00007ffb167ce000 	C:\Windows\System32\msvcrt.dll
0x00007ffb16860000 - 0x00007ffb168fb000 	C:\Windows\System32\sechost.dll
0x00007ffb16c30000 - 0x00007ffb16d5b000 	C:\Windows\System32\RPCRT4.dll
0x00007ffb18380000 - 0x00007ffb18520000 	C:\Windows\System32\USER32.dll
0x00007ffb15ed0000 - 0x00007ffb15ef2000 	C:\Windows\System32\win32u.dll
0x00007ffb182a0000 - 0x00007ffb182ca000 	C:\Windows\System32\GDI32.dll
0x00007ffb16470000 - 0x00007ffb1657b000 	C:\Windows\System32\gdi32full.dll
0x00007ffb16380000 - 0x00007ffb1641d000 	C:\Windows\System32\msvcp_win.dll
0x00007ffb16280000 - 0x00007ffb16380000 	C:\Windows\System32\ucrtbase.dll
0x00007ffb08490000 - 0x00007ffb0872a000 	C:\Windows\WinSxS\amd64_microsoft.windows.common-controls_6595b64144ccf1df_6.0.19041.844_none_ca00b6081b84eb1d\COMCTL32.dll
0x00007ffb18580000 - 0x00007ffb185b0000 	C:\Windows\System32\IMM32.DLL
0x000000006e370000 - 0x000000006e442000 	F:\develop\soft\android-studio-3.5.2\jre\jre\bin\msvcr100.dll
0x000000006e450000 - 0x000000006ec96000 	F:\develop\soft\android-studio-3.5.2\jre\jre\bin\server\jvm.dll
0x00007ffb16720000 - 0x00007ffb16728000 	C:\Windows\System32\PSAPI.DLL
0x00007ffb0ff10000 - 0x00007ffb0ff1a000 	C:\Windows\SYSTEM32\VERSION.dll
0x00007ffb0d360000 - 0x00007ffb0d369000 	C:\Windows\SYSTEM32\WSOCK32.dll
0x00007ffb0a090000 - 0x00007ffb0a0b7000 	C:\Windows\SYSTEM32\WINMM.dll
0x00007ffb16a90000 - 0x00007ffb16afb000 	C:\Windows\System32\WS2_32.dll
0x00007ffb0b680000 - 0x00007ffb0b68f000 	F:\develop\soft\android-studio-3.5.2\jre\jre\bin\verify.dll
0x00007ffb02d50000 - 0x00007ffb02d79000 	F:\develop\soft\android-studio-3.5.2\jre\jre\bin\java.dll
0x00007ffb0a0c0000 - 0x00007ffb0a0d6000 	F:\develop\soft\android-studio-3.5.2\jre\jre\bin\zip.dll
0x00007ffb17270000 - 0x00007ffb179b2000 	C:\Windows\System32\SHELL32.dll
0x00007ffb13f50000 - 0x00007ffb146e1000 	C:\Windows\SYSTEM32\windows.storage.dll
0x00007ffb16f10000 - 0x00007ffb17265000 	C:\Windows\System32\combase.dll
0x00007ffb15860000 - 0x00007ffb1588c000 	C:\Windows\SYSTEM32\Wldp.dll
0x00007ffb182d0000 - 0x00007ffb1837e000 	C:\Windows\System32\SHCORE.dll
0x00007ffb18520000 - 0x00007ffb18575000 	C:\Windows\System32\shlwapi.dll
0x00007ffb15d30000 - 0x00007ffb15d4f000 	C:\Windows\SYSTEM32\profapi.dll
0x00007ffb02d30000 - 0x00007ffb02d4a000 	F:\develop\soft\android-studio-3.5.2\jre\jre\bin\net.dll
0x00007ffb15560000 - 0x00007ffb155ca000 	C:\Windows\system32\mswsock.dll
0x00007ffb02d10000 - 0x00007ffb02d21000 	F:\develop\soft\android-studio-3.5.2\jre\jre\bin\nio.dll
0x00007ffaf68b0000 - 0x00007ffaf68d6000 	C:\Users\Administrator\.gradle\native\29\windows-amd64\native-platform.dll
0x00007ffb0ad30000 - 0x00007ffb0ad3d000 	F:\develop\soft\android-studio-3.5.2\jre\jre\bin\management.dll
0x00007ffb15730000 - 0x00007ffb15748000 	C:\Windows\SYSTEM32\CRYPTSP.dll
0x00007ffb14ea0000 - 0x00007ffb14ed4000 	C:\Windows\system32\rsaenh.dll
0x00007ffb16580000 - 0x00007ffb165a7000 	C:\Windows\System32\bcrypt.dll
0x00007ffb15cb0000 - 0x00007ffb15cde000 	C:\Windows\SYSTEM32\USERENV.dll
0x00007ffb15e50000 - 0x00007ffb15ed0000 	C:\Windows\System32\bcryptprimitives.dll
0x00007ffb15750000 - 0x00007ffb1575c000 	C:\Windows\SYSTEM32\CRYPTBASE.dll
0x00007ffb151f0000 - 0x00007ffb1522b000 	C:\Windows\SYSTEM32\IPHLPAPI.DLL
0x00007ffb169d0000 - 0x00007ffb169d8000 	C:\Windows\System32\NSI.dll
0x00007ffb10110000 - 0x00007ffb10127000 	C:\Windows\SYSTEM32\dhcpcsvc6.DLL
0x00007ffb10070000 - 0x00007ffb1008d000 	C:\Windows\SYSTEM32\dhcpcsvc.DLL
0x00007ffb15230000 - 0x00007ffb152fc000 	C:\Windows\SYSTEM32\DNSAPI.dll

VM Arguments:
jvm_args: -Xmx1536m -Dfile.encoding=GBK -Duser.country=CN -Duser.language=zh -Duser.variant 
java_command: org.gradle.launcher.daemon.bootstrap.GradleDaemon 5.4.1
java_class_path (initial): C:\Users\Administrator\.gradle\wrapper\dists\gradle-5.4.1-all\3221gyojl5jsh0helicew7rwx\gradle-5.4.1\lib\gradle-launcher-5.4.1.jar
Launcher Type: SUN_STANDARD

Environment Variables:
JAVA_HOME=C:\Program Files\Java\jdk-15.0.1
PATH=C:\Program Files\Common Files\Oracle\Java\javapath;C:\Windows\system32;C:\Windows;C:\Windows\System32\Wbem;C:\Windows\System32\WindowsPowerShell\v1.0\;C:\Windows\System32\OpenSSH\;C:\Program Files (x86)\Yozosoft\Yozo_Office\Lib\xuggler\bin;C:\Program Files\Git\cmd;E:\develop\resourse\flutter\bin;C:\Program Files\Java\jdk-15.0.1\bin;C:\Users\Administrator\AppData\Local\Microsoft\WindowsApps;;E:\program files\Fiddler
USERNAME=Administrator
OS=Windows_NT
PROCESSOR_IDENTIFIER=Intel64 Family 6 Model 44 Stepping 2, GenuineIntel



---------------  S Y S T E M  ---------------

OS: Windows 10.0 , 64 bit Build 19041 (10.0.19041.928)

CPU:total 12 (initial active 12) (6 cores per cpu, 2 threads per core) family 6 model 44 stepping 2, cmov, cx8, fxsr, mmx, sse, sse2, sse3, ssse3, sse4.1, sse4.2, popcnt, aes, clmul, ht, tsc, tscinvbit, tscinv

Memory: 4k page, physical 16768240k(9183172k free), swap 29875692k(5172k free)

vm_info: OpenJDK 64-Bit Server VM (25.202-b03) for windows-amd64 JRE (1.8.0_202-release-1483-b03), built by "builder" with MS VC++ 10.0 (VS2010)

time: Tue May 11 21:19:59 2021
timezone: 中国标准时间
elapsed time: 8 seconds (0d 0h 0m 8s)

