#
# There is insufficient memory for the Java Runtime Environment to continue.
# Native memory allocation (malloc) failed to allocate 2038736 bytes for Chunk::new
# Possible reasons:
#   The system is out of physical RAM or swap space
#   The process is running with CompressedOops enabled, and the Java Heap may be blocking the growth of the native heap
# Possible solutions:
#   Reduce memory load on the system
#   Increase physical memory or swap space
#   Check if swap backing store is full
#   Decrease Java heap size (-Xmx/-Xms)
#   Decrease number of Java threads
#   Decrease Java thread stack sizes (-Xss)
#   Set larger code cache with -XX:ReservedCodeCacheSize=
#   JVM is running with Unscaled Compressed Oops mode in which the Java heap is
#     placed in the first 4GB address space. The Java Heap base address is the
#     maximum limit for the native heap growth. Please use -XX:HeapBaseMinAddress
#     to set the Java Heap base and to place the Java Heap above 4GB virtual address.
# This output file may be truncated or incomplete.
#
#  Out of Memory Error (allocation.cpp:389), pid=11364, tid=0x0000000000000638
#
# JRE version: OpenJDK Runtime Environment (8.0_202-b03) (build 1.8.0_202-release-1483-b03)
# Java VM: OpenJDK 64-Bit Server VM (25.202-b03 mixed mode windows-amd64 compressed oops)
# Failed to write core dump. Minidumps are not enabled by default on client versions of Windows
#

---------------  T H R E A D  ---------------

Current thread (0x00000000185a8800):  JavaThread "C2 CompilerThread2" daemon [_thread_in_native, id=1592, stack(0x0000000019cf0000,0x0000000019df0000)]

Stack: [0x0000000019cf0000,0x0000000019df0000]
[error occurred during error reporting (printing stack bounds), id 0xc0000005]

Native frames: (J=compiled Java code, j=interpreted, Vv=VM code, C=native code)


Current CompileTask:
C2:  16311 12030 %     4       com.android.tools.r8.ir.regalloc.LinearScanRegisterAllocator::a @ 293 (972 bytes)


---------------  P R O C E S S  ---------------

Java Threads: ( => current thread )
  0x000000001f286000 JavaThread "WorkerExecutor Queue Thread 13" [_thread_blocked, id=1532, stack(0x000000002f5f0000,0x000000002f6f0000)]
  0x000000001f28b800 JavaThread "WorkerExecutor Queue Thread 12" [_thread_blocked, id=1208, stack(0x000000002f340000,0x000000002f440000)]
  0x000000001f28a800 JavaThread "WorkerExecutor Queue Thread 11" [_thread_blocked, id=16324, stack(0x000000002f240000,0x000000002f340000)]
  0x000000001f285800 JavaThread "WorkerExecutor Queue Thread 10" [_thread_blocked, id=4588, stack(0x000000002f140000,0x000000002f240000)]
  0x000000001f288800 JavaThread "WorkerExecutor Queue Thread 9" [_thread_in_Java, id=15672, stack(0x00000000281c0000,0x00000000282c0000)]
  0x000000001f28a000 JavaThread "WorkerExecutor Queue Thread 8" [_thread_blocked, id=13420, stack(0x000000002eee0000,0x000000002efe0000)]
  0x000000001f287800 JavaThread "WorkerExecutor Queue Thread 7" [_thread_blocked, id=16620, stack(0x000000002ede0000,0x000000002eee0000)]
  0x000000001f27e000 JavaThread "WorkerExecutor Queue Thread 6" [_thread_blocked, id=4484, stack(0x000000002ece0000,0x000000002ede0000)]
  0x000000001f284800 JavaThread "WorkerExecutor Queue Thread 5" [_thread_blocked, id=7540, stack(0x000000002dc10000,0x000000002dd10000)]
  0x000000001f281000 JavaThread "WorkerExecutor Queue Thread 4" [_thread_blocked, id=13164, stack(0x000000002db10000,0x000000002dc10000)]
  0x000000001f27d000 JavaThread "WorkerExecutor Queue Thread 3" [_thread_blocked, id=9132, stack(0x000000002da10000,0x000000002db10000)]
  0x000000001f284000 JavaThread "WorkerExecutor Queue Thread 2" [_thread_blocked, id=1276, stack(0x0000000027fb0000,0x00000000280b0000)]
  0x000000001f27c800 JavaThread "WorkerExecutor Queue" [_thread_blocked, id=10420, stack(0x00000000280c0000,0x00000000281c0000)]
  0x000000001f281800 JavaThread "Cache worker for execution history cache (F:\develop\project\github\imToken\.gradle\5.4.1\executionHistory)" [_thread_blocked, id=10388, stack(0x00000000278b0000,0x00000000279b0000)]
  0x000000001f283000 JavaThread "Execution worker for ':' Thread 11" [_thread_in_Java, id=17944, stack(0x00000000276b0000,0x00000000277b0000)]
  0x000000001f27f800 JavaThread "Execution worker for ':' Thread 10" [_thread_blocked, id=14620, stack(0x00000000275b0000,0x00000000276b0000)]
  0x0000000021f32000 JavaThread "Execution worker for ':' Thread 9" [_thread_in_Java, id=17628, stack(0x00000000274b0000,0x00000000275b0000)]
  0x0000000021f2f800 JavaThread "Execution worker for ':' Thread 8" [_thread_blocked, id=17240, stack(0x00000000273b0000,0x00000000274b0000)]
  0x0000000021f35800 JavaThread "Execution worker for ':' Thread 7" [_thread_in_Java, id=7640, stack(0x00000000272b0000,0x00000000273b0000)]
  0x0000000021f35000 JavaThread "Execution worker for ':' Thread 6" [_thread_in_native, id=17612, stack(0x00000000261b0000,0x00000000262b0000)]
  0x0000000021f34000 JavaThread "Execution worker for ':' Thread 5" [_thread_in_Java, id=7480, stack(0x00000000260b0000,0x00000000261b0000)]
  0x0000000021f2f000 JavaThread "Execution worker for ':' Thread 4" [_thread_in_Java, id=12832, stack(0x0000000025da0000,0x0000000025ea0000)]
  0x0000000021f30800 JavaThread "Execution worker for ':' Thread 3" [_thread_blocked, id=7388, stack(0x00000000259e0000,0x0000000025ae0000)]
  0x0000000021f32800 JavaThread "Execution worker for ':' Thread 2" [_thread_blocked, id=11028, stack(0x0000000025640000,0x0000000025740000)]
  0x0000000021f31000 JavaThread "Execution worker for ':'" [_thread_blocked, id=9816, stack(0x00000000252e0000,0x00000000253e0000)]
  0x0000000021f33800 JavaThread "Cache worker for file content cache (F:\develop\project\github\imToken\.gradle\5.4.1\fileContent)" [_thread_blocked, id=4556, stack(0x00000000251e0000,0x00000000252e0000)]
  0x000000001ef9c800 JavaThread "Cache worker for file content cache (C:\Users\Administrator\.gradle\caches\5.4.1\fileContent)" [_thread_blocked, id=3576, stack(0x00000000250e0000,0x00000000251e0000)]
  0x000000001ef9b800 JavaThread "Memory manager" [_thread_blocked, id=8476, stack(0x0000000024fe0000,0x00000000250e0000)]
  0x000000001ef9d000 JavaThread "Cache worker for Build Output Cleanup Cache (F:\develop\project\github\imToken\.gradle\buildOutputCleanup)" [_thread_blocked, id=17728, stack(0x00000000244e0000,0x00000000245e0000)]
  0x000000001ef9e000 JavaThread "Build operations Thread 12" [_thread_blocked, id=7748, stack(0x00000000241e0000,0x00000000242e0000)]
  0x000000001ef9e800 JavaThread "Build operations Thread 11" [_thread_blocked, id=14280, stack(0x0000000023fe0000,0x00000000240e0000)]
  0x000000001ef9a000 JavaThread "Build operations Thread 10" [_thread_blocked, id=9048, stack(0x0000000023ee0000,0x0000000023fe0000)]
  0x000000001ef92800 JavaThread "Build operations Thread 9" [_thread_blocked, id=9972, stack(0x0000000023de0000,0x0000000023ee0000)]
  0x000000001ef99800 JavaThread "Build operations Thread 8" [_thread_blocked, id=15408, stack(0x0000000023ce0000,0x0000000023de0000)]
  0x000000001ef98000 JavaThread "Build operations Thread 7" [_thread_blocked, id=7064, stack(0x0000000023be0000,0x0000000023ce0000)]
  0x000000001ef96800 JavaThread "Build operations Thread 6" [_thread_blocked, id=15088, stack(0x0000000023ae0000,0x0000000023be0000)]
  0x000000001ef92000 JavaThread "Build operations Thread 5" [_thread_blocked, id=13740, stack(0x00000000239e0000,0x0000000023ae0000)]
  0x000000001ef95800 JavaThread "Build operations Thread 4" [_thread_blocked, id=7384, stack(0x00000000238e0000,0x00000000239e0000)]
  0x000000001ef95000 JavaThread "Build operations Thread 3" [_thread_blocked, id=14920, stack(0x00000000237e0000,0x00000000238e0000)]
  0x000000001ef98800 JavaThread "Build operations Thread 2" [_thread_blocked, id=464, stack(0x00000000236e0000,0x00000000237e0000)]
  0x000000001ef94000 JavaThread "Build operations" [_thread_blocked, id=10208, stack(0x00000000235e0000,0x00000000236e0000)]
  0x000000001ef97000 JavaThread "Cache worker for execution history cache (C:\Users\Administrator\.gradle\caches\5.4.1\executionHistory)" [_thread_blocked, id=12552, stack(0x0000000020570000,0x0000000020670000)]
  0x000000001ef93800 JavaThread "Cache worker for cache directory md-rule (C:\Users\Administrator\.gradle\caches\5.4.1\md-rule)" [_thread_blocked, id=2688, stack(0x0000000022e30000,0x0000000022f30000)]
  0x000000001ba78800 JavaThread "Cache worker for cache directory md-supplier (C:\Users\Administrator\.gradle\caches\5.4.1\md-supplier)" [_thread_blocked, id=1264, stack(0x0000000021720000,0x0000000021820000)]
  0x000000001ba72000 JavaThread "Cache worker for file hash cache (F:\develop\project\github\imToken\.gradle\5.4.1\fileHashes)" [_thread_blocked, id=17924, stack(0x000000001fe70000,0x000000001ff70000)]
  0x000000001ba73800 JavaThread "Cache worker for journal cache (C:\Users\Administrator\.gradle\caches\journal-1)" [_thread_blocked, id=5700, stack(0x000000001dbd0000,0x000000001dcd0000)]
  0x000000001ba74000 JavaThread "File lock request listener" [_thread_in_native, id=14608, stack(0x000000001dad0000,0x000000001dbd0000)]
  0x000000001be54800 JavaThread "Cache worker for file hash cache (C:\Users\Administrator\.gradle\caches\5.4.1\fileHashes)" [_thread_blocked, id=1212, stack(0x000000001d7d0000,0x000000001d8d0000)]
  0x000000001b67d800 JavaThread "Thread-9" [_thread_blocked, id=16756, stack(0x000000001d6d0000,0x000000001d7d0000)]
  0x000000001b679800 JavaThread "Stdin handler" [_thread_blocked, id=1356, stack(0x000000001d5d0000,0x000000001d6d0000)]
  0x000000001b681800 JavaThread "Asynchronous log dispatcher for DefaultDaemonConnection: socket connection from /127.0.0.1:56741 to /127.0.0.1:56742" [_thread_blocked, id=17248, stack(0x000000001d4d0000,0x000000001d5d0000)]
  0x000000001b680000 JavaThread "Daemon worker" [_thread_in_Java, id=9364, stack(0x000000001d3d0000,0x000000001d4d0000)]
  0x000000001bdae800 JavaThread "Cancel handler" [_thread_blocked, id=8540, stack(0x000000001d2d0000,0x000000001d3d0000)]
  0x000000001bbc1000 JavaThread "Handler for socket connection from /127.0.0.1:56741 to /127.0.0.1:56742" [_thread_in_native, id=15656, stack(0x000000001cfd0000,0x000000001d0d0000)]
  0x000000001b8e0800 JavaThread "Daemon" [_thread_blocked, id=11444, stack(0x000000001ced0000,0x000000001cfd0000)]
  0x000000001b8dd000 JavaThread "Daemon periodic checks" [_thread_blocked, id=17000, stack(0x000000001cdd0000,0x000000001ced0000)]
  0x000000001b07a800 JavaThread "Incoming local TCP Connector on port 56741" [_thread_in_native, id=18180, stack(0x000000001cc20000,0x000000001cd20000)]
  0x000000001ba9b000 JavaThread "Daemon health stats" [_thread_blocked, id=15064, stack(0x000000001c900000,0x000000001ca00000)]
  0x00000000185f0800 JavaThread "Service Thread" daemon [_thread_blocked, id=12336, stack(0x0000000019ef0000,0x0000000019ff0000)]
  0x00000000185a9800 JavaThread "C1 CompilerThread3" daemon [_thread_blocked, id=18044, stack(0x0000000019df0000,0x0000000019ef0000)]
=>0x00000000185a8800 JavaThread "C2 CompilerThread2" daemon [_thread_in_native, id=1592, stack(0x0000000019cf0000,0x0000000019df0000)]
  0x00000000185a1800 JavaThread "C2 CompilerThread1" daemon [_thread_in_native, id=4704, stack(0x0000000019bf0000,0x0000000019cf0000)]
  0x0000000018593000 JavaThread "C2 CompilerThread0" daemon [_thread_in_native, id=9608, stack(0x0000000019af0000,0x0000000019bf0000)]
  0x0000000018592000 JavaThread "Attach Listener" daemon [_thread_blocked, id=15804, stack(0x00000000199f0000,0x0000000019af0000)]
  0x000000001853e000 JavaThread "Signal Dispatcher" daemon [_thread_blocked, id=18008, stack(0x00000000198f0000,0x00000000199f0000)]
  0x0000000016e41800 JavaThread "Finalizer" daemon [_thread_blocked, id=12392, stack(0x0000000019790000,0x0000000019890000)]
  0x0000000018523000 JavaThread "Reference Handler" daemon [_thread_blocked, id=11256, stack(0x0000000019690000,0x0000000019790000)]
  0x00000000029fe000 JavaThread "main" [_thread_blocked, id=12268, stack(0x00000000028c0000,0x00000000029c0000)]

Other Threads:
  0x0000000018502800 VMThread [stack: 0x0000000019590000,0x0000000019690000] [id=15388]
  0x00000000185f2800 WatcherThread [stack: 0x0000000019ff0000,0x000000001a0f0000] [id=6708]

VM state:not at safepoint (normal execution)

VM Mutex/Monitor currently owned by a thread: None

heap address: 0x00000000a0000000, size: 1536 MB, Compressed Oops mode: 32-bit
Narrow klass base: 0x0000000000000000, Narrow klass shift: 3
Compressed class space size: 1073741824 Address: 0x0000000100000000

Heap:
 PSYoungGen      total 413184K, used 360353K [0x00000000e0000000, 0x00000000fc300000, 0x0000000100000000)
  eden space 362496K, 93% used [0x00000000e0000000,0x00000000f4b7b518,0x00000000f6200000)
  from space 50688K, 41% used [0x00000000f9180000,0x00000000fa5ed030,0x00000000fc300000)
  to   space 48640K, 0% used [0x00000000f6200000,0x00000000f6200000,0x00000000f9180000)
 ParOldGen       total 268288K, used 112860K [0x00000000a0000000, 0x00000000b0600000, 0x00000000e0000000)
  object space 268288K, 42% used [0x00000000a0000000,0x00000000a6e37320,0x00000000b0600000)
 Metaspace       used 76007K, capacity 80536K, committed 80728K, reserved 1118208K
  class space    used 10347K, capacity 11081K, committed 11096K, reserved 1048576K

Card table byte_map: [0x0000000012240000,0x0000000012550000] byte_map_base: 0x0000000011d40000

Marking Bits: (ParMarkBitMap*) 0x000000006ec19f30
 Begin Bits: [0x0000000013150000, 0x0000000014950000)
 End Bits:   [0x0000000014950000, 0x0000000016150000)

Polling page: 0x00000000029c0000

CodeCache: size=245760Kb used=34997Kb max_used=35123Kb free=210762Kb
 bounds [0x0000000002e80000, 0x00000000050f0000, 0x0000000011e80000]
 total_blobs=11901 nmethods=11073 adapters=740
 compilation: enabled

Compilation events (10 events):
Event: 16.300 Thread 0x00000000185a9800 12735       1       com.android.tools.r8.ir.code.InvokeVirtual::isInvokeVirtual (2 bytes)
Event: 16.300 Thread 0x00000000185a9800 nmethod 12735 0x00000000044d4750 code [0x00000000044d48a0, 0x00000000044d49b0]
Event: 16.301 Thread 0x00000000185a9800 12744       1       com.android.tools.r8.code.y::getSize (2 bytes)
Event: 16.301 Thread 0x00000000185a9800 nmethod 12744 0x000000000388b990 code [0x000000000388bae0, 0x000000000388bbf0]
Event: 16.301 Thread 0x00000000185a9800 12736   !   2       java.util.concurrent.ArrayBlockingQueue::offer (55 bytes)
Event: 16.302 Thread 0x00000000185a9800 nmethod 12736 0x0000000003432fd0 code [0x0000000003433180, 0x00000000034334b8]
Event: 16.302 Thread 0x00000000185a9800 12737       2       org.gradle.api.internal.changedetection.state.CachingFileHasher$FileInfoSerializer::write (10 bytes)
Event: 16.303 Thread 0x00000000185a9800 nmethod 12737 0x000000000423e2d0 code [0x000000000423e480, 0x000000000423e7c8]
Event: 16.303 Thread 0x00000000185a9800 12738       2       org.gradle.api.internal.changedetection.state.CachingFileHasher$FileInfoSerializer::write (33 bytes)
Event: 16.304 Thread 0x00000000185a9800 nmethod 12738 0x000000000336b7d0 code [0x000000000336b980, 0x000000000336bc68]

GC Heap History (10 events):
Event: 13.634 GC heap before
{Heap before GC invocations=15 (full 3):
 PSYoungGen      total 259072K, used 251797K [0x00000000e0000000, 0x00000000f5d80000, 0x0000000100000000)
  eden space 220160K, 100% used [0x00000000e0000000,0x00000000ed700000,0x00000000ed700000)
  from space 38912K, 81% used [0x00000000ed700000,0x00000000ef5e56b0,0x00000000efd00000)
  to   space 41984K, 0% used [0x00000000f3480000,0x00000000f3480000,0x00000000f5d80000)
 ParOldGen       total 268288K, used 71404K [0x00000000a0000000, 0x00000000b0600000, 0x00000000e0000000)
  object space 268288K, 26% used [0x00000000a0000000,0x00000000a45bb070,0x00000000b0600000)
 Metaspace       used 73312K, capacity 76628K, committed 76760K, reserved 1116160K
  class space    used 9980K, capacity 10605K, committed 10712K, reserved 1048576K
Event: 13.668 GC heap after
Heap after GC invocations=15 (full 3):
 PSYoungGen      total 311808K, used 35616K [0x00000000e0000000, 0x00000000f6c80000, 0x0000000100000000)
  eden space 269824K, 0% used [0x00000000e0000000,0x00000000e0000000,0x00000000f0780000)
  from space 41984K, 84% used [0x00000000f3480000,0x00000000f5748300,0x00000000f5d80000)
  to   space 46080K, 0% used [0x00000000f0780000,0x00000000f0780000,0x00000000f3480000)
 ParOldGen       total 268288K, used 71412K [0x00000000a0000000, 0x00000000b0600000, 0x00000000e0000000)
  object space 268288K, 26% used [0x00000000a0000000,0x00000000a45bd070,0x00000000b0600000)
 Metaspace       used 73312K, capacity 76628K, committed 76760K, reserved 1116160K
  class space    used 9980K, capacity 10605K, committed 10712K, reserved 1048576K
}
Event: 14.110 GC heap before
{Heap before GC invocations=16 (full 3):
 PSYoungGen      total 311808K, used 305440K [0x00000000e0000000, 0x00000000f6c80000, 0x0000000100000000)
  eden space 269824K, 100% used [0x00000000e0000000,0x00000000f0780000,0x00000000f0780000)
  from space 41984K, 84% used [0x00000000f3480000,0x00000000f5748300,0x00000000f5d80000)
  to   space 46080K, 0% used [0x00000000f0780000,0x00000000f0780000,0x00000000f3480000)
 ParOldGen       total 268288K, used 71412K [0x00000000a0000000, 0x00000000b0600000, 0x00000000e0000000)
  object space 268288K, 26% used [0x00000000a0000000,0x00000000a45bd070,0x00000000b0600000)
 Metaspace       used 73857K, capacity 77342K, committed 77528K, reserved 1116160K
  class space    used 10039K, capacity 10710K, committed 10712K, reserved 1048576K
Event: 14.167 GC heap after
Heap after GC invocations=16 (full 3):
 PSYoungGen      total 315904K, used 41095K [0x00000000e0000000, 0x00000000fc380000, 0x0000000100000000)
  eden space 269824K, 0% used [0x00000000e0000000,0x00000000e0000000,0x00000000f0780000)
  from space 46080K, 89% used [0x00000000f0780000,0x00000000f2fa1f40,0x00000000f3480000)
  to   space 51200K, 0% used [0x00000000f9180000,0x00000000f9180000,0x00000000fc380000)
 ParOldGen       total 268288K, used 71420K [0x00000000a0000000, 0x00000000b0600000, 0x00000000e0000000)
  object space 268288K, 26% used [0x00000000a0000000,0x00000000a45bf070,0x00000000b0600000)
 Metaspace       used 73857K, capacity 77342K, committed 77528K, reserved 1116160K
  class space    used 10039K, capacity 10710K, committed 10712K, reserved 1048576K
}
Event: 14.668 GC heap before
{Heap before GC invocations=17 (full 3):
 PSYoungGen      total 315904K, used 310919K [0x00000000e0000000, 0x00000000fc380000, 0x0000000100000000)
  eden space 269824K, 100% used [0x00000000e0000000,0x00000000f0780000,0x00000000f0780000)
  from space 46080K, 89% used [0x00000000f0780000,0x00000000f2fa1f40,0x00000000f3480000)
  to   space 51200K, 0% used [0x00000000f9180000,0x00000000f9180000,0x00000000fc380000)
 ParOldGen       total 268288K, used 71420K [0x00000000a0000000, 0x00000000b0600000, 0x00000000e0000000)
  object space 268288K, 26% used [0x00000000a0000000,0x00000000a45bf070,0x00000000b0600000)
 Metaspace       used 75219K, capacity 79618K, committed 79704K, reserved 1118208K
  class space    used 10263K, capacity 11016K, committed 11096K, reserved 1048576K
Event: 14.716 GC heap after
Heap after GC invocations=17 (full 3):
 PSYoungGen      total 413184K, used 20396K [0x00000000e0000000, 0x00000000fc300000, 0x0000000100000000)
  eden space 362496K, 0% used [0x00000000e0000000,0x00000000e0000000,0x00000000f6200000)
  from space 50688K, 40% used [0x00000000f9180000,0x00000000fa56b010,0x00000000fc300000)
  to   space 48640K, 0% used [0x00000000f6200000,0x00000000f6200000,0x00000000f9180000)
 ParOldGen       total 268288K, used 94583K [0x00000000a0000000, 0x00000000b0600000, 0x00000000e0000000)
  object space 268288K, 35% used [0x00000000a0000000,0x00000000a5c5dd70,0x00000000b0600000)
 Metaspace       used 75219K, capacity 79618K, committed 79704K, reserved 1118208K
  class space    used 10263K, capacity 11016K, committed 11096K, reserved 1048576K
}
Event: 15.402 GC heap before
{Heap before GC invocations=18 (full 3):
 PSYoungGen      total 413184K, used 382892K [0x00000000e0000000, 0x00000000fc300000, 0x0000000100000000)
  eden space 362496K, 100% used [0x00000000e0000000,0x00000000f6200000,0x00000000f6200000)
  from space 50688K, 40% used [0x00000000f9180000,0x00000000fa56b010,0x00000000fc300000)
  to   space 48640K, 0% used [0x00000000f6200000,0x00000000f6200000,0x00000000f9180000)
 ParOldGen       total 268288K, used 94583K [0x00000000a0000000, 0x00000000b0600000, 0x00000000e0000000)
  object space 268288K, 35% used [0x00000000a0000000,0x00000000a5c5dd70,0x00000000b0600000)
 Metaspace       used 75705K, capacity 80192K, committed 80472K, reserved 1118208K
  class space    used 10327K, capacity 11065K, committed 11096K, reserved 1048576K
Event: 15.431 GC heap after
Heap after GC invocations=18 (full 3):
 PSYoungGen      total 411136K, used 14357K [0x00000000e0000000, 0x00000000fc300000, 0x0000000100000000)
  eden space 362496K, 0% used [0x00000000e0000000,0x00000000e0000000,0x00000000f6200000)
  from space 48640K, 29% used [0x00000000f6200000,0x00000000f70056d8,0x00000000f9180000)
  to   space 50688K, 0% used [0x00000000f9180000,0x00000000f9180000,0x00000000fc300000)
 ParOldGen       total 268288K, used 106046K [0x00000000a0000000, 0x00000000b0600000, 0x00000000e0000000)
  object space 268288K, 39% used [0x00000000a0000000,0x00000000a678faa0,0x00000000b0600000)
 Metaspace       used 75705K, capacity 80192K, committed 80472K, reserved 1118208K
  class space    used 10327K, capacity 11065K, committed 11096K, reserved 1048576K
}
Event: 15.924 GC heap before
{Heap before GC invocations=19 (full 3):
 PSYoungGen      total 411136K, used 376853K [0x00000000e0000000, 0x00000000fc300000, 0x0000000100000000)
  eden space 362496K, 100% used [0x00000000e0000000,0x00000000f6200000,0x00000000f6200000)
  from space 48640K, 29% used [0x00000000f6200000,0x00000000f70056d8,0x00000000f9180000)
  to   space 50688K, 0% used [0x00000000f9180000,0x00000000f9180000,0x00000000fc300000)
 ParOldGen       total 268288K, used 106046K [0x00000000a0000000, 0x00000000b0600000, 0x00000000e0000000)
  object space 268288K, 39% used [0x00000000a0000000,0x00000000a678faa0,0x00000000b0600000)
 Metaspace       used 75903K, capacity 80390K, committed 80472K, reserved 1118208K
  class space    used 10341K, capacity 11078K, committed 11096K, reserved 1048576K
Event: 15.950 GC heap after
Heap after GC invocations=19 (full 3):
 PSYoungGen      total 413184K, used 20916K [0x00000000e0000000, 0x00000000fc300000, 0x0000000100000000)
  eden space 362496K, 0% used [0x00000000e0000000,0x00000000e0000000,0x00000000f6200000)
  from space 50688K, 41% used [0x00000000f9180000,0x00000000fa5ed030,0x00000000fc300000)
  to   space 48640K, 0% used [0x00000000f6200000,0x00000000f6200000,0x00000000f9180000)
 ParOldGen       total 268288K, used 112860K [0x00000000a0000000, 0x00000000b0600000, 0x00000000e0000000)
  object space 268288K, 42% used [0x00000000a0000000,0x00000000a6e37320,0x00000000b0600000)
 Metaspace       used 75903K, capacity 80390K, committed 80472K, reserved 1118208K
  class space    used 10341K, capacity 11078K, committed 11096K, reserved 1048576K
}

Deoptimization events (10 events):
Event: 15.956 Thread 0x000000001f27c800 Uncommon trap: reason=unstable_if action=reinterpret pc=0x0000000003e5249c method=java.io.ObjectOutputStream$BlockDataOutputStream.writeBytes(Ljava/lang/String;)V @ 22
Event: 15.956 Thread 0x000000001f27c800 Uncommon trap: reason=unstable_if action=reinterpret pc=0x00000000040a7bb8 method=java.io.ObjectOutputStream$BlockDataOutputStream.writeShort(I)V @ 9
Event: 15.956 Thread 0x000000001f27c800 Uncommon trap: reason=bimorphic action=maybe_recompile pc=0x0000000003405430 method=java.io.DataOutputStream.writeShort(I)V @ 12
Event: 15.957 Thread 0x000000001f27c800 Uncommon trap: reason=bimorphic action=maybe_recompile pc=0x0000000003405430 method=java.io.DataOutputStream.writeShort(I)V @ 12
Event: 15.958 Thread 0x000000001f27c800 Uncommon trap: reason=bimorphic action=maybe_recompile pc=0x0000000003405430 method=java.io.DataOutputStream.writeShort(I)V @ 12
Event: 16.000 Thread 0x000000001f27f800 Uncommon trap: reason=unstable_if action=reinterpret pc=0x000000000340a3ac method=com.google.common.collect.ImmutableCollection$ArrayBasedBuilder.getReadyToExpandTo(I)V @ 41
Event: 16.001 Thread 0x000000001f27f800 Uncommon trap: reason=array_check action=maybe_recompile pc=0x00000000050cedd8 method=java.util.TimSort.binarySort([Ljava/lang/Object;IIILjava/util/Comparator;)V @ 193
Event: 16.002 Thread 0x000000001f27c800 Uncommon trap: reason=array_check action=maybe_recompile pc=0x00000000050cedd8 method=java.util.TimSort.binarySort([Ljava/lang/Object;IIILjava/util/Comparator;)V @ 193
Event: 16.032 Thread 0x000000001f288800 Uncommon trap: reason=array_check action=maybe_recompile pc=0x00000000050cedd8 method=java.util.TimSort.binarySort([Ljava/lang/Object;IIILjava/util/Comparator;)V @ 193
Event: 16.153 Thread 0x0000000021f34000 Uncommon trap: reason=array_check action=maybe_recompile pc=0x00000000050cedd8 method=java.util.TimSort.binarySort([Ljava/lang/Object;IIILjava/util/Comparator;)V @ 193

Classes redefined (0 events):
No events

Internal exceptions (10 events):
Event: 14.719 Thread 0x000000001f281000 Exception <a 'sun/nio/fs/WindowsException'> (0x00000000e0583730) thrown at [D:\src\AOSP-openjdk-cygwin\jdk8u\hotspot\src\share\vm\prims\jni.cpp, line 710]
Event: 14.720 Thread 0x000000001f281000 Exception <a 'sun/nio/fs/WindowsException'> (0x00000000e05c91a8) thrown at [D:\src\AOSP-openjdk-cygwin\jdk8u\hotspot\src\share\vm\prims\jni.cpp, line 710]
Event: 14.723 Thread 0x000000001f281000 Exception <a 'sun/nio/fs/WindowsException'> (0x00000000e05cf400) thrown at [D:\src\AOSP-openjdk-cygwin\jdk8u\hotspot\src\share\vm\prims\jni.cpp, line 710]
Event: 14.725 Thread 0x000000001f281000 Exception <a 'sun/nio/fs/WindowsException'> (0x00000000e05d5a40) thrown at [D:\src\AOSP-openjdk-cygwin\jdk8u\hotspot\src\share\vm\prims\jni.cpp, line 710]
Event: 14.727 Thread 0x000000001f281000 Exception <a 'sun/nio/fs/WindowsException'> (0x00000000e05dbf40) thrown at [D:\src\AOSP-openjdk-cygwin\jdk8u\hotspot\src\share\vm\prims\jni.cpp, line 710]
Event: 14.730 Thread 0x000000001f281000 Exception <a 'sun/nio/fs/WindowsException'> (0x00000000e0b02718) thrown at [D:\src\AOSP-openjdk-cygwin\jdk8u\hotspot\src\share\vm\prims\jni.cpp, line 710]
Event: 14.732 Thread 0x000000001f281000 Exception <a 'sun/nio/fs/WindowsException'> (0x00000000e0b0bbc0) thrown at [D:\src\AOSP-openjdk-cygwin\jdk8u\hotspot\src\share\vm\prims\jni.cpp, line 710]
Event: 15.889 Thread 0x0000000021f34000 Exception <a 'sun/nio/fs/WindowsException'> (0x00000000f49ee8d0) thrown at [D:\src\AOSP-openjdk-cygwin\jdk8u\hotspot\src\share\vm\prims\jni.cpp, line 710]
Event: 15.955 Thread 0x0000000021f2f000 Exception <a 'sun/nio/fs/WindowsException'> (0x00000000e0778e88) thrown at [D:\src\AOSP-openjdk-cygwin\jdk8u\hotspot\src\share\vm\prims\jni.cpp, line 710]
Event: 16.018 Thread 0x000000001b680000 Exception <a 'sun/nio/fs/WindowsException'> (0x00000000e38605f0) thrown at [D:\src\AOSP-openjdk-cygwin\jdk8u\hotspot\src\share\vm\prims\jni.cpp, line 710]

Events (10 events):
Event: 16.212 Thread 0x0000000021f35800 DEOPT PACKING pc=0x00000000047b976c sp=0x00000000273ab140
Event: 16.212 Thread 0x0000000021f35800 DEOPT UNPACKING pc=0x0000000002ec71d0 sp=0x00000000273aafc0 mode 0
Event: 16.237 Thread 0x0000000021f2f000 DEOPT PACKING pc=0x0000000004f4b0c8 sp=0x0000000025e9a450
Event: 16.237 Thread 0x0000000021f2f000 DEOPT UNPACKING pc=0x0000000002ec71d0 sp=0x0000000025e9a218 mode 0
Event: 16.244 Thread 0x0000000021f34000 DEOPT PACKING pc=0x00000000047b976c sp=0x00000000261ab300
Event: 16.244 Thread 0x0000000021f34000 DEOPT UNPACKING pc=0x0000000002ec71d0 sp=0x00000000261ab180 mode 0
Event: 16.264 Thread 0x0000000021f35800 DEOPT PACKING pc=0x00000000047b976c sp=0x00000000273ab330
Event: 16.264 Thread 0x0000000021f35800 DEOPT UNPACKING pc=0x0000000002ec71d0 sp=0x00000000273ab1b0 mode 0
Event: 16.307 Thread 0x0000000021f35800 DEOPT PACKING pc=0x00000000047b976c sp=0x00000000273ab380
Event: 16.307 Thread 0x0000000021f35800 DEOPT UNPACKING pc=0x0000000002ec71d0 sp=0x00000000273ab200 mode 0


Dynamic libraries:
0x00007ff75e580000 - 0x00007ff75e5b1000 	F:\develop\soft\android-studio-3.5.2\jre\bin\java.exe
0x00007ffb186b0000 - 0x00007ffb188a5000 	C:\Windows\SYSTEM32\ntdll.dll
0x00007ffb185b0000 - 0x00007ffb1866d000 	C:\Windows\System32\KERNEL32.DLL
0x00007ffb15fb0000 - 0x00007ffb16278000 	C:\Windows\System32\KERNELBASE.dll
0x00007ffb18030000 - 0x00007ffb180dc000 	C:\Windows\System32\ADVAPI32.dll
0x00007ffb16730000 - 0x00007ffb167ce000 	C:\Windows\System32\msvcrt.dll
0x00007ffb16860000 - 0x00007ffb168fb000 	C:\Windows\System32\sechost.dll
0x00007ffb16c30000 - 0x00007ffb16d5b000 	C:\Windows\System32\RPCRT4.dll
0x00007ffb18380000 - 0x00007ffb18520000 	C:\Windows\System32\USER32.dll
0x00007ffb15ed0000 - 0x00007ffb15ef2000 	C:\Windows\System32\win32u.dll
0x00007ffb182a0000 - 0x00007ffb182ca000 	C:\Windows\System32\GDI32.dll
0x00007ffb16470000 - 0x00007ffb1657b000 	C:\Windows\System32\gdi32full.dll
0x00007ffb16380000 - 0x00007ffb1641d000 	C:\Windows\System32\msvcp_win.dll
0x00007ffb16280000 - 0x00007ffb16380000 	C:\Windows\System32\ucrtbase.dll
0x00007ffb08490000 - 0x00007ffb0872a000 	C:\Windows\WinSxS\amd64_microsoft.windows.common-controls_6595b64144ccf1df_6.0.19041.844_none_ca00b6081b84eb1d\COMCTL32.dll
0x00007ffb18580000 - 0x00007ffb185b0000 	C:\Windows\System32\IMM32.DLL
0x000000006e370000 - 0x000000006e442000 	F:\develop\soft\android-studio-3.5.2\jre\jre\bin\msvcr100.dll
0x000000006e450000 - 0x000000006ec96000 	F:\develop\soft\android-studio-3.5.2\jre\jre\bin\server\jvm.dll
0x00007ffb16720000 - 0x00007ffb16728000 	C:\Windows\System32\PSAPI.DLL
0x00007ffb0a090000 - 0x00007ffb0a0b7000 	C:\Windows\SYSTEM32\WINMM.dll
0x00007ffb0d360000 - 0x00007ffb0d369000 	C:\Windows\SYSTEM32\WSOCK32.dll
0x00007ffb0ff10000 - 0x00007ffb0ff1a000 	C:\Windows\SYSTEM32\VERSION.dll
0x00007ffb16a90000 - 0x00007ffb16afb000 	C:\Windows\System32\WS2_32.dll
0x00007ffb0b680000 - 0x00007ffb0b68f000 	F:\develop\soft\android-studio-3.5.2\jre\jre\bin\verify.dll
0x00007ffb02d50000 - 0x00007ffb02d79000 	F:\develop\soft\android-studio-3.5.2\jre\jre\bin\java.dll
0x00007ffb0a0c0000 - 0x00007ffb0a0d6000 	F:\develop\soft\android-studio-3.5.2\jre\jre\bin\zip.dll
0x00007ffb17270000 - 0x00007ffb179b2000 	C:\Windows\System32\SHELL32.dll
0x00007ffb13f50000 - 0x00007ffb146e1000 	C:\Windows\SYSTEM32\windows.storage.dll
0x00007ffb16f10000 - 0x00007ffb17265000 	C:\Windows\System32\combase.dll
0x00007ffb15860000 - 0x00007ffb1588c000 	C:\Windows\SYSTEM32\Wldp.dll
0x00007ffb182d0000 - 0x00007ffb1837e000 	C:\Windows\System32\SHCORE.dll
0x00007ffb18520000 - 0x00007ffb18575000 	C:\Windows\System32\shlwapi.dll
0x00007ffb15d30000 - 0x00007ffb15d4f000 	C:\Windows\SYSTEM32\profapi.dll
0x00007ffb02d30000 - 0x00007ffb02d4a000 	F:\develop\soft\android-studio-3.5.2\jre\jre\bin\net.dll
0x00007ffb15560000 - 0x00007ffb155ca000 	C:\Windows\system32\mswsock.dll
0x00007ffb02d10000 - 0x00007ffb02d21000 	F:\develop\soft\android-studio-3.5.2\jre\jre\bin\nio.dll
0x00007ffaf68b0000 - 0x00007ffaf68d6000 	C:\Users\Administrator\.gradle\native\29\windows-amd64\native-platform.dll
0x00007ffb0ad30000 - 0x00007ffb0ad3d000 	F:\develop\soft\android-studio-3.5.2\jre\jre\bin\management.dll
0x00007ffb15730000 - 0x00007ffb15748000 	C:\Windows\SYSTEM32\CRYPTSP.dll
0x00007ffb14ea0000 - 0x00007ffb14ed4000 	C:\Windows\system32\rsaenh.dll
0x00007ffb16580000 - 0x00007ffb165a7000 	C:\Windows\System32\bcrypt.dll
0x00007ffb15cb0000 - 0x00007ffb15cde000 	C:\Windows\SYSTEM32\USERENV.dll
0x00007ffb15e50000 - 0x00007ffb15ed0000 	C:\Windows\System32\bcryptprimitives.dll
0x00007ffb15750000 - 0x00007ffb1575c000 	C:\Windows\SYSTEM32\CRYPTBASE.dll
0x00007ffb151f0000 - 0x00007ffb1522b000 	C:\Windows\SYSTEM32\IPHLPAPI.DLL
0x00007ffb169d0000 - 0x00007ffb169d8000 	C:\Windows\System32\NSI.dll
0x00007ffb10110000 - 0x00007ffb10127000 	C:\Windows\SYSTEM32\dhcpcsvc6.DLL
0x00007ffb10070000 - 0x00007ffb1008d000 	C:\Windows\SYSTEM32\dhcpcsvc.DLL
0x00007ffb15230000 - 0x00007ffb152fc000 	C:\Windows\SYSTEM32\DNSAPI.dll

VM Arguments:
jvm_args: -Xmx1536m -Dfile.encoding=GBK -Duser.country=CN -Duser.language=zh -Duser.variant 
java_command: org.gradle.launcher.daemon.bootstrap.GradleDaemon 5.4.1
java_class_path (initial): C:\Users\Administrator\.gradle\wrapper\dists\gradle-5.4.1-all\3221gyojl5jsh0helicew7rwx\gradle-5.4.1\lib\gradle-launcher-5.4.1.jar
Launcher Type: SUN_STANDARD

Environment Variables:
JAVA_HOME=C:\Program Files\Java\jdk-15.0.1
PATH=C:\Program Files\Common Files\Oracle\Java\javapath;C:\Windows\system32;C:\Windows;C:\Windows\System32\Wbem;C:\Windows\System32\WindowsPowerShell\v1.0\;C:\Windows\System32\OpenSSH\;C:\Program Files (x86)\Yozosoft\Yozo_Office\Lib\xuggler\bin;C:\Program Files\Git\cmd;E:\develop\resourse\flutter\bin;C:\Program Files\Java\jdk-15.0.1\bin;C:\Users\Administrator\AppData\Local\Microsoft\WindowsApps;;E:\program files\Fiddler
USERNAME=Administrator
OS=Windows_NT
PROCESSOR_IDENTIFIER=Intel64 Family 6 Model 44 Stepping 2, GenuineIntel



---------------  S Y S T E M  ---------------

OS: Windows 10.0 , 64 bit Build 19041 (10.0.19041.928)

CPU:total 12 (initial active 12) (6 cores per cpu, 2 threads per core) family 6 model 44 stepping 2, cmov, cx8, fxsr, mmx, sse, sse2, sse3, ssse3, sse4.1, sse4.2, popcnt, aes, clmul, ht, tsc, tscinvbit, tscinv

Memory: 4k page, physical 16768240k(9119508k free), swap 29875692k(6360k free)

vm_info: OpenJDK 64-Bit Server VM (25.202-b03) for windows-amd64 JRE (1.8.0_202-release-1483-b03), built by "builder" with MS VC++ 10.0 (VS2010)

time: Tue May 11 21:17:53 2021
timezone: 中国标准时间
elapsed time: 16 seconds (0d 0h 0m 16s)

