#
# There is insufficient memory for the Java Runtime Environment to continue.
# Native memory allocation (malloc) failed to allocate 1195936 bytes for Chunk::new
# Possible reasons:
#   The system is out of physical RAM or swap space
#   The process is running with CompressedOops enabled, and the Java Heap may be blocking the growth of the native heap
# Possible solutions:
#   Reduce memory load on the system
#   Increase physical memory or swap space
#   Check if swap backing store is full
#   Decrease Java heap size (-Xmx/-Xms)
#   Decrease number of Java threads
#   Decrease Java thread stack sizes (-Xss)
#   Set larger code cache with -XX:ReservedCodeCacheSize=
#   JVM is running with Unscaled Compressed Oops mode in which the Java heap is
#     placed in the first 4GB address space. The Java Heap base address is the
#     maximum limit for the native heap growth. Please use -XX:HeapBaseMinAddress
#     to set the Java Heap base and to place the Java Heap above 4GB virtual address.
# This output file may be truncated or incomplete.
#
#  Out of Memory Error (allocation.cpp:389), pid=8648, tid=0x0000000000000790
#
# JRE version: OpenJDK Runtime Environment (8.0_202-b03) (build 1.8.0_202-release-1483-b03)
# Java VM: OpenJDK 64-Bit Server VM (25.202-b03 mixed mode windows-amd64 compressed oops)
# Failed to write core dump. Minidumps are not enabled by default on client versions of Windows
#

---------------  T H R E A D  ---------------

Current thread (0x0000000018dd9000):  JavaThread "C2 CompilerThread1" daemon [_thread_in_native, id=1936, stack(0x000000001a3c0000,0x000000001a4c0000)]

Stack: [0x000000001a3c0000,0x000000001a4c0000]
[error occurred during error reporting (printing stack bounds), id 0xc0000005]

Native frames: (J=compiled Java code, j=interpreted, Vv=VM code, C=native code)


Current CompileTask:
C2:   2368 1400       4       java.net.URLClassLoader$1::run (5 bytes)


---------------  P R O C E S S  ---------------

Java Threads: ( => current thread )
  0x000000001c40b000 JavaThread "Cache worker for journal cache (C:\Users\Administrator\.gradle\caches\journal-1)" [_thread_blocked, id=17564, stack(0x000000001e380000,0x000000001e480000)]
  0x000000001c406800 JavaThread "File lock request listener" [_thread_in_native, id=7672, stack(0x000000001e280000,0x000000001e380000)]
  0x000000001c406000 JavaThread "Cache worker for file hash cache (C:\Users\Administrator\.gradle\caches\5.4.1\fileHashes)" [_thread_blocked, id=3752, stack(0x000000001df80000,0x000000001e080000)]
  0x000000001bf40800 JavaThread "Thread-9" [_thread_blocked, id=14080, stack(0x000000001de80000,0x000000001df80000)]
  0x000000001bab2000 JavaThread "Stdin handler" [_thread_blocked, id=1992, stack(0x000000001dd80000,0x000000001de80000)]
  0x000000001bab1800 JavaThread "Asynchronous log dispatcher for DefaultDaemonConnection: socket connection from /127.0.0.1:57113 to /127.0.0.1:57114" [_thread_blocked, id=17640, stack(0x000000001dc80000,0x000000001dd80000)]
  0x000000001bab6000 JavaThread "Daemon worker" [_thread_in_native, id=17404, stack(0x000000001db80000,0x000000001dc80000)]
  0x000000001c5db000 JavaThread "Cancel handler" [_thread_blocked, id=9696, stack(0x000000001da80000,0x000000001db80000)]
  0x000000001b88b800 JavaThread "Handler for socket connection from /127.0.0.1:57113 to /127.0.0.1:57114" [_thread_in_native, id=10600, stack(0x000000001d780000,0x000000001d880000)]
  0x000000001b88a800 JavaThread "Daemon" [_thread_blocked, id=3736, stack(0x000000001d680000,0x000000001d780000)]
  0x000000001b965800 JavaThread "Daemon periodic checks" [_thread_blocked, id=3288, stack(0x000000001d580000,0x000000001d680000)]
  0x000000001b696000 JavaThread "Incoming local TCP Connector on port 57113" [_thread_in_native, id=3488, stack(0x000000001d3d0000,0x000000001d4d0000)]
  0x000000001c06d800 JavaThread "Daemon health stats" [_thread_blocked, id=17200, stack(0x000000001d0d0000,0x000000001d1d0000)]
  0x0000000018e6c000 JavaThread "Service Thread" daemon [_thread_blocked, id=13648, stack(0x000000001a6c0000,0x000000001a7c0000)]
  0x0000000018dec000 JavaThread "C1 CompilerThread3" daemon [_thread_blocked, id=3076, stack(0x000000001a5c0000,0x000000001a6c0000)]
  0x0000000018de6000 JavaThread "C2 CompilerThread2" daemon [_thread_blocked, id=13208, stack(0x000000001a4c0000,0x000000001a5c0000)]
=>0x0000000018dd9000 JavaThread "C2 CompilerThread1" daemon [_thread_in_native, id=1936, stack(0x000000001a3c0000,0x000000001a4c0000)]
  0x0000000018dd7000 JavaThread "C2 CompilerThread0" daemon [_thread_in_vm, id=7500, stack(0x000000001a2c0000,0x000000001a3c0000)]
  0x0000000018d7b800 JavaThread "Attach Listener" daemon [_thread_blocked, id=14532, stack(0x000000001a1c0000,0x000000001a2c0000)]
  0x0000000018dd2800 JavaThread "Signal Dispatcher" daemon [_thread_blocked, id=13476, stack(0x000000001a0c0000,0x000000001a1c0000)]
  0x0000000017691800 JavaThread "Finalizer" daemon [_thread_blocked, id=10376, stack(0x0000000019fc0000,0x000000001a0c0000)]
  0x0000000018d63000 JavaThread "Reference Handler" daemon [_thread_blocked, id=5516, stack(0x0000000019ec0000,0x0000000019fc0000)]
  0x000000000313e000 JavaThread "main" [_thread_blocked, id=9484, stack(0x00000000034d0000,0x00000000035d0000)]

Other Threads:
  0x0000000017685800 VMThread [stack: 0x0000000019dc0000,0x0000000019ec0000] [id=692]
  0x0000000018e6d800 WatcherThread [stack: 0x000000001a7c0000,0x000000001a8c0000] [id=17740]

VM state:not at safepoint (normal execution)

VM Mutex/Monitor currently owned by a thread: None

heap address: 0x00000000a0000000, size: 1536 MB, Compressed Oops mode: 32-bit
Narrow klass base: 0x0000000000000000, Narrow klass shift: 3
Compressed class space size: 1073741824 Address: 0x0000000100000000

Heap:
 PSYoungGen      total 76288K, used 69086K [0x00000000e0000000, 0x00000000e5500000, 0x0000000100000000)
  eden space 65536K, 94% used [0x00000000e0000000,0x00000000e3ca5bf0,0x00000000e4000000)
  from space 10752K, 64% used [0x00000000e4000000,0x00000000e46d1ec8,0x00000000e4a80000)
  to   space 10752K, 0% used [0x00000000e4a80000,0x00000000e4a80000,0x00000000e5500000)
 ParOldGen       total 175104K, used 16K [0x00000000a0000000, 0x00000000aab00000, 0x00000000e0000000)
  object space 175104K, 0% used [0x00000000a0000000,0x00000000a0004000,0x00000000aab00000)
 Metaspace       used 14873K, capacity 15352K, committed 15616K, reserved 1062912K
  class space    used 2102K, capacity 2268K, committed 2304K, reserved 1048576K

Card table byte_map: [0x0000000012a90000,0x0000000012da0000] byte_map_base: 0x0000000012590000

Marking Bits: (ParMarkBitMap*) 0x000000006ec19f30
 Begin Bits: [0x00000000139a0000, 0x00000000151a0000)
 End Bits:   [0x00000000151a0000, 0x00000000169a0000)

Polling page: 0x0000000001790000

CodeCache: size=245760Kb used=5206Kb max_used=5206Kb free=240553Kb
 bounds [0x00000000036d0000, 0x0000000003bf0000, 0x00000000126d0000]
 total_blobs=1827 nmethods=1444 adapters=297
 compilation: enabled

Compilation events (10 events):
Event: 2.351 Thread 0x0000000018dec000 nmethod 1441 0x0000000003be5b10 code [0x0000000003be5c80, 0x0000000003be5ea8]
Event: 2.351 Thread 0x0000000018dec000 1442       3       java.util.AbstractCollection::isEmpty (13 bytes)
Event: 2.351 Thread 0x0000000018dec000 nmethod 1442 0x0000000003be5f90 code [0x0000000003be6100, 0x0000000003be6368]
Event: 2.351 Thread 0x0000000018dec000 1443       3       org.gradle.api.file.internal.FilePathUtil::sizeOfCommonPrefix (142 bytes)
Event: 2.352 Thread 0x0000000018dec000 nmethod 1443 0x0000000003be6410 code [0x0000000003be6680, 0x0000000003be7aa8]
Event: 2.352 Thread 0x0000000018dec000 1444       3       org.gradle.internal.file.DefaultFileHierarchySet$Node::sizeOfCommonPrefix (10 bytes)
Event: 2.352 Thread 0x0000000018dec000 nmethod 1444 0x0000000003be8410 code [0x0000000003be8580, 0x0000000003be8768]
Event: 2.352 Thread 0x0000000018dec000 1445       3       org.gradle.api.file.internal.FilePathUtil::sizeOfCommonPrefix (10 bytes)
Event: 2.352 Thread 0x0000000018dec000 nmethod 1445 0x0000000003be8850 code [0x0000000003be89c0, 0x0000000003be8b28]
Event: 2.355 Thread 0x0000000018dd7000 1446   !   4       java.net.URLClassLoader$1::run (63 bytes)

GC Heap History (2 events):
Event: 1.407 GC heap before
{Heap before GC invocations=1 (full 0):
 PSYoungGen      total 76288K, used 65536K [0x00000000e0000000, 0x00000000e5500000, 0x0000000100000000)
  eden space 65536K, 100% used [0x00000000e0000000,0x00000000e4000000,0x00000000e4000000)
  from space 10752K, 0% used [0x00000000e4a80000,0x00000000e4a80000,0x00000000e5500000)
  to   space 10752K, 0% used [0x00000000e4000000,0x00000000e4000000,0x00000000e4a80000)
 ParOldGen       total 175104K, used 0K [0x00000000a0000000, 0x00000000aab00000, 0x00000000e0000000)
  object space 175104K, 0% used [0x00000000a0000000,0x00000000a0000000,0x00000000aab00000)
 Metaspace       used 8291K, capacity 8562K, committed 8832K, reserved 1056768K
  class space    used 1050K, capacity 1113K, committed 1152K, reserved 1048576K
Event: 1.415 GC heap after
Heap after GC invocations=1 (full 0):
 PSYoungGen      total 76288K, used 6983K [0x00000000e0000000, 0x00000000e5500000, 0x0000000100000000)
  eden space 65536K, 0% used [0x00000000e0000000,0x00000000e0000000,0x00000000e4000000)
  from space 10752K, 64% used [0x00000000e4000000,0x00000000e46d1ec8,0x00000000e4a80000)
  to   space 10752K, 0% used [0x00000000e4a80000,0x00000000e4a80000,0x00000000e5500000)
 ParOldGen       total 175104K, used 16K [0x00000000a0000000, 0x00000000aab00000, 0x00000000e0000000)
  object space 175104K, 0% used [0x00000000a0000000,0x00000000a0004000,0x00000000aab00000)
 Metaspace       used 8291K, capacity 8562K, committed 8832K, reserved 1056768K
  class space    used 1050K, capacity 1113K, committed 1152K, reserved 1048576K
}

Deoptimization events (10 events):
Event: 1.948 Thread 0x000000001b88b800 Uncommon trap: reason=unstable_if action=reinterpret pc=0x0000000003aa7fec method=java.util.concurrent.ConcurrentHashMap.putVal(Ljava/lang/Object;Ljava/lang/Object;Z)Ljava/lang/Object; @ 206
Event: 2.003 Thread 0x000000001bab6000 Uncommon trap: reason=bimorphic action=maybe_recompile pc=0x000000000394f0a0 method=java.util.HashMap.putVal(ILjava/lang/Object;Ljava/lang/Object;ZZ)Ljava/lang/Object; @ 253
Event: 2.003 Thread 0x000000001bab6000 Uncommon trap: reason=bimorphic action=maybe_recompile pc=0x000000000394f0a0 method=java.util.HashMap.putVal(ILjava/lang/Object;Ljava/lang/Object;ZZ)Ljava/lang/Object; @ 253
Event: 2.003 Thread 0x000000001bab6000 Uncommon trap: reason=bimorphic action=maybe_recompile pc=0x000000000394f0a0 method=java.util.HashMap.putVal(ILjava/lang/Object;Ljava/lang/Object;ZZ)Ljava/lang/Object; @ 253
Event: 2.003 Thread 0x000000001bab6000 Uncommon trap: reason=bimorphic action=maybe_recompile pc=0x000000000394f0a0 method=java.util.HashMap.putVal(ILjava/lang/Object;Ljava/lang/Object;ZZ)Ljava/lang/Object; @ 253
Event: 2.003 Thread 0x000000001bab6000 Uncommon trap: reason=bimorphic action=maybe_recompile pc=0x000000000393d5b4 method=java.util.HashMap.putVal(ILjava/lang/Object;Ljava/lang/Object;ZZ)Ljava/lang/Object; @ 253
Event: 2.167 Thread 0x000000001bab6000 Uncommon trap: reason=class_check action=maybe_recompile pc=0x000000000399cd58 method=java.util.regex.Matcher.match(II)Z @ 86
Event: 2.180 Thread 0x000000001bab6000 Uncommon trap: reason=class_check action=maybe_recompile pc=0x000000000399cd58 method=java.util.regex.Matcher.match(II)Z @ 86
Event: 2.180 Thread 0x000000001bab6000 Uncommon trap: reason=class_check action=maybe_recompile pc=0x000000000399cd58 method=java.util.regex.Matcher.match(II)Z @ 86
Event: 2.181 Thread 0x000000001bab6000 Uncommon trap: reason=class_check action=maybe_recompile pc=0x000000000396875c method=java.util.regex.Matcher.match(II)Z @ 86

Classes redefined (0 events):
No events

Internal exceptions (10 events):
Event: 1.951 Thread 0x000000001b88b800 Exception <a 'java/lang/NoSuchMethodError': <clinit>> (0x00000000e0f65ab8) thrown at [D:\src\AOSP-openjdk-cygwin\jdk8u\hotspot\src\share\vm\prims\jni.cpp, line 1614]
Event: 1.954 Thread 0x000000001b88b800 Exception <a 'java/lang/NoSuchMethodError': <clinit>> (0x00000000e0f78c78) thrown at [D:\src\AOSP-openjdk-cygwin\jdk8u\hotspot\src\share\vm\prims\jni.cpp, line 1614]
Event: 1.957 Thread 0x000000001b88b800 Exception <a 'java/lang/NoSuchMethodError': <clinit>> (0x00000000e0fa0168) thrown at [D:\src\AOSP-openjdk-cygwin\jdk8u\hotspot\src\share\vm\prims\jni.cpp, line 1614]
Event: 1.959 Thread 0x000000001b88b800 Exception <a 'java/lang/NoSuchMethodError': <clinit>> (0x00000000e0fb8260) thrown at [D:\src\AOSP-openjdk-cygwin\jdk8u\hotspot\src\share\vm\prims\jni.cpp, line 1614]
Event: 1.959 Thread 0x000000001b88b800 Exception <a 'java/lang/NoSuchMethodError': <clinit>> (0x00000000e0fc0ef0) thrown at [D:\src\AOSP-openjdk-cygwin\jdk8u\hotspot\src\share\vm\prims\jni.cpp, line 1614]
Event: 1.961 Thread 0x000000001b88b800 Exception <a 'java/lang/NoSuchMethodError': <clinit>> (0x00000000e0fd7650) thrown at [D:\src\AOSP-openjdk-cygwin\jdk8u\hotspot\src\share\vm\prims\jni.cpp, line 1614]
Event: 1.972 Thread 0x000000001b88b800 Exception <a 'java/lang/NoSuchMethodError': <clinit>> (0x00000000e1034ef8) thrown at [D:\src\AOSP-openjdk-cygwin\jdk8u\hotspot\src\share\vm\prims\jni.cpp, line 1614]
Event: 1.976 Thread 0x000000001b88b800 Exception <a 'java/lang/NoSuchMethodError': <clinit>> (0x00000000e1061c38) thrown at [D:\src\AOSP-openjdk-cygwin\jdk8u\hotspot\src\share\vm\prims\jni.cpp, line 1614]
Event: 1.979 Thread 0x000000001b88b800 Exception <a 'java/lang/NoSuchMethodError': <clinit>> (0x00000000e108fd10) thrown at [D:\src\AOSP-openjdk-cygwin\jdk8u\hotspot\src\share\vm\prims\jni.cpp, line 1614]
Event: 1.980 Thread 0x000000001b88b800 Exception <a 'java/lang/NoSuchMethodError': <clinit>> (0x00000000e109b118) thrown at [D:\src\AOSP-openjdk-cygwin\jdk8u\hotspot\src\share\vm\prims\jni.cpp, line 1614]

Events (10 events):
Event: 2.365 loading class org/apache/tools/ant/types/Resource
Event: 2.365 loading class org/apache/tools/ant/types/Resource done
Event: 2.366 loading class org/apache/tools/ant/types/ResourceCollection
Event: 2.366 loading class org/apache/tools/ant/types/ResourceCollection done
Event: 2.366 loading class org/apache/tools/ant/types/DataType
Event: 2.366 loading class org/apache/tools/ant/types/DataType done
Event: 2.366 loading class org/apache/tools/ant/ProjectComponent
Event: 2.366 loading class org/apache/tools/ant/ProjectComponent done
Event: 2.367 loading class org/apache/tools/ant/types/resources/FileResource
Event: 2.367 loading class org/apache/tools/ant/types/resources/FileResource done


Dynamic libraries:
0x00007ff75e580000 - 0x00007ff75e5b1000 	F:\develop\soft\android-studio-3.5.2\jre\bin\java.exe
0x00007ffb186b0000 - 0x00007ffb188a5000 	C:\Windows\SYSTEM32\ntdll.dll
0x00007ffb185b0000 - 0x00007ffb1866d000 	C:\Windows\System32\KERNEL32.DLL
0x00007ffb15fb0000 - 0x00007ffb16278000 	C:\Windows\System32\KERNELBASE.dll
0x00007ffb18030000 - 0x00007ffb180dc000 	C:\Windows\System32\ADVAPI32.dll
0x00007ffb16730000 - 0x00007ffb167ce000 	C:\Windows\System32\msvcrt.dll
0x00007ffb16860000 - 0x00007ffb168fb000 	C:\Windows\System32\sechost.dll
0x00007ffb16c30000 - 0x00007ffb16d5b000 	C:\Windows\System32\RPCRT4.dll
0x00007ffb18380000 - 0x00007ffb18520000 	C:\Windows\System32\USER32.dll
0x00007ffb15ed0000 - 0x00007ffb15ef2000 	C:\Windows\System32\win32u.dll
0x00007ffb182a0000 - 0x00007ffb182ca000 	C:\Windows\System32\GDI32.dll
0x00007ffb16470000 - 0x00007ffb1657b000 	C:\Windows\System32\gdi32full.dll
0x00007ffb16380000 - 0x00007ffb1641d000 	C:\Windows\System32\msvcp_win.dll
0x00007ffb16280000 - 0x00007ffb16380000 	C:\Windows\System32\ucrtbase.dll
0x00007ffb08490000 - 0x00007ffb0872a000 	C:\Windows\WinSxS\amd64_microsoft.windows.common-controls_6595b64144ccf1df_6.0.19041.844_none_ca00b6081b84eb1d\COMCTL32.dll
0x00007ffb18580000 - 0x00007ffb185b0000 	C:\Windows\System32\IMM32.DLL
0x000000006e370000 - 0x000000006e442000 	F:\develop\soft\android-studio-3.5.2\jre\jre\bin\msvcr100.dll
0x000000006e450000 - 0x000000006ec96000 	F:\develop\soft\android-studio-3.5.2\jre\jre\bin\server\jvm.dll
0x00007ffb16720000 - 0x00007ffb16728000 	C:\Windows\System32\PSAPI.DLL
0x00007ffb0d360000 - 0x00007ffb0d369000 	C:\Windows\SYSTEM32\WSOCK32.dll
0x00007ffb0ff10000 - 0x00007ffb0ff1a000 	C:\Windows\SYSTEM32\VERSION.dll
0x00007ffb0a090000 - 0x00007ffb0a0b7000 	C:\Windows\SYSTEM32\WINMM.dll
0x00007ffb16a90000 - 0x00007ffb16afb000 	C:\Windows\System32\WS2_32.dll
0x00007ffb0b680000 - 0x00007ffb0b68f000 	F:\develop\soft\android-studio-3.5.2\jre\jre\bin\verify.dll
0x00007ffb02d50000 - 0x00007ffb02d79000 	F:\develop\soft\android-studio-3.5.2\jre\jre\bin\java.dll
0x00007ffb0a0c0000 - 0x00007ffb0a0d6000 	F:\develop\soft\android-studio-3.5.2\jre\jre\bin\zip.dll
0x00007ffb17270000 - 0x00007ffb179b2000 	C:\Windows\System32\SHELL32.dll
0x00007ffb13f50000 - 0x00007ffb146e1000 	C:\Windows\SYSTEM32\windows.storage.dll
0x00007ffb16f10000 - 0x00007ffb17265000 	C:\Windows\System32\combase.dll
0x00007ffb15860000 - 0x00007ffb1588c000 	C:\Windows\SYSTEM32\Wldp.dll
0x00007ffb182d0000 - 0x00007ffb1837e000 	C:\Windows\System32\SHCORE.dll
0x00007ffb18520000 - 0x00007ffb18575000 	C:\Windows\System32\shlwapi.dll
0x00007ffb15d30000 - 0x00007ffb15d4f000 	C:\Windows\SYSTEM32\profapi.dll
0x00007ffb02d30000 - 0x00007ffb02d4a000 	F:\develop\soft\android-studio-3.5.2\jre\jre\bin\net.dll
0x00007ffb15560000 - 0x00007ffb155ca000 	C:\Windows\system32\mswsock.dll
0x00007ffb02d10000 - 0x00007ffb02d21000 	F:\develop\soft\android-studio-3.5.2\jre\jre\bin\nio.dll
0x00007ffaf68b0000 - 0x00007ffaf68d6000 	C:\Users\Administrator\.gradle\native\29\windows-amd64\native-platform.dll
0x00007ffb0ad30000 - 0x00007ffb0ad3d000 	F:\develop\soft\android-studio-3.5.2\jre\jre\bin\management.dll
0x00007ffb15730000 - 0x00007ffb15748000 	C:\Windows\SYSTEM32\CRYPTSP.dll
0x00007ffb14ea0000 - 0x00007ffb14ed4000 	C:\Windows\system32\rsaenh.dll
0x00007ffb16580000 - 0x00007ffb165a7000 	C:\Windows\System32\bcrypt.dll
0x00007ffb15cb0000 - 0x00007ffb15cde000 	C:\Windows\SYSTEM32\USERENV.dll
0x00007ffb15e50000 - 0x00007ffb15ed0000 	C:\Windows\System32\bcryptprimitives.dll
0x00007ffb15750000 - 0x00007ffb1575c000 	C:\Windows\SYSTEM32\CRYPTBASE.dll
0x00007ffb151f0000 - 0x00007ffb1522b000 	C:\Windows\SYSTEM32\IPHLPAPI.DLL
0x00007ffb169d0000 - 0x00007ffb169d8000 	C:\Windows\System32\NSI.dll
0x00007ffb10110000 - 0x00007ffb10127000 	C:\Windows\SYSTEM32\dhcpcsvc6.DLL
0x00007ffb10070000 - 0x00007ffb1008d000 	C:\Windows\SYSTEM32\dhcpcsvc.DLL
0x00007ffb15230000 - 0x00007ffb152fc000 	C:\Windows\SYSTEM32\DNSAPI.dll

VM Arguments:
jvm_args: -Xmx1536m -Dfile.encoding=GBK -Duser.country=CN -Duser.language=zh -Duser.variant 
java_command: org.gradle.launcher.daemon.bootstrap.GradleDaemon 5.4.1
java_class_path (initial): C:\Users\Administrator\.gradle\wrapper\dists\gradle-5.4.1-all\3221gyojl5jsh0helicew7rwx\gradle-5.4.1\lib\gradle-launcher-5.4.1.jar
Launcher Type: SUN_STANDARD

Environment Variables:
JAVA_HOME=C:\Program Files\Java\jdk-15.0.1
PATH=C:\Program Files\Common Files\Oracle\Java\javapath;C:\Windows\system32;C:\Windows;C:\Windows\System32\Wbem;C:\Windows\System32\WindowsPowerShell\v1.0\;C:\Windows\System32\OpenSSH\;C:\Program Files (x86)\Yozosoft\Yozo_Office\Lib\xuggler\bin;C:\Program Files\Git\cmd;E:\develop\resourse\flutter\bin;C:\Program Files\Java\jdk-15.0.1\bin;C:\Users\Administrator\AppData\Local\Microsoft\WindowsApps;;E:\program files\Fiddler
USERNAME=Administrator
OS=Windows_NT
PROCESSOR_IDENTIFIER=Intel64 Family 6 Model 44 Stepping 2, GenuineIntel



---------------  S Y S T E M  ---------------

OS: Windows 10.0 , 64 bit Build 19041 (10.0.19041.928)

CPU:total 12 (initial active 12) (6 cores per cpu, 2 threads per core) family 6 model 44 stepping 2, cmov, cx8, fxsr, mmx, sse, sse2, sse3, ssse3, sse4.1, sse4.2, popcnt, aes, clmul, ht, tsc, tscinvbit, tscinv

Memory: 4k page, physical 16768240k(9270004k free), swap 29875692k(5120k free)

vm_info: OpenJDK 64-Bit Server VM (25.202-b03) for windows-amd64 JRE (1.8.0_202-release-1483-b03), built by "builder" with MS VC++ 10.0 (VS2010)

time: Tue May 11 21:23:11 2021
timezone: 中国标准时间
elapsed time: 2 seconds (0d 0h 0m 2s)

