#
# There is insufficient memory for the Java Runtime Environment to continue.
# Native memory allocation (malloc) failed to allocate 1559856 bytes for Chunk::new
# Possible reasons:
#   The system is out of physical RAM or swap space
#   The process is running with CompressedOops enabled, and the Java Heap may be blocking the growth of the native heap
# Possible solutions:
#   Reduce memory load on the system
#   Increase physical memory or swap space
#   Check if swap backing store is full
#   Decrease Java heap size (-Xmx/-Xms)
#   Decrease number of Java threads
#   Decrease Java thread stack sizes (-Xss)
#   Set larger code cache with -XX:ReservedCodeCacheSize=
#   JVM is running with Unscaled Compressed Oops mode in which the Java heap is
#     placed in the first 4GB address space. The Java Heap base address is the
#     maximum limit for the native heap growth. Please use -XX:HeapBaseMinAddress
#     to set the Java Heap base and to place the Java Heap above 4GB virtual address.
# This output file may be truncated or incomplete.
#
#  Out of Memory Error (allocation.cpp:389), pid=5500, tid=0x0000000000003a9c
#
# JRE version: OpenJDK Runtime Environment (8.0_202-b03) (build 1.8.0_202-release-1483-b03)
# Java VM: OpenJDK 64-Bit Server VM (25.202-b03 mixed mode windows-amd64 compressed oops)
# Failed to write core dump. Minidumps are not enabled by default on client versions of Windows
#

---------------  T H R E A D  ---------------

Current thread (0x0000000018567000):  JavaThread "C2 CompilerThread2" daemon [_thread_in_native, id=15004, stack(0x0000000019cb0000,0x0000000019db0000)]

Stack: [0x0000000019cb0000,0x0000000019db0000]
[error occurred during error reporting (printing stack bounds), id 0xc0000005]

Native frames: (J=compiled Java code, j=interpreted, Vv=VM code, C=native code)


Current CompileTask:
C2:   7309 4292   !   4       com.sun.beans.TypeResolver::resolve (274 bytes)


---------------  P R O C E S S  ---------------

Java Threads: ( => current thread )
  0x000000001c0f3800 JavaThread "Cache worker for Build Output Cleanup Cache (F:\develop\project\github\imToken\.gradle\buildOutputCleanup)" [_thread_blocked, id=1396, stack(0x0000000023210000,0x0000000023310000)]
  0x000000001c0f1000 JavaThread "Build operations Thread 12" [_thread_blocked, id=16824, stack(0x0000000023f30000,0x0000000024030000)]
  0x000000001c0e9800 JavaThread "Build operations Thread 11" [_thread_blocked, id=17564, stack(0x0000000023d30000,0x0000000023e30000)]
  0x000000001c0f0800 JavaThread "Build operations Thread 10" [_thread_blocked, id=7672, stack(0x0000000023c30000,0x0000000023d30000)]
  0x000000001c0e9000 JavaThread "Build operations Thread 9" [_thread_blocked, id=3752, stack(0x0000000023b30000,0x0000000023c30000)]
  0x000000001c0ea800 JavaThread "Build operations Thread 8" [_thread_blocked, id=14080, stack(0x0000000023a30000,0x0000000023b30000)]
  0x000000001c0ef800 JavaThread "Build operations Thread 7" [_thread_blocked, id=1992, stack(0x0000000023930000,0x0000000023a30000)]
  0x000000001c0ef000 JavaThread "Build operations Thread 6" [_thread_blocked, id=17640, stack(0x0000000023830000,0x0000000023930000)]
  0x000000001c0ec800 JavaThread "Build operations Thread 5" [_thread_blocked, id=9648, stack(0x0000000023730000,0x0000000023830000)]
  0x000000001c0e8000 JavaThread "Build operations Thread 4" [_thread_blocked, id=16300, stack(0x0000000023630000,0x0000000023730000)]
  0x000000001c0e7800 JavaThread "Build operations Thread 3" [_thread_blocked, id=17404, stack(0x0000000023530000,0x0000000023630000)]
  0x000000001c0ec000 JavaThread "Build operations Thread 2" [_thread_blocked, id=9696, stack(0x0000000023430000,0x0000000023530000)]
  0x000000001c0ee000 JavaThread "Build operations" [_thread_blocked, id=10600, stack(0x0000000023330000,0x0000000023430000)]
  0x000000001c0ed800 JavaThread "Cache worker for execution history cache (C:\Users\Administrator\.gradle\caches\5.4.1\executionHistory)" [_thread_blocked, id=3736, stack(0x0000000022c20000,0x0000000022d20000)]
  0x000000001be47000 JavaThread "Cache worker for cache directory md-rule (C:\Users\Administrator\.gradle\caches\5.4.1\md-rule)" [_thread_blocked, id=3288, stack(0x00000000202b0000,0x00000000203b0000)]
  0x000000001be46000 JavaThread "Cache worker for cache directory md-supplier (C:\Users\Administrator\.gradle\caches\5.4.1\md-supplier)" [_thread_blocked, id=13324, stack(0x0000000020010000,0x0000000020110000)]
  0x000000001be43000 JavaThread "Cache worker for file hash cache (F:\develop\project\github\imToken\.gradle\5.4.1\fileHashes)" [_thread_blocked, id=13480, stack(0x00000000201b0000,0x00000000202b0000)]
  0x000000001be41800 JavaThread "Cache worker for journal cache (C:\Users\Administrator\.gradle\caches\journal-1)" [_thread_blocked, id=15972, stack(0x000000001db70000,0x000000001dc70000)]
  0x000000001be41000 JavaThread "File lock request listener" [_thread_in_native, id=18268, stack(0x000000001da70000,0x000000001db70000)]
  0x000000001bf17800 JavaThread "Cache worker for file hash cache (C:\Users\Administrator\.gradle\caches\5.4.1\fileHashes)" [_thread_blocked, id=5532, stack(0x000000001d770000,0x000000001d870000)]
  0x000000001b124000 JavaThread "Thread-9" [_thread_blocked, id=17200, stack(0x000000001d670000,0x000000001d770000)]
  0x000000001b123000 JavaThread "Stdin handler" [_thread_blocked, id=17740, stack(0x000000001d570000,0x000000001d670000)]
  0x000000001b122000 JavaThread "Asynchronous log dispatcher for DefaultDaemonConnection: socket connection from /127.0.0.1:57052 to /127.0.0.1:57053" [_thread_blocked, id=13648, stack(0x000000001d470000,0x000000001d570000)]
  0x000000001b125000 JavaThread "Daemon worker" [_thread_in_vm, id=3076, stack(0x000000001d370000,0x000000001d470000)]
  0x000000001aee3000 JavaThread "Cancel handler" [_thread_blocked, id=13208, stack(0x000000001d270000,0x000000001d370000)]
  0x000000001afcf000 JavaThread "Handler for socket connection from /127.0.0.1:57052 to /127.0.0.1:57053" [_thread_in_native, id=1936, stack(0x000000001cf70000,0x000000001d070000)]
  0x000000001afcc800 JavaThread "Daemon" [_thread_blocked, id=7500, stack(0x000000001ce70000,0x000000001cf70000)]
  0x000000001b262000 JavaThread "Daemon periodic checks" [_thread_blocked, id=13476, stack(0x000000001cd70000,0x000000001ce70000)]
  0x000000001b13c800 JavaThread "Incoming local TCP Connector on port 57052" [_thread_in_native, id=14532, stack(0x000000001cbc0000,0x000000001ccc0000)]
  0x000000001b39e000 JavaThread "Daemon health stats" [_thread_blocked, id=5516, stack(0x000000001c8c0000,0x000000001c9c0000)]
  0x00000000185ae000 JavaThread "Service Thread" daemon [_thread_blocked, id=6184, stack(0x0000000019eb0000,0x0000000019fb0000)]
  0x0000000018568000 JavaThread "C1 CompilerThread3" daemon [_thread_blocked, id=13596, stack(0x0000000019db0000,0x0000000019eb0000)]
=>0x0000000018567000 JavaThread "C2 CompilerThread2" daemon [_thread_in_native, id=15004, stack(0x0000000019cb0000,0x0000000019db0000)]
  0x0000000018558000 JavaThread "C2 CompilerThread1" daemon [_thread_blocked, id=12624, stack(0x0000000019bb0000,0x0000000019cb0000)]
  0x0000000018550800 JavaThread "C2 CompilerThread0" daemon [_thread_blocked, id=18424, stack(0x0000000019ab0000,0x0000000019bb0000)]
  0x000000001854f800 JavaThread "Attach Listener" daemon [_thread_blocked, id=9168, stack(0x00000000199b0000,0x0000000019ab0000)]
  0x00000000184fa000 JavaThread "Signal Dispatcher" daemon [_thread_blocked, id=10556, stack(0x00000000198b0000,0x00000000199b0000)]
  0x0000000016e12000 JavaThread "Finalizer" daemon [_thread_blocked, id=2896, stack(0x0000000019750000,0x0000000019850000)]
  0x00000000184e3000 JavaThread "Reference Handler" daemon [_thread_blocked, id=3336, stack(0x0000000019650000,0x0000000019750000)]
  0x000000000112e000 JavaThread "main" [_thread_blocked, id=10376, stack(0x0000000002c50000,0x0000000002d50000)]

Other Threads:
  0x0000000016e05800 VMThread [stack: 0x0000000019550000,0x0000000019650000] [id=11460]
  0x00000000185b0000 WatcherThread [stack: 0x0000000019fb0000,0x000000001a0b0000] [id=692]

VM state:not at safepoint (normal execution)

VM Mutex/Monitor currently owned by a thread: None

heap address: 0x00000000a0000000, size: 1536 MB, Compressed Oops mode: 32-bit
Narrow klass base: 0x0000000000000000, Narrow klass shift: 3
Compressed class space size: 1073741824 Address: 0x0000000100000000

Heap:
 PSYoungGen      total 95744K, used 49819K [0x00000000e0000000, 0x00000000e6d00000, 0x0000000100000000)
  eden space 82432K, 46% used [0x00000000e0000000,0x00000000e2548238,0x00000000e5080000)
  from space 13312K, 87% used [0x00000000e5e00000,0x00000000e695ec10,0x00000000e6b00000)
  to   space 13824K, 0% used [0x00000000e5080000,0x00000000e5080000,0x00000000e5e00000)
 ParOldGen       total 114176K, used 17791K [0x00000000a0000000, 0x00000000a6f80000, 0x00000000e0000000)
  object space 114176K, 15% used [0x00000000a0000000,0x00000000a115fc50,0x00000000a6f80000)
 Metaspace       used 49480K, capacity 50890K, committed 51072K, reserved 1093632K
  class space    used 6623K, capacity 6974K, committed 7040K, reserved 1048576K

Card table byte_map: [0x0000000012210000,0x0000000012520000] byte_map_base: 0x0000000011d10000

Marking Bits: (ParMarkBitMap*) 0x000000006ec19f30
 Begin Bits: [0x0000000013120000, 0x0000000014920000)
 End Bits:   [0x0000000014920000, 0x0000000016120000)

Polling page: 0x0000000000a20000

CodeCache: size=245760Kb used=13696Kb max_used=13696Kb free=232063Kb
 bounds [0x0000000002e50000, 0x0000000003bc0000, 0x0000000011e50000]
 total_blobs=4825 nmethods=4057 adapters=681
 compilation: enabled

Compilation events (10 events):
Event: 7.306 Thread 0x0000000018550800 4481       4       org.objectweb.asm.Frame::merge (322 bytes)
Event: 7.307 Thread 0x0000000018568000 nmethod 4474 0x0000000003bab350 code [0x0000000003babb80, 0x0000000003bb0928]
Event: 7.308 Thread 0x0000000018568000 4480       3       org.objectweb.asm.SymbolTable::addConstantIntegerOrFloat (100 bytes)
Event: 7.308 Thread 0x0000000018568000 nmethod 4480 0x0000000003bb36d0 code [0x0000000003bb38a0, 0x0000000003bb3e98]
Event: 7.308 Thread 0x0000000018568000 4475       3       java.util.LinkedHashMap$LinkedEntrySet::size (8 bytes)
Event: 7.308 Thread 0x0000000018568000 nmethod 4475 0x0000000003bb5710 code [0x0000000003bb5860, 0x0000000003bb59b0]
Event: 7.308 Thread 0x0000000018568000 4476       3       com.google.common.collect.ImmutableMap::entrySet (5 bytes)
Event: 7.308 Thread 0x0000000018550800 nmethod 4481 0x0000000003bb73d0 code [0x0000000003bb7520, 0x0000000003bb7788]
Event: 7.308 Thread 0x0000000018568000 nmethod 4476 0x0000000003bb5310 code [0x0000000003bb5480, 0x0000000003bb5688]
Event: 7.308 Thread 0x0000000018568000 4477       3       com.google.common.collect.RegularImmutableMap::create (69 bytes)

GC Heap History (10 events):
Event: 4.710 GC heap before
{Heap before GC invocations=6 (full 1):
 PSYoungGen      total 76288K, used 73522K [0x00000000e0000000, 0x00000000e5500000, 0x0000000100000000)
  eden space 65536K, 100% used [0x00000000e0000000,0x00000000e4000000,0x00000000e4000000)
  from space 10752K, 74% used [0x00000000e4a80000,0x00000000e524c9e8,0x00000000e5500000)
  to   space 10752K, 0% used [0x00000000e4000000,0x00000000e4000000,0x00000000e4a80000)
 ParOldGen       total 114176K, used 11857K [0x00000000a0000000, 0x00000000a6f80000, 0x00000000e0000000)
  object space 114176K, 10% used [0x00000000a0000000,0x00000000a0b94668,0x00000000a6f80000)
 Metaspace       used 32040K, capacity 32706K, committed 33024K, reserved 1077248K
  class space    used 4410K, capacity 4592K, committed 4608K, reserved 1048576K
Event: 4.719 GC heap after
Heap after GC invocations=6 (full 1):
 PSYoungGen      total 76288K, used 8913K [0x00000000e0000000, 0x00000000e5500000, 0x0000000100000000)
  eden space 65536K, 0% used [0x00000000e0000000,0x00000000e0000000,0x00000000e4000000)
  from space 10752K, 82% used [0x00000000e4000000,0x00000000e48b4420,0x00000000e4a80000)
  to   space 10752K, 0% used [0x00000000e4a80000,0x00000000e4a80000,0x00000000e5500000)
 ParOldGen       total 114176K, used 11865K [0x00000000a0000000, 0x00000000a6f80000, 0x00000000e0000000)
  object space 114176K, 10% used [0x00000000a0000000,0x00000000a0b96668,0x00000000a6f80000)
 Metaspace       used 32040K, capacity 32706K, committed 33024K, reserved 1077248K
  class space    used 4410K, capacity 4592K, committed 4608K, reserved 1048576K
}
Event: 5.319 GC heap before
{Heap before GC invocations=7 (full 1):
 PSYoungGen      total 76288K, used 57073K [0x00000000e0000000, 0x00000000e5500000, 0x0000000100000000)
  eden space 65536K, 73% used [0x00000000e0000000,0x00000000e2f08018,0x00000000e4000000)
  from space 10752K, 82% used [0x00000000e4000000,0x00000000e48b4420,0x00000000e4a80000)
  to   space 10752K, 0% used [0x00000000e4a80000,0x00000000e4a80000,0x00000000e5500000)
 ParOldGen       total 114176K, used 11865K [0x00000000a0000000, 0x00000000a6f80000, 0x00000000e0000000)
  object space 114176K, 10% used [0x00000000a0000000,0x00000000a0b96668,0x00000000a6f80000)
 Metaspace       used 34438K, capacity 35360K, committed 35456K, reserved 1079296K
  class space    used 4741K, capacity 4945K, committed 4992K, reserved 1048576K
Event: 5.330 GC heap after
Heap after GC invocations=7 (full 1):
 PSYoungGen      total 73728K, used 10667K [0x00000000e0000000, 0x00000000e7b80000, 0x0000000100000000)
  eden space 62976K, 0% used [0x00000000e0000000,0x00000000e0000000,0x00000000e3d80000)
  from space 10752K, 99% used [0x00000000e4a80000,0x00000000e54eae68,0x00000000e5500000)
  to   space 13312K, 0% used [0x00000000e3d80000,0x00000000e3d80000,0x00000000e4a80000)
 ParOldGen       total 114176K, used 11873K [0x00000000a0000000, 0x00000000a6f80000, 0x00000000e0000000)
  object space 114176K, 10% used [0x00000000a0000000,0x00000000a0b98668,0x00000000a6f80000)
 Metaspace       used 34438K, capacity 35360K, committed 35456K, reserved 1079296K
  class space    used 4741K, capacity 4945K, committed 4992K, reserved 1048576K
}
Event: 5.330 GC heap before
{Heap before GC invocations=8 (full 2):
 PSYoungGen      total 73728K, used 10667K [0x00000000e0000000, 0x00000000e7b80000, 0x0000000100000000)
  eden space 62976K, 0% used [0x00000000e0000000,0x00000000e0000000,0x00000000e3d80000)
  from space 10752K, 99% used [0x00000000e4a80000,0x00000000e54eae68,0x00000000e5500000)
  to   space 13312K, 0% used [0x00000000e3d80000,0x00000000e3d80000,0x00000000e4a80000)
 ParOldGen       total 114176K, used 11873K [0x00000000a0000000, 0x00000000a6f80000, 0x00000000e0000000)
  object space 114176K, 10% used [0x00000000a0000000,0x00000000a0b98668,0x00000000a6f80000)
 Metaspace       used 34438K, capacity 35360K, committed 35456K, reserved 1079296K
  class space    used 4741K, capacity 4945K, committed 4992K, reserved 1048576K
Event: 5.415 GC heap after
Heap after GC invocations=8 (full 2):
 PSYoungGen      total 73728K, used 0K [0x00000000e0000000, 0x00000000e7b80000, 0x0000000100000000)
  eden space 62976K, 0% used [0x00000000e0000000,0x00000000e0000000,0x00000000e3d80000)
  from space 10752K, 0% used [0x00000000e4a80000,0x00000000e4a80000,0x00000000e5500000)
  to   space 13312K, 0% used [0x00000000e3d80000,0x00000000e3d80000,0x00000000e4a80000)
 ParOldGen       total 114176K, used 17775K [0x00000000a0000000, 0x00000000a6f80000, 0x00000000e0000000)
  object space 114176K, 15% used [0x00000000a0000000,0x00000000a115bc50,0x00000000a6f80000)
 Metaspace       used 34386K, capacity 35186K, committed 35456K, reserved 1079296K
  class space    used 4725K, capacity 4916K, committed 4992K, reserved 1048576K
}
Event: 6.220 GC heap before
{Heap before GC invocations=9 (full 2):
 PSYoungGen      total 73728K, used 62976K [0x00000000e0000000, 0x00000000e7b80000, 0x0000000100000000)
  eden space 62976K, 100% used [0x00000000e0000000,0x00000000e3d80000,0x00000000e3d80000)
  from space 10752K, 0% used [0x00000000e4a80000,0x00000000e4a80000,0x00000000e5500000)
  to   space 13312K, 0% used [0x00000000e3d80000,0x00000000e3d80000,0x00000000e4a80000)
 ParOldGen       total 114176K, used 17775K [0x00000000a0000000, 0x00000000a6f80000, 0x00000000e0000000)
  object space 114176K, 15% used [0x00000000a0000000,0x00000000a115bc50,0x00000000a6f80000)
 Metaspace       used 41638K, capacity 42730K, committed 43136K, reserved 1087488K
  class space    used 5636K, capacity 5901K, committed 6016K, reserved 1048576K
Event: 6.227 GC heap after
Heap after GC invocations=9 (full 2):
 PSYoungGen      total 76288K, used 8240K [0x00000000e0000000, 0x00000000e6b00000, 0x0000000100000000)
  eden space 62976K, 0% used [0x00000000e0000000,0x00000000e0000000,0x00000000e3d80000)
  from space 13312K, 61% used [0x00000000e3d80000,0x00000000e458c188,0x00000000e4a80000)
  to   space 13312K, 0% used [0x00000000e5e00000,0x00000000e5e00000,0x00000000e6b00000)
 ParOldGen       total 114176K, used 17783K [0x00000000a0000000, 0x00000000a6f80000, 0x00000000e0000000)
  object space 114176K, 15% used [0x00000000a0000000,0x00000000a115dc50,0x00000000a6f80000)
 Metaspace       used 41638K, capacity 42730K, committed 43136K, reserved 1087488K
  class space    used 5636K, capacity 5901K, committed 6016K, reserved 1048576K
}
Event: 6.926 GC heap before
{Heap before GC invocations=10 (full 2):
 PSYoungGen      total 76288K, used 71216K [0x00000000e0000000, 0x00000000e6b00000, 0x0000000100000000)
  eden space 62976K, 100% used [0x00000000e0000000,0x00000000e3d80000,0x00000000e3d80000)
  from space 13312K, 61% used [0x00000000e3d80000,0x00000000e458c188,0x00000000e4a80000)
  to   space 13312K, 0% used [0x00000000e5e00000,0x00000000e5e00000,0x00000000e6b00000)
 ParOldGen       total 114176K, used 17783K [0x00000000a0000000, 0x00000000a6f80000, 0x00000000e0000000)
  object space 114176K, 15% used [0x00000000a0000000,0x00000000a115dc50,0x00000000a6f80000)
 Metaspace       used 46643K, capacity 47688K, committed 48000K, reserved 1091584K
  class space    used 6228K, capacity 6476K, committed 6528K, reserved 1048576K
Event: 6.937 GC heap after
Heap after GC invocations=10 (full 2):
 PSYoungGen      total 95744K, used 11643K [0x00000000e0000000, 0x00000000e6d00000, 0x0000000100000000)
  eden space 82432K, 0% used [0x00000000e0000000,0x00000000e0000000,0x00000000e5080000)
  from space 13312K, 87% used [0x00000000e5e00000,0x00000000e695ec10,0x00000000e6b00000)
  to   space 13824K, 0% used [0x00000000e5080000,0x00000000e5080000,0x00000000e5e00000)
 ParOldGen       total 114176K, used 17791K [0x00000000a0000000, 0x00000000a6f80000, 0x00000000e0000000)
  object space 114176K, 15% used [0x00000000a0000000,0x00000000a115fc50,0x00000000a6f80000)
 Metaspace       used 46643K, capacity 47688K, committed 48000K, reserved 1091584K
  class space    used 6228K, capacity 6476K, committed 6528K, reserved 1048576K
}

Deoptimization events (10 events):
Event: 6.815 Thread 0x000000001b125000 Uncommon trap: reason=bimorphic action=maybe_recompile pc=0x000000000344ff28 method=java.util.Hashtable.get(Ljava/lang/Object;)Ljava/lang/Object; @ 6
Event: 6.815 Thread 0x000000001b125000 Uncommon trap: reason=bimorphic action=maybe_recompile pc=0x000000000344ff28 method=java.util.Hashtable.get(Ljava/lang/Object;)Ljava/lang/Object; @ 6
Event: 6.815 Thread 0x000000001b125000 Uncommon trap: reason=bimorphic action=maybe_recompile pc=0x000000000344ff28 method=java.util.Hashtable.get(Ljava/lang/Object;)Ljava/lang/Object; @ 6
Event: 6.828 Thread 0x000000001b125000 Uncommon trap: reason=unstable_if action=reinterpret pc=0x0000000002fff194 method=java.lang.String.replace(CC)Ljava/lang/String; @ 2
Event: 6.831 Thread 0x000000001b125000 Uncommon trap: reason=bimorphic action=maybe_recompile pc=0x00000000037e1c70 method=org.codehaus.groovy.runtime.metaclass.MetaMethodIndex.addMethodToList(Ljava/lang/Object;Lgroovy/lang/MetaMethod;)Ljava/lang/Object; @ 96
Event: 6.831 Thread 0x000000001b125000 Uncommon trap: reason=unstable_if action=reinterpret pc=0x00000000037e1be4 method=org.codehaus.groovy.runtime.metaclass.MetaMethodIndex.isNonRealMethod(Lgroovy/lang/MetaMethod;)Z @ 4
Event: 6.832 Thread 0x000000001b125000 Uncommon trap: reason=unstable_if action=reinterpret pc=0x00000000039ca9cc method=groovy.lang.MetaClassImpl$1MOPIter.methodNameAction(Ljava/lang/Class;Lorg/codehaus/groovy/runtime/metaclass/MetaMethodIndex$Entry;)V @ 182
Event: 6.916 Thread 0x000000001b125000 Uncommon trap: reason=unstable_if action=reinterpret pc=0x00000000033eb0e4 method=java.lang.String.lastIndexOf([CII[CIII)I @ 17
Event: 6.916 Thread 0x000000001b125000 Uncommon trap: reason=unstable_if action=reinterpret pc=0x0000000003776a94 method=sun.net.www.protocol.jar.Handler.parseURL(Ljava/net/URL;Ljava/lang/String;II)V @ 94
Event: 7.154 Thread 0x000000001b125000 Uncommon trap: reason=unstable_if action=reinterpret pc=0x00000000033b6330 method=org.gradle.internal.instantiation.AbstractClassGenerator$InjectionAnnotationValidator.validateMethod(Ljava/lang/reflect/Method;Lorg/gradle/internal/reflect/PropertyAccessorT

Classes redefined (0 events):
No events

Internal exceptions (10 events):
Event: 7.090 Thread 0x000000001b125000 Exception <a 'java/lang/ClassNotFoundException': org/gradle/api/plugins/BasePluginConventionCustomizer> (0x00000000e16e3520) thrown at [D:\src\AOSP-openjdk-cygwin\jdk8u\hotspot\src\share\vm\classfile\systemDictionary.cpp, line 210]
Event: 7.091 Thread 0x000000001b125000 Exception <a 'java/lang/ClassNotFoundException': org/gradle/api/plugins/internal/DefaultBasePluginConventionCustomizer> (0x00000000e17485d0) thrown at [D:\src\AOSP-openjdk-cygwin\jdk8u\hotspot\src\share\vm\classfile\systemDictionary.cpp, line 210]
Event: 7.094 Thread 0x000000001b125000 Exception <a 'java/lang/ClassNotFoundException': org/gradle/api/plugins/internal/DefaultJavaPluginConventionBeanInfo> (0x00000000e17ed788) thrown at [D:\src\AOSP-openjdk-cygwin\jdk8u\hotspot\src\share\vm\classfile\systemDictionary.cpp, line 210]
Event: 7.095 Thread 0x000000001b125000 Exception <a 'java/lang/ClassNotFoundException': org/gradle/api/plugins/JavaPluginConventionBeanInfo> (0x00000000e1832228) thrown at [D:\src\AOSP-openjdk-cygwin\jdk8u\hotspot\src\share\vm\classfile\systemDictionary.cpp, line 210]
Event: 7.096 Thread 0x000000001b125000 Exception <a 'java/lang/ClassNotFoundException': org/gradle/api/plugins/JavaPluginConventionCustomizer> (0x00000000e1877ec8) thrown at [D:\src\AOSP-openjdk-cygwin\jdk8u\hotspot\src\share\vm\classfile\systemDictionary.cpp, line 210]
Event: 7.097 Thread 0x000000001b125000 Exception <a 'java/lang/ClassNotFoundException': org/gradle/api/plugins/internal/DefaultJavaPluginConventionCustomizer> (0x00000000e18e9028) thrown at [D:\src\AOSP-openjdk-cygwin\jdk8u\hotspot\src\share\vm\classfile\systemDictionary.cpp, line 210]
Event: 7.256 Thread 0x000000001b125000 Exception <a 'java/lang/NoSuchMethodError': java.lang.Object.lambda$comparing$77a9974f$1(Ljava/util/function/Function;Ljava/lang/Object;Ljava/lang/Object;)I> (0x00000000e21ac280) thrown at [D:\src\AOSP-openjdk-cygwin\jdk8u\hotspot\src\share\vm\interpreter
Event: 7.257 Thread 0x000000001b125000 Exception <a 'java/lang/NoSuchMethodError': java.lang.Object.lambda$comparingInt$7b0bb60$1(Ljava/util/function/ToIntFunction;Ljava/lang/Object;Ljava/lang/Object;)I> (0x00000000e21b6868) thrown at [D:\src\AOSP-openjdk-cygwin\jdk8u\hotspot\src\share\vm\inte
Event: 7.257 Thread 0x000000001b125000 Exception <a 'java/lang/NoSuchMethodError': java.lang.Object.lambda$thenComparing$36697e65$1(Ljava/util/Comparator;Ljava/lang/Object;Ljava/lang/Object;)I> (0x00000000e21bf3f0) thrown at [D:\src\AOSP-openjdk-cygwin\jdk8u\hotspot\src\share\vm\interpreter\li
Event: 7.259 Thread 0x000000001b125000 Exception <a 'java/lang/NoSuchMethodError': java.lang.Object.lambda$comparing$ea9a8b3a$1(Ljava/util/Comparator;Ljava/util/function/Function;Ljava/lang/Object;Ljava/lang/Object;)I> (0x00000000e21ccea0) thrown at [D:\src\AOSP-openjdk-cygwin\jdk8u\hotspot\sr

Events (10 events):
Event: 7.307 loading class com/android/build/gradle/internal/TaskManager
Event: 7.307 loading class com/android/build/gradle/internal/TaskManager done
Event: 7.308 loading class org/gradle/api/Task
Event: 7.308 loading class org/gradle/api/Task done
Event: 7.308 loading class org/gradle/api/Action
Event: 7.308 loading class org/gradle/api/Action done
Event: 7.308 loading class org/gradle/api/tasks/TaskProvider
Event: 7.308 loading class org/gradle/api/tasks/TaskProvider done
Event: 7.308 loading class org/gradle/api/tasks/TaskProvider
Event: 7.308 loading class org/gradle/api/tasks/TaskProvider done


Dynamic libraries:
0x00007ff75e580000 - 0x00007ff75e5b1000 	F:\develop\soft\android-studio-3.5.2\jre\bin\java.exe
0x00007ffb186b0000 - 0x00007ffb188a5000 	C:\Windows\SYSTEM32\ntdll.dll
0x00007ffb185b0000 - 0x00007ffb1866d000 	C:\Windows\System32\KERNEL32.DLL
0x00007ffb15fb0000 - 0x00007ffb16278000 	C:\Windows\System32\KERNELBASE.dll
0x00007ffb18030000 - 0x00007ffb180dc000 	C:\Windows\System32\ADVAPI32.dll
0x00007ffb16730000 - 0x00007ffb167ce000 	C:\Windows\System32\msvcrt.dll
0x00007ffb16860000 - 0x00007ffb168fb000 	C:\Windows\System32\sechost.dll
0x00007ffb16c30000 - 0x00007ffb16d5b000 	C:\Windows\System32\RPCRT4.dll
0x00007ffb18380000 - 0x00007ffb18520000 	C:\Windows\System32\USER32.dll
0x00007ffb15ed0000 - 0x00007ffb15ef2000 	C:\Windows\System32\win32u.dll
0x00007ffb182a0000 - 0x00007ffb182ca000 	C:\Windows\System32\GDI32.dll
0x00007ffb16470000 - 0x00007ffb1657b000 	C:\Windows\System32\gdi32full.dll
0x00007ffb16380000 - 0x00007ffb1641d000 	C:\Windows\System32\msvcp_win.dll
0x00007ffb16280000 - 0x00007ffb16380000 	C:\Windows\System32\ucrtbase.dll
0x00007ffb08490000 - 0x00007ffb0872a000 	C:\Windows\WinSxS\amd64_microsoft.windows.common-controls_6595b64144ccf1df_6.0.19041.844_none_ca00b6081b84eb1d\COMCTL32.dll
0x00007ffb18580000 - 0x00007ffb185b0000 	C:\Windows\System32\IMM32.DLL
0x000000006e370000 - 0x000000006e442000 	F:\develop\soft\android-studio-3.5.2\jre\jre\bin\msvcr100.dll
0x000000006e450000 - 0x000000006ec96000 	F:\develop\soft\android-studio-3.5.2\jre\jre\bin\server\jvm.dll
0x00007ffb16720000 - 0x00007ffb16728000 	C:\Windows\System32\PSAPI.DLL
0x00007ffb0a090000 - 0x00007ffb0a0b7000 	C:\Windows\SYSTEM32\WINMM.dll
0x00007ffb0d360000 - 0x00007ffb0d369000 	C:\Windows\SYSTEM32\WSOCK32.dll
0x00007ffb0ff10000 - 0x00007ffb0ff1a000 	C:\Windows\SYSTEM32\VERSION.dll
0x00007ffb16a90000 - 0x00007ffb16afb000 	C:\Windows\System32\WS2_32.dll
0x00007ffb0b680000 - 0x00007ffb0b68f000 	F:\develop\soft\android-studio-3.5.2\jre\jre\bin\verify.dll
0x00007ffb02d50000 - 0x00007ffb02d79000 	F:\develop\soft\android-studio-3.5.2\jre\jre\bin\java.dll
0x00007ffb0a0c0000 - 0x00007ffb0a0d6000 	F:\develop\soft\android-studio-3.5.2\jre\jre\bin\zip.dll
0x00007ffb17270000 - 0x00007ffb179b2000 	C:\Windows\System32\SHELL32.dll
0x00007ffb13f50000 - 0x00007ffb146e1000 	C:\Windows\SYSTEM32\windows.storage.dll
0x00007ffb16f10000 - 0x00007ffb17265000 	C:\Windows\System32\combase.dll
0x00007ffb15860000 - 0x00007ffb1588c000 	C:\Windows\SYSTEM32\Wldp.dll
0x00007ffb182d0000 - 0x00007ffb1837e000 	C:\Windows\System32\SHCORE.dll
0x00007ffb18520000 - 0x00007ffb18575000 	C:\Windows\System32\shlwapi.dll
0x00007ffb15d30000 - 0x00007ffb15d4f000 	C:\Windows\SYSTEM32\profapi.dll
0x00007ffb02d30000 - 0x00007ffb02d4a000 	F:\develop\soft\android-studio-3.5.2\jre\jre\bin\net.dll
0x00007ffb15560000 - 0x00007ffb155ca000 	C:\Windows\system32\mswsock.dll
0x00007ffb02d10000 - 0x00007ffb02d21000 	F:\develop\soft\android-studio-3.5.2\jre\jre\bin\nio.dll
0x00007ffaf68b0000 - 0x00007ffaf68d6000 	C:\Users\Administrator\.gradle\native\29\windows-amd64\native-platform.dll
0x00007ffb0ad30000 - 0x00007ffb0ad3d000 	F:\develop\soft\android-studio-3.5.2\jre\jre\bin\management.dll
0x00007ffb15730000 - 0x00007ffb15748000 	C:\Windows\SYSTEM32\CRYPTSP.dll
0x00007ffb14ea0000 - 0x00007ffb14ed4000 	C:\Windows\system32\rsaenh.dll
0x00007ffb16580000 - 0x00007ffb165a7000 	C:\Windows\System32\bcrypt.dll
0x00007ffb15cb0000 - 0x00007ffb15cde000 	C:\Windows\SYSTEM32\USERENV.dll
0x00007ffb15e50000 - 0x00007ffb15ed0000 	C:\Windows\System32\bcryptprimitives.dll
0x00007ffb15750000 - 0x00007ffb1575c000 	C:\Windows\SYSTEM32\CRYPTBASE.dll
0x00007ffb151f0000 - 0x00007ffb1522b000 	C:\Windows\SYSTEM32\IPHLPAPI.DLL
0x00007ffb169d0000 - 0x00007ffb169d8000 	C:\Windows\System32\NSI.dll
0x00007ffb10110000 - 0x00007ffb10127000 	C:\Windows\SYSTEM32\dhcpcsvc6.DLL
0x00007ffb10070000 - 0x00007ffb1008d000 	C:\Windows\SYSTEM32\dhcpcsvc.DLL
0x00007ffb15230000 - 0x00007ffb152fc000 	C:\Windows\SYSTEM32\DNSAPI.dll

VM Arguments:
jvm_args: -Xmx1536m -Dfile.encoding=GBK -Duser.country=CN -Duser.language=zh -Duser.variant 
java_command: org.gradle.launcher.daemon.bootstrap.GradleDaemon 5.4.1
java_class_path (initial): C:\Users\Administrator\.gradle\wrapper\dists\gradle-5.4.1-all\3221gyojl5jsh0helicew7rwx\gradle-5.4.1\lib\gradle-launcher-5.4.1.jar
Launcher Type: SUN_STANDARD

Environment Variables:
JAVA_HOME=C:\Program Files\Java\jdk-15.0.1
PATH=C:\Program Files\Common Files\Oracle\Java\javapath;C:\Windows\system32;C:\Windows;C:\Windows\System32\Wbem;C:\Windows\System32\WindowsPowerShell\v1.0\;C:\Windows\System32\OpenSSH\;C:\Program Files (x86)\Yozosoft\Yozo_Office\Lib\xuggler\bin;C:\Program Files\Git\cmd;E:\develop\resourse\flutter\bin;C:\Program Files\Java\jdk-15.0.1\bin;C:\Users\Administrator\AppData\Local\Microsoft\WindowsApps;;E:\program files\Fiddler
USERNAME=Administrator
OS=Windows_NT
PROCESSOR_IDENTIFIER=Intel64 Family 6 Model 44 Stepping 2, GenuineIntel



---------------  S Y S T E M  ---------------

OS: Windows 10.0 , 64 bit Build 19041 (10.0.19041.928)

CPU:total 12 (initial active 12) (6 cores per cpu, 2 threads per core) family 6 model 44 stepping 2, cmov, cx8, fxsr, mmx, sse, sse2, sse3, ssse3, sse4.1, sse4.2, popcnt, aes, clmul, ht, tsc, tscinvbit, tscinv

Memory: 4k page, physical 16768240k(9102188k free), swap 29875692k(5576k free)

vm_info: OpenJDK 64-Bit Server VM (25.202-b03) for windows-amd64 JRE (1.8.0_202-release-1483-b03), built by "builder" with MS VC++ 10.0 (VS2010)

time: Tue May 11 21:21:59 2021
timezone: 中国标准时间
elapsed time: 7 seconds (0d 0h 0m 7s)

