#
# There is insufficient memory for the Java Runtime Environment to continue.
# Native memory allocation (malloc) failed to allocate 1195856 bytes for Chunk::new
# Possible reasons:
#   The system is out of physical RAM or swap space
#   The process is running with CompressedOops enabled, and the Java Heap may be blocking the growth of the native heap
# Possible solutions:
#   Reduce memory load on the system
#   Increase physical memory or swap space
#   Check if swap backing store is full
#   Decrease Java heap size (-Xmx/-Xms)
#   Decrease number of Java threads
#   Decrease Java thread stack sizes (-Xss)
#   Set larger code cache with -XX:ReservedCodeCacheSize=
#   JVM is running with Unscaled Compressed Oops mode in which the Java heap is
#     placed in the first 4GB address space. The Java Heap base address is the
#     maximum limit for the native heap growth. Please use -XX:HeapBaseMinAddress
#     to set the Java Heap base and to place the Java Heap above 4GB virtual address.
# This output file may be truncated or incomplete.
#
#  Out of Memory Error (allocation.cpp:389), pid=16364, tid=0x0000000000003b3c
#
# JRE version: OpenJDK Runtime Environment (8.0_202-b03) (build 1.8.0_202-release-1483-b03)
# Java VM: OpenJDK 64-Bit Server VM (25.202-b03 mixed mode windows-amd64 compressed oops)
# Failed to write core dump. Minidumps are not enabled by default on client versions of Windows
#

---------------  T H R E A D  ---------------

Current thread (0x0000000018545800):  JavaThread "C2 CompilerThread2" daemon [_thread_in_native, id=15164, stack(0x0000000019c20000,0x0000000019d20000)]

Stack: [0x0000000019c20000,0x0000000019d20000]
[error occurred during error reporting (printing stack bounds), id 0xc0000005]

Native frames: (J=compiled Java code, j=interpreted, Vv=VM code, C=native code)


Current CompileTask:
C2: 279533 16828       4       com.android.tools.r8.ir.code.Phi::a (339 bytes)


---------------  P R O C E S S  ---------------

Java Threads: ( => current thread )
  0x000000002abd5000 JavaThread "WorkerExecutor Queue Thread 14" [_thread_blocked, id=1940, stack(0x0000000032010000,0x0000000032110000)]
  0x000000002abd9800 JavaThread "WorkerExecutor Queue Thread 13" [_thread_blocked, id=17352, stack(0x0000000031f10000,0x0000000032010000)]
  0x000000002abd6800 JavaThread "WorkerExecutor Queue Thread 12" [_thread_blocked, id=16508, stack(0x0000000031e10000,0x0000000031f10000)]
  0x000000002abd6000 JavaThread "WorkerExecutor Queue Thread 11" [_thread_blocked, id=15688, stack(0x0000000031d10000,0x0000000031e10000)]
  0x000000002abd8000 JavaThread "WorkerExecutor Queue Thread 10" [_thread_blocked, id=3608, stack(0x0000000030b80000,0x0000000030c80000)]
  0x000000002abdb000 JavaThread "WorkerExecutor Queue Thread 9" [_thread_blocked, id=6380, stack(0x000000002f900000,0x000000002fa00000)]
  0x000000002abd9000 JavaThread "WorkerExecutor Queue Thread 8" [_thread_blocked, id=9460, stack(0x000000002f800000,0x000000002f900000)]
  0x000000002abda800 JavaThread "WorkerExecutor Queue Thread 7" [_thread_blocked, id=14632, stack(0x000000002e720000,0x000000002e820000)]
  0x000000002abd7800 JavaThread "WorkerExecutor Queue Thread 6" [_thread_blocked, id=10336, stack(0x000000002ba60000,0x000000002bb60000)]
  0x00000000288d6800 JavaThread "WorkerExecutor Queue Thread 5" [_thread_blocked, id=5204, stack(0x000000002b860000,0x000000002b960000)]
  0x000000001eae8800 JavaThread "WorkerExecutor Queue Thread 4" [_thread_blocked, id=14784, stack(0x0000000027260000,0x0000000027360000)]
  0x00000000288df800 JavaThread "Cache worker for Java compile cache (F:\develop\project\github\imToken\.gradle\5.4.1\javaCompile)" [_thread_blocked, id=2592, stack(0x000000002c480000,0x000000002c580000)]
  0x00000000288df000 JavaThread "Cache worker for Java compile cache (C:\Users\Administrator\.gradle\caches\5.4.1\javaCompile)" [_thread_blocked, id=12236, stack(0x0000000029d50000,0x0000000029e50000)]
  0x00000000288de000 JavaThread "ForkJoinPool.commonPool-worker-3" daemon [_thread_blocked, id=9956, stack(0x000000002bd60000,0x000000002be60000)]
  0x00000000288e1000 JavaThread "ForkJoinPool.commonPool-worker-10" daemon [_thread_blocked, id=7144, stack(0x000000002bc60000,0x000000002bd60000)]
  0x00000000288e0800 JavaThread "ForkJoinPool.commonPool-worker-1" daemon [_thread_blocked, id=16980, stack(0x000000002bb60000,0x000000002bc60000)]
  0x00000000288dd800 JavaThread "ForkJoinPool.commonPool-worker-15" daemon [_thread_blocked, id=1808, stack(0x000000002b960000,0x000000002ba60000)]
  0x00000000288dc000 JavaThread "ForkJoinPool.commonPool-worker-13" daemon [_thread_blocked, id=8520, stack(0x000000002b760000,0x000000002b860000)]
  0x00000000288db000 JavaThread "ForkJoinPool.commonPool-worker-4" daemon [_thread_blocked, id=12740, stack(0x000000002b660000,0x000000002b760000)]
  0x00000000288d4000 JavaThread "ForkJoinPool.commonPool-worker-11" daemon [_thread_blocked, id=5820, stack(0x000000002a2c0000,0x000000002a3c0000)]
  0x00000000288d5800 JavaThread "ForkJoinPool.commonPool-worker-2" daemon [_thread_blocked, id=9272, stack(0x000000002a1c0000,0x000000002a2c0000)]
  0x00000000288d9800 JavaThread "ForkJoinPool.commonPool-worker-9" daemon [_thread_blocked, id=9992, stack(0x000000002a0c0000,0x000000002a1c0000)]
  0x00000000288d5000 JavaThread "WorkerExecutor Queue Thread 3" [_thread_in_native, id=10612, stack(0x0000000029fc0000,0x000000002a0c0000)]
  0x00000000288da800 JavaThread "RMI TCP Connection(1)-127.0.0.1" daemon [_thread_in_native, id=17984, stack(0x000000002b560000,0x000000002b660000)]
  0x00000000288d8800 JavaThread "RMI Reaper" [_thread_blocked, id=17580, stack(0x000000002a490000,0x000000002a590000)]
  0x00000000288d8000 JavaThread "RMI TCP Accept-0" daemon [_thread_in_native, id=6152, stack(0x0000000029c50000,0x0000000029d50000)]
  0x00000000204c5800 JavaThread "GC Daemon" daemon [_thread_blocked, id=15348, stack(0x0000000029ec0000,0x0000000029fc0000)]
  0x000000001eae7000 JavaThread "RMI Scheduler(0)" daemon [_thread_blocked, id=13276, stack(0x0000000028b30000,0x0000000028c30000)]
  0x000000001eae8000 JavaThread "stdout" [_thread_in_native, id=14820, stack(0x0000000027860000,0x0000000027960000)]
  0x000000001eaea000 JavaThread "stderr" [_thread_in_native, id=12532, stack(0x0000000027760000,0x0000000027860000)]
  0x000000001eae5800 JavaThread "pool-4-thread-1" [_thread_blocked, id=13592, stack(0x0000000027660000,0x0000000027760000)]
  0x000000001eaeb000 JavaThread "WorkerExecutor Queue Thread 2" [_thread_blocked, id=12744, stack(0x0000000027360000,0x0000000027460000)]
  0x000000001eae5000 JavaThread "Cache worker for execution history cache (F:\develop\project\github\imToken\.gradle\5.4.1\executionHistory)" [_thread_blocked, id=14568, stack(0x0000000026d60000,0x0000000026e60000)]
  0x000000001b059000 JavaThread "Execution worker for ':' Thread 11" [_thread_in_Java, id=13000, stack(0x0000000026c60000,0x0000000026d60000)]
  0x00000000204ce800 JavaThread "Execution worker for ':' Thread 10" [_thread_blocked, id=14624, stack(0x0000000026b60000,0x0000000026c60000)]
  0x00000000204ce000 JavaThread "Execution worker for ':' Thread 9" [_thread_in_Java, id=15548, stack(0x00000000265a0000,0x00000000266a0000)]
  0x00000000204cc800 JavaThread "Execution worker for ':' Thread 8" [_thread_in_native, id=10672, stack(0x00000000264a0000,0x00000000265a0000)]
  0x00000000204cf800 JavaThread "Execution worker for ':' Thread 7" [_thread_in_Java, id=17932, stack(0x00000000263a0000,0x00000000264a0000)]
  0x00000000204d0000 JavaThread "Execution worker for ':' Thread 6" [_thread_in_Java, id=2724, stack(0x00000000262a0000,0x00000000263a0000)]
  0x00000000204d1800 JavaThread "Execution worker for ':' Thread 5" [_thread_blocked, id=4116, stack(0x00000000261a0000,0x00000000262a0000)]
  0x00000000204d1000 JavaThread "Execution worker for ':' Thread 4" [_thread_in_Java, id=2784, stack(0x00000000260a0000,0x00000000261a0000)]
  0x00000000204cb800 JavaThread "Execution worker for ':' Thread 3" [_thread_blocked, id=15852, stack(0x0000000025fa0000,0x00000000260a0000)]
  0x00000000204d2800 JavaThread "Execution worker for ':' Thread 2" [_thread_blocked, id=12708, stack(0x0000000025aa0000,0x0000000025ba0000)]
  0x00000000204c4000 JavaThread "Execution worker for ':'" [_thread_in_vm, id=1972, stack(0x0000000025420000,0x0000000025520000)]
  0x00000000204cb000 JavaThread "Cache worker for file content cache (F:\develop\project\github\imToken\.gradle\5.4.1\fileContent)" [_thread_blocked, id=16244, stack(0x0000000023d20000,0x0000000023e20000)]
  0x00000000204c8000 JavaThread "Cache worker for Build Output Cleanup Cache (F:\develop\project\github\imToken\.gradle\buildOutputCleanup)" [_thread_blocked, id=10792, stack(0x0000000023b20000,0x0000000023c20000)]
  0x00000000204c7000 JavaThread "Build operations Thread 12" [_thread_blocked, id=12972, stack(0x0000000023a20000,0x0000000023b20000)]
  0x00000000204c5000 JavaThread "Build operations Thread 11" [_thread_blocked, id=16568, stack(0x0000000023920000,0x0000000023a20000)]
  0x00000000204c6800 JavaThread "Build operations Thread 10" [_thread_blocked, id=9112, stack(0x0000000023820000,0x0000000023920000)]
  0x00000000204c3800 JavaThread "Build operations Thread 9" [_thread_blocked, id=9224, stack(0x0000000023720000,0x0000000023820000)]
  0x00000000204c9800 JavaThread "Build operations Thread 8" [_thread_blocked, id=6812, stack(0x0000000023620000,0x0000000023720000)]
  0x00000000204c8800 JavaThread "Build operations Thread 7" [_thread_blocked, id=6400, stack(0x0000000023520000,0x0000000023620000)]
  0x000000001c744800 JavaThread "Build operations Thread 6" [_thread_blocked, id=2032, stack(0x0000000023420000,0x0000000023520000)]
  0x000000001c747800 JavaThread "Build operations Thread 5" [_thread_blocked, id=13852, stack(0x0000000023320000,0x0000000023420000)]
  0x000000001c73c800 JavaThread "Build operations Thread 4" [_thread_blocked, id=5692, stack(0x0000000023220000,0x0000000023320000)]
  0x000000001c743000 JavaThread "Build operations Thread 3" [_thread_blocked, id=16560, stack(0x0000000023120000,0x0000000023220000)]
  0x000000001c73e000 JavaThread "Build operations Thread 2" [_thread_blocked, id=5688, stack(0x0000000022d70000,0x0000000022e70000)]
  0x000000001c73d000 JavaThread "Build operations" [_thread_blocked, id=7668, stack(0x0000000022a30000,0x0000000022b30000)]
  0x000000001c742800 JavaThread "Cache worker for cache directory md-rule (C:\Users\Administrator\.gradle\caches\5.4.1\md-rule)" [_thread_blocked, id=4676, stack(0x0000000022930000,0x0000000022a30000)]
  0x000000001c73b800 JavaThread "Cache worker for cache directory md-supplier (C:\Users\Administrator\.gradle\caches\5.4.1\md-supplier)" [_thread_blocked, id=10048, stack(0x000000001fd30000,0x000000001fe30000)]
  0x000000001c741800 JavaThread "Cache worker for file hash cache (F:\develop\project\github\imToken\.gradle\5.4.1\fileHashes)" [_thread_blocked, id=16368, stack(0x000000001d590000,0x000000001d690000)]
  0x000000001c73a000 JavaThread "Thread-87" [_thread_blocked, id=15380, stack(0x000000001d290000,0x000000001d390000)]
  0x000000001c741000 JavaThread "Stdin handler" [_thread_blocked, id=1200, stack(0x000000001d190000,0x000000001d290000)]
  0x000000001c73b000 JavaThread "Asynchronous log dispatcher for DefaultDaemonConnection: socket connection from /127.0.0.1:56120 to /127.0.0.1:56700" [_thread_blocked, id=16096, stack(0x000000001ce90000,0x000000001cf90000)]
  0x000000001c740000 JavaThread "Daemon worker Thread 3" [_thread_blocked, id=9904, stack(0x000000001cd90000,0x000000001ce90000)]
  0x000000001c739800 JavaThread "Cancel handler" [_thread_blocked, id=14732, stack(0x0000000000e30000,0x0000000000f30000)]
  0x000000001c738800 JavaThread "Handler for socket connection from /127.0.0.1:56120 to /127.0.0.1:56700" [_thread_in_native, id=14948, stack(0x0000000000d30000,0x0000000000e30000)]
  0x000000001c73f800 JavaThread "Daemon Thread 3" [_thread_blocked, id=5704, stack(0x0000000000c30000,0x0000000000d30000)]
  0x000000001c747000 JavaThread "Cache worker for file content cache (C:\Users\Administrator\.gradle\caches\5.4.1\fileContent)" [_thread_blocked, id=868, stack(0x0000000025320000,0x0000000025420000)]
  0x000000001c745800 JavaThread "Memory manager" [_thread_blocked, id=14908, stack(0x0000000025020000,0x0000000025120000)]
  0x000000001c73e800 JavaThread "Cache worker for execution history cache (C:\Users\Administrator\.gradle\caches\5.4.1\executionHistory)" [_thread_blocked, id=1804, stack(0x0000000022830000,0x0000000022930000)]
  0x000000001b055800 JavaThread "Cache worker for journal cache (C:\Users\Administrator\.gradle\caches\journal-1)" [_thread_blocked, id=12876, stack(0x000000001da90000,0x000000001db90000)]
  0x000000001b057000 JavaThread "File lock request listener" [_thread_in_native, id=8552, stack(0x000000001d990000,0x000000001da90000)]
  0x000000001b817800 JavaThread "Cache worker for file hash cache (C:\Users\Administrator\.gradle\caches\5.4.1\fileHashes)" [_thread_blocked, id=8248, stack(0x000000001d690000,0x000000001d790000)]
  0x000000001b56b800 JavaThread "Daemon periodic checks" [_thread_blocked, id=18184, stack(0x000000001cc90000,0x000000001cd90000)]
  0x000000001b102800 JavaThread "Incoming local TCP Connector on port 56120" [_thread_in_native, id=6668, stack(0x000000001cae0000,0x000000001cbe0000)]
  0x000000001b22d800 JavaThread "Daemon health stats" [_thread_blocked, id=1864, stack(0x000000001c7c0000,0x000000001c8c0000)]
  0x00000000185d2800 JavaThread "Service Thread" daemon [_thread_blocked, id=4160, stack(0x0000000019e20000,0x0000000019f20000)]
  0x000000001854a800 JavaThread "C1 CompilerThread3" daemon [_thread_blocked, id=4616, stack(0x0000000019d20000,0x0000000019e20000)]
=>0x0000000018545800 JavaThread "C2 CompilerThread2" daemon [_thread_in_native, id=15164, stack(0x0000000019c20000,0x0000000019d20000)]
  0x0000000018540800 JavaThread "C2 CompilerThread1" daemon [_thread_in_native, id=10824, stack(0x0000000019b20000,0x0000000019c20000)]
  0x0000000018533000 JavaThread "C2 CompilerThread0" daemon [_thread_in_native, id=11064, stack(0x0000000019a20000,0x0000000019b20000)]
  0x00000000184de800 JavaThread "Attach Listener" daemon [_thread_blocked, id=10052, stack(0x0000000019920000,0x0000000019a20000)]
  0x0000000018532000 JavaThread "Signal Dispatcher" daemon [_thread_blocked, id=6436, stack(0x0000000019820000,0x0000000019920000)]
  0x0000000002e3b000 JavaThread "Finalizer" daemon [_thread_blocked, id=18280, stack(0x0000000019720000,0x0000000019820000)]
  0x00000000184c3000 JavaThread "Reference Handler" daemon [_thread_blocked, id=15132, stack(0x0000000019620000,0x0000000019720000)]
  0x000000000102e000 JavaThread "main" [_thread_blocked, id=11228, stack(0x0000000002810000,0x0000000002910000)]

Other Threads:
  0x00000000184a2800 VMThread [stack: 0x0000000019520000,0x0000000019620000] [id=13040]
  0x00000000185d4000 WatcherThread [stack: 0x0000000019f20000,0x000000001a020000] [id=11776]

VM state:not at safepoint (normal execution)

VM Mutex/Monitor currently owned by a thread: None

heap address: 0x00000000a0000000, size: 1536 MB, Compressed Oops mode: 32-bit
Narrow klass base: 0x0000000000000000, Narrow klass shift: 3
Compressed class space size: 1073741824 Address: 0x0000000100000000

Heap:
 PSYoungGen      total 409088K, used 176407K [0x00000000e0000000, 0x0000000100000000, 0x0000000100000000)
  eden space 369152K, 36% used [0x00000000e0000000,0x00000000e8548ce8,0x00000000f6880000)
  from space 39936K, 99% used [0x00000000f6880000,0x00000000f8f7d2c0,0x00000000f8f80000)
  to   space 59392K, 0% used [0x00000000fc600000,0x00000000fc600000,0x0000000100000000)
 ParOldGen       total 260608K, used 87713K [0x00000000a0000000, 0x00000000afe80000, 0x00000000e0000000)
  object space 260608K, 33% used [0x00000000a0000000,0x00000000a55a85c0,0x00000000afe80000)
 Metaspace       used 89669K, capacity 93746K, committed 93784K, reserved 1130496K
  class space    used 11570K, capacity 12358K, committed 12376K, reserved 1048576K

Card table byte_map: [0x0000000012200000,0x0000000012510000] byte_map_base: 0x0000000011d00000

Marking Bits: (ParMarkBitMap*) 0x000000006ec19f30
 Begin Bits: [0x0000000013110000, 0x0000000014910000)
 End Bits:   [0x0000000014910000, 0x0000000016110000)

Polling page: 0x0000000000a40000

CodeCache: size=245760Kb used=48099Kb max_used=48099Kb free=197660Kb
 bounds [0x0000000002e40000, 0x0000000005d70000, 0x0000000011e40000]
 total_blobs=15655 nmethods=14757 adapters=809
 compilation: enabled

Compilation events (10 events):
Event: 279.496 Thread 0x000000001854a800 nmethod 17239 0x0000000005d5cc50 code [0x0000000005d5ce20, 0x0000000005d5d2a8]
Event: 279.496 Thread 0x000000001854a800 17240       2       com.android.tools.r8.ir.regalloc.LinearScanRegisterAllocator::c (188 bytes)
Event: 279.498 Thread 0x000000001854a800 nmethod 17240 0x0000000005d5d5d0 code [0x0000000005d5d820, 0x0000000005d5e1e8]
Event: 279.498 Thread 0x000000001854a800 17241       2       com.android.tools.r8.n.a.a.a.g.f0::e (191 bytes)
Event: 279.499 Thread 0x000000001854a800 nmethod 17241 0x0000000005d5ea90 code [0x0000000005d5ec80, 0x0000000005d5f368]
Event: 279.503 Thread 0x000000001854a800 17242   !   2       java.nio.file.Files::isDirectory (16 bytes)
Event: 279.504 Thread 0x000000001854a800 nmethod 17242 0x0000000005d5f990 code [0x0000000005d5fb20, 0x0000000005d5fda8]
Event: 279.513 Thread 0x000000001854a800 17244       2       sun.nio.fs.WindowsPath::relativize (223 bytes)
Event: 279.515 Thread 0x000000001854a800 nmethod 17244 0x0000000005d5ff90 code [0x0000000005d60220, 0x0000000005d60df8]
Event: 279.530 Thread 0x000000001854a800 17246 %     3       com.android.tools.r8.ir.optimize.f::a @ 164 (193 bytes)

GC Heap History (10 events):
Event: 277.369 GC heap before
{Heap before GC invocations=18 (full 3):
 PSYoungGen      total 345088K, used 345059K [0x00000000e0000000, 0x00000000f9180000, 0x0000000100000000)
  eden space 307200K, 100% used [0x00000000e0000000,0x00000000f2c00000,0x00000000f2c00000)
  from space 37888K, 99% used [0x00000000f5680000,0x00000000f7b78dd8,0x00000000f7b80000)
  to   space 43520K, 0% used [0x00000000f2c00000,0x00000000f2c00000,0x00000000f5680000)
 ParOldGen       total 260608K, used 43697K [0x00000000a0000000, 0x00000000afe80000, 0x00000000e0000000)
  object space 260608K, 16% used [0x00000000a0000000,0x00000000a2aac750,0x00000000afe80000)
 Metaspace       used 88694K, capacity 92600K, committed 92888K, reserved 1130496K
  class space    used 11495K, capacity 12229K, committed 12248K, reserved 1048576K
Event: 277.423 GC heap after
Heap after GC invocations=18 (full 3):
 PSYoungGen      total 350720K, used 21877K [0x00000000e0000000, 0x00000000fb880000, 0x0000000100000000)
  eden space 307200K, 0% used [0x00000000e0000000,0x00000000e0000000,0x00000000f2c00000)
  from space 43520K, 50% used [0x00000000f2c00000,0x00000000f415d658,0x00000000f5680000)
  to   space 41984K, 0% used [0x00000000f8f80000,0x00000000f8f80000,0x00000000fb880000)
 ParOldGen       total 260608K, used 63614K [0x00000000a0000000, 0x00000000afe80000, 0x00000000e0000000)
  object space 260608K, 24% used [0x00000000a0000000,0x00000000a3e1f870,0x00000000afe80000)
 Metaspace       used 88694K, capacity 92600K, committed 92888K, reserved 1130496K
  class space    used 11495K, capacity 12229K, committed 12248K, reserved 1048576K
}
Event: 277.787 GC heap before
{Heap before GC invocations=19 (full 3):
 PSYoungGen      total 350720K, used 329077K [0x00000000e0000000, 0x00000000fb880000, 0x0000000100000000)
  eden space 307200K, 100% used [0x00000000e0000000,0x00000000f2c00000,0x00000000f2c00000)
  from space 43520K, 50% used [0x00000000f2c00000,0x00000000f415d658,0x00000000f5680000)
  to   space 41984K, 0% used [0x00000000f8f80000,0x00000000f8f80000,0x00000000fb880000)
 ParOldGen       total 260608K, used 63614K [0x00000000a0000000, 0x00000000afe80000, 0x00000000e0000000)
  object space 260608K, 24% used [0x00000000a0000000,0x00000000a3e1f988,0x00000000afe80000)
 Metaspace       used 88993K, capacity 92870K, committed 93016K, reserved 1130496K
  class space    used 11512K, capacity 12264K, committed 12376K, reserved 1048576K
Event: 277.813 GC heap after
Heap after GC invocations=19 (full 3):
 PSYoungGen      total 411136K, used 20590K [0x00000000e0000000, 0x00000000fc680000, 0x0000000100000000)
  eden space 369152K, 0% used [0x00000000e0000000,0x00000000e0000000,0x00000000f6880000)
  from space 41984K, 49% used [0x00000000f8f80000,0x00000000fa39b920,0x00000000fb880000)
  to   space 39936K, 0% used [0x00000000f6880000,0x00000000f6880000,0x00000000f8f80000)
 ParOldGen       total 260608K, used 63622K [0x00000000a0000000, 0x00000000afe80000, 0x00000000e0000000)
  object space 260608K, 24% used [0x00000000a0000000,0x00000000a3e21988,0x00000000afe80000)
 Metaspace       used 88993K, capacity 92870K, committed 93016K, reserved 1130496K
  class space    used 11512K, capacity 12264K, committed 12376K, reserved 1048576K
}
Event: 278.264 GC heap before
{Heap before GC invocations=20 (full 3):
 PSYoungGen      total 411136K, used 389742K [0x00000000e0000000, 0x00000000fc680000, 0x0000000100000000)
  eden space 369152K, 100% used [0x00000000e0000000,0x00000000f6880000,0x00000000f6880000)
  from space 41984K, 49% used [0x00000000f8f80000,0x00000000fa39b920,0x00000000fb880000)
  to   space 39936K, 0% used [0x00000000f6880000,0x00000000f6880000,0x00000000f8f80000)
 ParOldGen       total 260608K, used 63625K [0x00000000a0000000, 0x00000000afe80000, 0x00000000e0000000)
  object space 260608K, 24% used [0x00000000a0000000,0x00000000a3e22668,0x00000000afe80000)
 Metaspace       used 89192K, capacity 93126K, committed 93272K, reserved 1130496K
  class space    used 11521K, capacity 12264K, committed 12376K, reserved 1048576K
Event: 278.296 GC heap after
Heap after GC invocations=20 (full 3):
 PSYoungGen      total 409088K, used 33347K [0x00000000e0000000, 0x00000000fc680000, 0x0000000100000000)
  eden space 369152K, 0% used [0x00000000e0000000,0x00000000e0000000,0x00000000f6880000)
  from space 39936K, 83% used [0x00000000f6880000,0x00000000f8910e88,0x00000000f8f80000)
  to   space 41984K, 0% used [0x00000000f8f80000,0x00000000f8f80000,0x00000000fb880000)
 ParOldGen       total 260608K, used 63633K [0x00000000a0000000, 0x00000000afe80000, 0x00000000e0000000)
  object space 260608K, 24% used [0x00000000a0000000,0x00000000a3e24668,0x00000000afe80000)
 Metaspace       used 89192K, capacity 93126K, committed 93272K, reserved 1130496K
  class space    used 11521K, capacity 12264K, committed 12376K, reserved 1048576K
}
Event: 278.782 GC heap before
{Heap before GC invocations=21 (full 3):
 PSYoungGen      total 409088K, used 402499K [0x00000000e0000000, 0x00000000fc680000, 0x0000000100000000)
  eden space 369152K, 100% used [0x00000000e0000000,0x00000000f6880000,0x00000000f6880000)
  from space 39936K, 83% used [0x00000000f6880000,0x00000000f8910e88,0x00000000f8f80000)
  to   space 41984K, 0% used [0x00000000f8f80000,0x00000000f8f80000,0x00000000fb880000)
 ParOldGen       total 260608K, used 63633K [0x00000000a0000000, 0x00000000afe80000, 0x00000000e0000000)
  object space 260608K, 24% used [0x00000000a0000000,0x00000000a3e24668,0x00000000afe80000)
 Metaspace       used 89393K, capacity 93456K, committed 93528K, reserved 1130496K
  class space    used 11546K, capacity 12343K, committed 12376K, reserved 1048576K
Event: 278.839 GC heap after
Heap after GC invocations=21 (full 3):
 PSYoungGen      total 411136K, used 41964K [0x00000000e0000000, 0x00000000fc680000, 0x0000000100000000)
  eden space 369152K, 0% used [0x00000000e0000000,0x00000000e0000000,0x00000000f6880000)
  from space 41984K, 99% used [0x00000000f8f80000,0x00000000fb87b220,0x00000000fb880000)
  to   space 39936K, 0% used [0x00000000f6880000,0x00000000f6880000,0x00000000f8f80000)
 ParOldGen       total 260608K, used 79149K [0x00000000a0000000, 0x00000000afe80000, 0x00000000e0000000)
  object space 260608K, 30% used [0x00000000a0000000,0x00000000a4d4b690,0x00000000afe80000)
 Metaspace       used 89393K, capacity 93456K, committed 93528K, reserved 1130496K
  class space    used 11546K, capacity 12343K, committed 12376K, reserved 1048576K
}
Event: 279.316 GC heap before
{Heap before GC invocations=22 (full 3):
 PSYoungGen      total 411136K, used 411116K [0x00000000e0000000, 0x00000000fc680000, 0x0000000100000000)
  eden space 369152K, 100% used [0x00000000e0000000,0x00000000f6880000,0x00000000f6880000)
  from space 41984K, 99% used [0x00000000f8f80000,0x00000000fb87b220,0x00000000fb880000)
  to   space 39936K, 0% used [0x00000000f6880000,0x00000000f6880000,0x00000000f8f80000)
 ParOldGen       total 260608K, used 79149K [0x00000000a0000000, 0x00000000afe80000, 0x00000000e0000000)
  object space 260608K, 30% used [0x00000000a0000000,0x00000000a4d4b690,0x00000000afe80000)
 Metaspace       used 89638K, capacity 93746K, committed 93784K, reserved 1130496K
  class space    used 11568K, capacity 12358K, committed 12376K, reserved 1048576K
Event: 279.357 GC heap after
Heap after GC invocations=22 (full 3):
 PSYoungGen      total 409088K, used 39924K [0x00000000e0000000, 0x0000000100000000, 0x0000000100000000)
  eden space 369152K, 0% used [0x00000000e0000000,0x00000000e0000000,0x00000000f6880000)
  from space 39936K, 99% used [0x00000000f6880000,0x00000000f8f7d2c0,0x00000000f8f80000)
  to   space 59392K, 0% used [0x00000000fc600000,0x00000000fc600000,0x0000000100000000)
 ParOldGen       total 260608K, used 87713K [0x00000000a0000000, 0x00000000afe80000, 0x00000000e0000000)
  object space 260608K, 33% used [0x00000000a0000000,0x00000000a55a85c0,0x00000000afe80000)
 Metaspace       used 89638K, capacity 93746K, committed 93784K, reserved 1130496K
  class space    used 11568K, capacity 12358K, committed 12376K, reserved 1048576K
}

Deoptimization events (10 events):
Event: 278.869 Thread 0x00000000204cc800 Uncommon trap: reason=unstable_if action=reinterpret pc=0x0000000004a91a1c method=java.io.ObjectOutputStream$BlockDataOutputStream.writeInt(I)V @ 9
Event: 278.897 Thread 0x000000001b059000 Uncommon trap: reason=unstable_if action=reinterpret pc=0x0000000005b209f4 method=com.android.tools.r8.ir.code.Instruction.identicalAfterRegisterAllocation(Lcom/android/tools/r8/ir/code/Instruction;Lcom/android/tools/r8/ir/regalloc/RegisterAllocator;)Z @ 
Event: 278.906 Thread 0x000000001eaeb000 Uncommon trap: reason=unstable_if action=reinterpret pc=0x000000000469d28c method=java.nio.file.FileTreeWalker.visit(Ljava/nio/file/Path;ZZ)Ljava/nio/file/FileTreeWalker$Event; @ 84
Event: 278.909 Thread 0x000000001eae8800 Uncommon trap: reason=unstable_if action=reinterpret pc=0x000000000468b160 method=java.nio.file.FileTreeWalker.getAttributes(Ljava/nio/file/Path;Z)Ljava/nio/file/attribute/BasicFileAttributes; @ 35
Event: 278.910 Thread 0x000000001eaeb000 Uncommon trap: reason=unstable_if action=reinterpret pc=0x000000000466479c method=java.nio.file.FileTreeWalker.getAttributes(Ljava/nio/file/Path;Z)Ljava/nio/file/attribute/BasicFileAttributes; @ 35
Event: 279.047 Thread 0x00000000204cf800 Uncommon trap: reason=class_check action=maybe_recompile pc=0x0000000004f2337c method=com.android.tools.r8.ir.analysis.g.e.b(Lcom/android/tools/r8/ir/code/Instruction;)V @ 139
Event: 279.047 Thread 0x00000000204cf800 Uncommon trap: reason=class_check action=maybe_recompile pc=0x0000000004f2337c method=com.android.tools.r8.ir.analysis.g.e.b(Lcom/android/tools/r8/ir/code/Instruction;)V @ 139
Event: 279.147 Thread 0x00000000204c4000 Uncommon trap: reason=unstable_if action=reinterpret pc=0x00000000057904b4 method=com.android.tools.r8.ir.conversion.N.b(Lcom/android/tools/r8/ir/conversion/IRBuilder;)V @ 521
Event: 279.213 Thread 0x00000000204c4000 Uncommon trap: reason=unstable_if action=reinterpret pc=0x0000000005cbc054 method=com.android.tools.r8.graph.DexType.a(C)Z @ 45
Event: 279.526 Thread 0x00000000204cc800 Uncommon trap: reason=class_check action=maybe_recompile pc=0x0000000004b2de58 method=java.io.Writer.write(Ljava/lang/String;)V @ 7

Classes redefined (0 events):
No events

Internal exceptions (10 events):
Event: 279.518 Thread 0x00000000204cc800 Exception <a 'sun/nio/fs/WindowsException'> (0x00000000e6eb3890) thrown at [D:\src\AOSP-openjdk-cygwin\jdk8u\hotspot\src\share\vm\prims\jni.cpp, line 710]
Event: 279.518 Thread 0x00000000204cc800 Exception <a 'sun/nio/fs/WindowsException'> (0x00000000e6eb4928) thrown at [D:\src\AOSP-openjdk-cygwin\jdk8u\hotspot\src\share\vm\prims\jni.cpp, line 710]
Event: 279.518 Thread 0x00000000204cc800 Exception <a 'sun/nio/fs/WindowsException'> (0x00000000e6eb7040) thrown at [D:\src\AOSP-openjdk-cygwin\jdk8u\hotspot\src\share\vm\prims\jni.cpp, line 710]
Event: 279.518 Thread 0x00000000204cc800 Exception <a 'sun/nio/fs/WindowsException'> (0x00000000e6eb80e0) thrown at [D:\src\AOSP-openjdk-cygwin\jdk8u\hotspot\src\share\vm\prims\jni.cpp, line 710]
Event: 279.519 Thread 0x00000000204cc800 Exception <a 'sun/nio/fs/WindowsException'> (0x00000000e6eba680) thrown at [D:\src\AOSP-openjdk-cygwin\jdk8u\hotspot\src\share\vm\prims\jni.cpp, line 710]
Event: 279.519 Thread 0x00000000204cc800 Exception <a 'sun/nio/fs/WindowsException'> (0x00000000e6ebb710) thrown at [D:\src\AOSP-openjdk-cygwin\jdk8u\hotspot\src\share\vm\prims\jni.cpp, line 710]
Event: 279.520 Thread 0x00000000204cc800 Exception <a 'sun/nio/fs/WindowsException'> (0x00000000e6ec03e8) thrown at [D:\src\AOSP-openjdk-cygwin\jdk8u\hotspot\src\share\vm\prims\jni.cpp, line 710]
Event: 279.520 Thread 0x00000000204cc800 Exception <a 'sun/nio/fs/WindowsException'> (0x00000000e6ec1488) thrown at [D:\src\AOSP-openjdk-cygwin\jdk8u\hotspot\src\share\vm\prims\jni.cpp, line 710]
Event: 279.521 Thread 0x00000000204cc800 Exception <a 'sun/nio/fs/WindowsException'> (0x00000000e6ec3bc0) thrown at [D:\src\AOSP-openjdk-cygwin\jdk8u\hotspot\src\share\vm\prims\jni.cpp, line 710]
Event: 279.521 Thread 0x00000000204cc800 Exception <a 'sun/nio/fs/WindowsException'> (0x00000000e6ec4c60) thrown at [D:\src\AOSP-openjdk-cygwin\jdk8u\hotspot\src\share\vm\prims\jni.cpp, line 710]

Events (10 events):
Event: 279.521 loading class com/google/common/io/FileWriteMode done
Event: 279.523 loading class com/google/common/io/CharSink
Event: 279.523 loading class com/google/common/io/CharSink done
Event: 279.523 loading class com/google/common/io/ByteSink$AsCharSink
Event: 279.523 loading class com/google/common/io/ByteSink$AsCharSink done
Event: 279.526 Thread 0x00000000204cc800 Uncommon trap: trap_request=0xffffffde fr.pc=0x0000000004b2de58
Event: 279.526 Thread 0x00000000204cc800 DEOPT PACKING pc=0x0000000004b2de58 sp=0x000000002659bb20
Event: 279.526 Thread 0x00000000204cc800 DEOPT UNPACKING pc=0x0000000002e8557b sp=0x000000002659bb00 mode 2
Event: 279.531 Thread 0x00000000204d1000 DEOPT PACKING pc=0x0000000004f99cea sp=0x000000002619aec0
Event: 279.531 Thread 0x00000000204d1000 DEOPT UNPACKING pc=0x0000000002e871d0 sp=0x000000002619ae00 mode 0


Dynamic libraries:
0x00007ff75e580000 - 0x00007ff75e5b1000 	F:\develop\soft\android-studio-3.5.2\jre\bin\java.exe
0x00007ffb186b0000 - 0x00007ffb188a5000 	C:\Windows\SYSTEM32\ntdll.dll
0x00007ffb185b0000 - 0x00007ffb1866d000 	C:\Windows\System32\KERNEL32.DLL
0x00007ffb15fb0000 - 0x00007ffb16278000 	C:\Windows\System32\KERNELBASE.dll
0x00007ffb18030000 - 0x00007ffb180dc000 	C:\Windows\System32\ADVAPI32.dll
0x00007ffb16730000 - 0x00007ffb167ce000 	C:\Windows\System32\msvcrt.dll
0x00007ffb16860000 - 0x00007ffb168fb000 	C:\Windows\System32\sechost.dll
0x00007ffb16c30000 - 0x00007ffb16d5b000 	C:\Windows\System32\RPCRT4.dll
0x00007ffb18380000 - 0x00007ffb18520000 	C:\Windows\System32\USER32.dll
0x00007ffb15ed0000 - 0x00007ffb15ef2000 	C:\Windows\System32\win32u.dll
0x00007ffb182a0000 - 0x00007ffb182ca000 	C:\Windows\System32\GDI32.dll
0x00007ffb16470000 - 0x00007ffb1657b000 	C:\Windows\System32\gdi32full.dll
0x00007ffb16380000 - 0x00007ffb1641d000 	C:\Windows\System32\msvcp_win.dll
0x00007ffb16280000 - 0x00007ffb16380000 	C:\Windows\System32\ucrtbase.dll
0x00007ffb08490000 - 0x00007ffb0872a000 	C:\Windows\WinSxS\amd64_microsoft.windows.common-controls_6595b64144ccf1df_6.0.19041.844_none_ca00b6081b84eb1d\COMCTL32.dll
0x00007ffb18580000 - 0x00007ffb185b0000 	C:\Windows\System32\IMM32.DLL
0x000000006e370000 - 0x000000006e442000 	F:\develop\soft\android-studio-3.5.2\jre\jre\bin\msvcr100.dll
0x000000006e450000 - 0x000000006ec96000 	F:\develop\soft\android-studio-3.5.2\jre\jre\bin\server\jvm.dll
0x00007ffb16720000 - 0x00007ffb16728000 	C:\Windows\System32\PSAPI.DLL
0x00007ffb0ff10000 - 0x00007ffb0ff1a000 	C:\Windows\SYSTEM32\VERSION.dll
0x00007ffb0d360000 - 0x00007ffb0d369000 	C:\Windows\SYSTEM32\WSOCK32.dll
0x00007ffb0a090000 - 0x00007ffb0a0b7000 	C:\Windows\SYSTEM32\WINMM.dll
0x00007ffb16a90000 - 0x00007ffb16afb000 	C:\Windows\System32\WS2_32.dll
0x00007ffb0b680000 - 0x00007ffb0b68f000 	F:\develop\soft\android-studio-3.5.2\jre\jre\bin\verify.dll
0x00007ffb02d50000 - 0x00007ffb02d79000 	F:\develop\soft\android-studio-3.5.2\jre\jre\bin\java.dll
0x00007ffb0a0c0000 - 0x00007ffb0a0d6000 	F:\develop\soft\android-studio-3.5.2\jre\jre\bin\zip.dll
0x00007ffb17270000 - 0x00007ffb179b2000 	C:\Windows\System32\SHELL32.dll
0x00007ffb13f50000 - 0x00007ffb146e1000 	C:\Windows\SYSTEM32\windows.storage.dll
0x00007ffb16f10000 - 0x00007ffb17265000 	C:\Windows\System32\combase.dll
0x00007ffb15860000 - 0x00007ffb1588c000 	C:\Windows\SYSTEM32\Wldp.dll
0x00007ffb182d0000 - 0x00007ffb1837e000 	C:\Windows\System32\SHCORE.dll
0x00007ffb18520000 - 0x00007ffb18575000 	C:\Windows\System32\shlwapi.dll
0x00007ffb15d30000 - 0x00007ffb15d4f000 	C:\Windows\SYSTEM32\profapi.dll
0x00007ffb02d30000 - 0x00007ffb02d4a000 	F:\develop\soft\android-studio-3.5.2\jre\jre\bin\net.dll
0x00007ffb15560000 - 0x00007ffb155ca000 	C:\Windows\system32\mswsock.dll
0x00007ffb02d10000 - 0x00007ffb02d21000 	F:\develop\soft\android-studio-3.5.2\jre\jre\bin\nio.dll
0x00007ffaf68b0000 - 0x00007ffaf68d6000 	C:\Users\Administrator\.gradle\native\29\windows-amd64\native-platform.dll
0x00007ffb0ad30000 - 0x00007ffb0ad3d000 	F:\develop\soft\android-studio-3.5.2\jre\jre\bin\management.dll
0x00007ffb15730000 - 0x00007ffb15748000 	C:\Windows\SYSTEM32\CRYPTSP.dll
0x00007ffb14ea0000 - 0x00007ffb14ed4000 	C:\Windows\system32\rsaenh.dll
0x00007ffb16580000 - 0x00007ffb165a7000 	C:\Windows\System32\bcrypt.dll
0x00007ffb15cb0000 - 0x00007ffb15cde000 	C:\Windows\SYSTEM32\USERENV.dll
0x00007ffb15e50000 - 0x00007ffb15ed0000 	C:\Windows\System32\bcryptprimitives.dll
0x00007ffb15750000 - 0x00007ffb1575c000 	C:\Windows\SYSTEM32\CRYPTBASE.dll
0x00007ffb151f0000 - 0x00007ffb1522b000 	C:\Windows\SYSTEM32\IPHLPAPI.DLL
0x00007ffb169d0000 - 0x00007ffb169d8000 	C:\Windows\System32\NSI.dll
0x00007ffb10110000 - 0x00007ffb10127000 	C:\Windows\SYSTEM32\dhcpcsvc6.DLL
0x00007ffb10070000 - 0x00007ffb1008d000 	C:\Windows\SYSTEM32\dhcpcsvc.DLL
0x00007ffb15230000 - 0x00007ffb152fc000 	C:\Windows\SYSTEM32\DNSAPI.dll
0x00007ffb09d10000 - 0x00007ffb09d2e000 	C:\Users\Administrator\AppData\Local\Temp\native-platform3007897443125714386dir\native-platform.dll

VM Arguments:
jvm_args: -Xmx1536m -Dfile.encoding=GBK -Duser.country=CN -Duser.language=zh -Duser.variant 
java_command: org.gradle.launcher.daemon.bootstrap.GradleDaemon 5.4.1
java_class_path (initial): C:\Users\Administrator\.gradle\wrapper\dists\gradle-5.4.1-all\3221gyojl5jsh0helicew7rwx\gradle-5.4.1\lib\gradle-launcher-5.4.1.jar
Launcher Type: SUN_STANDARD

Environment Variables:
JAVA_HOME=C:\Program Files\Java\jdk-15.0.1
PATH=C:\Program Files\Common Files\Oracle\Java\javapath;C:\Windows\system32;C:\Windows;C:\Windows\System32\Wbem;C:\Windows\System32\WindowsPowerShell\v1.0\;C:\Windows\System32\OpenSSH\;C:\Program Files (x86)\Yozosoft\Yozo_Office\Lib\xuggler\bin;C:\Program Files\Git\cmd;E:\develop\resourse\flutter\bin;C:\Program Files\Java\jdk-15.0.1\bin;C:\Users\Administrator\AppData\Local\Microsoft\WindowsApps;;E:\program files\Fiddler
USERNAME=Administrator
OS=Windows_NT
PROCESSOR_IDENTIFIER=Intel64 Family 6 Model 44 Stepping 2, GenuineIntel



---------------  S Y S T E M  ---------------

OS: Windows 10.0 , 64 bit Build 19041 (10.0.19041.928)

CPU:total 12 (initial active 12) (6 cores per cpu, 2 threads per core) family 6 model 44 stepping 2, cmov, cx8, fxsr, mmx, sse, sse2, sse3, ssse3, sse4.1, sse4.2, popcnt, aes, clmul, ht, tsc, tscinvbit, tscinv

Memory: 4k page, physical 16768240k(9146020k free), swap 29875692k(5816k free)

vm_info: OpenJDK 64-Bit Server VM (25.202-b03) for windows-amd64 JRE (1.8.0_202-release-1483-b03), built by "builder" with MS VC++ 10.0 (VS2010)

time: Tue May 11 21:17:04 2021
timezone: 中国标准时间
elapsed time: 279 seconds (0d 0h 4m 39s)

